CRITICAL - 2022-08-15 10:20:49 --> Undefined variable: barmasuk
#0 D:\xampp\InventarisPIKA\app\Views\templates\index.php(250): CodeIgniter\Debug\Exceptions->errorHandler(8, 'Undefined varia...', 'D:\\xampp\\Invent...', 250, Array)
#1 D:\xampp\InventarisPIKA\vendor\codeigniter4\framework\system\View\View.php(210): include('D:\\xampp\\Invent...')
#2 D:\xampp\InventarisPIKA\vendor\codeigniter4\framework\system\View\View.php(213): CodeIgniter\View\View->CodeIgniter\View\{closure}()
#3 D:\xampp\InventarisPIKA\vendor\codeigniter4\framework\system\Common.php(1089): CodeIgniter\View\View->render('templates/index', Array, true)
#4 D:\xampp\InventarisPIKA\app\Controllers\Login.php(13): view('templates/index')
#5 D:\xampp\InventarisPIKA\vendor\codeigniter4\framework\system\CodeIgniter.php(825): App\Controllers\Login->index()
#6 D:\xampp\InventarisPIKA\vendor\codeigniter4\framework\system\CodeIgniter.php(412): CodeIgniter\CodeIgniter->runController(Object(App\Controllers\Login))
#7 D:\xampp\InventarisPIKA\vendor\codeigniter4\framework\system\CodeIgniter.php(320): CodeIgniter\CodeIgniter->handleRequest(NULL, Object(Config\Cache), false)
#8 D:\xampp\InventarisPIKA\public\index.php(37): CodeIgniter\CodeIgniter->run()
#9 D:\xampp\InventarisPIKA\vendor\codeigniter4\framework\system\Commands\Server\rewrite.php(43): require_once('D:\\xampp\\Invent...')
#10 {main}
CRITICAL - 2022-08-15 10:21:52 --> Undefined variable: barmasuk
#0 D:\xampp\InventarisPIKA\app\Views\templates\index.php(250): CodeIgniter\Debug\Exceptions->errorHandler(8, 'Undefined varia...', 'D:\\xampp\\Invent...', 250, Array)
#1 D:\xampp\InventarisPIKA\vendor\codeigniter4\framework\system\View\View.php(210): include('D:\\xampp\\Invent...')
#2 D:\xampp\InventarisPIKA\vendor\codeigniter4\framework\system\View\View.php(213): CodeIgniter\View\View->CodeIgniter\View\{closure}()
#3 D:\xampp\InventarisPIKA\vendor\codeigniter4\framework\system\Common.php(1089): CodeIgniter\View\View->render('templates/index', Array, true)
#4 D:\xampp\InventarisPIKA\app\Controllers\Login.php(13): view('templates/index')
#5 D:\xampp\InventarisPIKA\vendor\codeigniter4\framework\system\CodeIgniter.php(825): App\Controllers\Login->index()
#6 D:\xampp\InventarisPIKA\vendor\codeigniter4\framework\system\CodeIgniter.php(412): CodeIgniter\CodeIgniter->runController(Object(App\Controllers\Login))
#7 D:\xampp\InventarisPIKA\vendor\codeigniter4\framework\system\CodeIgniter.php(320): CodeIgniter\CodeIgniter->handleRequest(NULL, Object(Config\Cache), false)
#8 D:\xampp\InventarisPIKA\public\index.php(37): CodeIgniter\CodeIgniter->run()
#9 D:\xampp\InventarisPIKA\vendor\codeigniter4\framework\system\Commands\Server\rewrite.php(43): require_once('D:\\xampp\\Invent...')
#10 {main}
CRITICAL - 2022-08-15 10:22:20 --> Undefined variable: barmasuk
#0 D:\xampp\InventarisPIKA\app\Views\templates\index.php(250): CodeIgniter\Debug\Exceptions->errorHandler(8, 'Undefined varia...', 'D:\\xampp\\Invent...', 250, Array)
#1 D:\xampp\InventarisPIKA\vendor\codeigniter4\framework\system\View\View.php(210): include('D:\\xampp\\Invent...')
#2 D:\xampp\InventarisPIKA\vendor\codeigniter4\framework\system\View\View.php(213): CodeIgniter\View\View->CodeIgniter\View\{closure}()
#3 D:\xampp\InventarisPIKA\vendor\codeigniter4\framework\system\Common.php(1089): CodeIgniter\View\View->render('templates/index', Array, true)
#4 D:\xampp\InventarisPIKA\app\Controllers\Login.php(13): view('templates/index')
#5 D:\xampp\InventarisPIKA\vendor\codeigniter4\framework\system\CodeIgniter.php(825): App\Controllers\Login->index()
#6 D:\xampp\InventarisPIKA\vendor\codeigniter4\framework\system\CodeIgniter.php(412): CodeIgniter\CodeIgniter->runController(Object(App\Controllers\Login))
#7 D:\xampp\InventarisPIKA\vendor\codeigniter4\framework\system\CodeIgniter.php(320): CodeIgniter\CodeIgniter->handleRequest(NULL, Object(Config\Cache), false)
#8 D:\xampp\InventarisPIKA\public\index.php(37): CodeIgniter\CodeIgniter->run()
#9 D:\xampp\InventarisPIKA\vendor\codeigniter4\framework\system\Commands\Server\rewrite.php(43): require_once('D:\\xampp\\Invent...')
#10 {main}
