ERROR - 2022-11-11 09:39:00 --> Error connecting to the database: php_network_getaddresses: getaddrinfo failed: No such host is known. 
CRITICAL - 2022-11-11 09:39:00 --> Unable to connect to the database.
Main connection [MySQLi]: php_network_getaddresses: getaddrinfo failed: No such host is known. 
#0 D:\xampp\InventarisPIKA\vendor\codeigniter4\framework\system\Database\BaseConnection.php(577): CodeIgniter\Database\BaseConnection->initialize()
#1 D:\xampp\InventarisPIKA\vendor\codeigniter4\framework\system\Database\BaseBuilder.php(1455): CodeIgniter\Database\BaseConnection->query()
#2 D:\xampp\InventarisPIKA\app\Controllers\Login.php(50): CodeIgniter\Database\BaseBuilder->get()
#3 D:\xampp\InventarisPIKA\vendor\codeigniter4\framework\system\CodeIgniter.php(825): App\Controllers\Login->cekUser()
#4 D:\xampp\InventarisPIKA\vendor\codeigniter4\framework\system\CodeIgniter.php(412): CodeIgniter\CodeIgniter->runController()
#5 D:\xampp\InventarisPIKA\vendor\codeigniter4\framework\system\CodeIgniter.php(320): CodeIgniter\CodeIgniter->handleRequest()
#6 D:\xampp\InventarisPIKA\public\index.php(37): CodeIgniter\CodeIgniter->run()
#7 D:\xampp\InventarisPIKA\vendor\codeigniter4\framework\system\Commands\Server\rewrite.php(43): require_once('D:\\xampp\\Invent...')
#8 {main}
CRITICAL - 2022-11-11 09:57:35 --> Undefined offset: 0
#0 D:\xampp\InventarisPIKA\app\Views\templates\index.php(286): CodeIgniter\Debug\Exceptions->errorHandler()
#1 D:\xampp\InventarisPIKA\vendor\codeigniter4\framework\system\View\View.php(210): include('D:\\xampp\\Invent...')
#2 D:\xampp\InventarisPIKA\vendor\codeigniter4\framework\system\View\View.php(213): CodeIgniter\View\View->CodeIgniter\View\{closure}()
#3 D:\xampp\InventarisPIKA\vendor\codeigniter4\framework\system\Common.php(1089): CodeIgniter\View\View->render()
#4 D:\xampp\InventarisPIKA\app\Controllers\Home.php(23): view()
#5 D:\xampp\InventarisPIKA\vendor\codeigniter4\framework\system\CodeIgniter.php(825): App\Controllers\Home->index()
#6 D:\xampp\InventarisPIKA\vendor\codeigniter4\framework\system\CodeIgniter.php(412): CodeIgniter\CodeIgniter->runController()
#7 D:\xampp\InventarisPIKA\vendor\codeigniter4\framework\system\CodeIgniter.php(320): CodeIgniter\CodeIgniter->handleRequest()
#8 D:\xampp\InventarisPIKA\public\index.php(37): CodeIgniter\CodeIgniter->run()
#9 D:\xampp\InventarisPIKA\vendor\codeigniter4\framework\system\Commands\Server\rewrite.php(43): require_once('D:\\xampp\\Invent...')
#10 {main}
CRITICAL - 2022-11-11 10:03:38 --> Undefined offset: 0
#0 D:\xampp\InventarisPIKA\app\Views\templates\index.php(371): CodeIgniter\Debug\Exceptions->errorHandler()
#1 D:\xampp\InventarisPIKA\vendor\codeigniter4\framework\system\View\View.php(210): include('D:\\xampp\\Invent...')
#2 D:\xampp\InventarisPIKA\vendor\codeigniter4\framework\system\View\View.php(213): CodeIgniter\View\View->CodeIgniter\View\{closure}()
#3 D:\xampp\InventarisPIKA\vendor\codeigniter4\framework\system\Common.php(1089): CodeIgniter\View\View->render()
#4 D:\xampp\InventarisPIKA\app\Controllers\Home.php(23): view()
#5 D:\xampp\InventarisPIKA\vendor\codeigniter4\framework\system\CodeIgniter.php(825): App\Controllers\Home->index()
#6 D:\xampp\InventarisPIKA\vendor\codeigniter4\framework\system\CodeIgniter.php(412): CodeIgniter\CodeIgniter->runController()
#7 D:\xampp\InventarisPIKA\vendor\codeigniter4\framework\system\CodeIgniter.php(320): CodeIgniter\CodeIgniter->handleRequest()
#8 D:\xampp\InventarisPIKA\public\index.php(37): CodeIgniter\CodeIgniter->run()
#9 D:\xampp\InventarisPIKA\vendor\codeigniter4\framework\system\Commands\Server\rewrite.php(43): require_once('D:\\xampp\\Invent...')
#10 {main}
CRITICAL - 2022-11-11 10:03:44 --> Undefined offset: 0
#0 D:\xampp\InventarisPIKA\app\Views\templates\index.php(371): CodeIgniter\Debug\Exceptions->errorHandler()
#1 D:\xampp\InventarisPIKA\vendor\codeigniter4\framework\system\View\View.php(210): include('D:\\xampp\\Invent...')
#2 D:\xampp\InventarisPIKA\vendor\codeigniter4\framework\system\View\View.php(213): CodeIgniter\View\View->CodeIgniter\View\{closure}()
#3 D:\xampp\InventarisPIKA\vendor\codeigniter4\framework\system\Common.php(1089): CodeIgniter\View\View->render()
#4 D:\xampp\InventarisPIKA\app\Controllers\Home.php(23): view()
#5 D:\xampp\InventarisPIKA\vendor\codeigniter4\framework\system\CodeIgniter.php(825): App\Controllers\Home->index()
#6 D:\xampp\InventarisPIKA\vendor\codeigniter4\framework\system\CodeIgniter.php(412): CodeIgniter\CodeIgniter->runController()
#7 D:\xampp\InventarisPIKA\vendor\codeigniter4\framework\system\CodeIgniter.php(320): CodeIgniter\CodeIgniter->handleRequest()
#8 D:\xampp\InventarisPIKA\public\index.php(37): CodeIgniter\CodeIgniter->run()
#9 D:\xampp\InventarisPIKA\vendor\codeigniter4\framework\system\Commands\Server\rewrite.php(43): require_once('D:\\xampp\\Invent...')
#10 {main}
CRITICAL - 2022-11-11 10:03:48 --> Undefined offset: 0
#0 D:\xampp\InventarisPIKA\app\Views\templates\index.php(371): CodeIgniter\Debug\Exceptions->errorHandler()
#1 D:\xampp\InventarisPIKA\vendor\codeigniter4\framework\system\View\View.php(210): include('D:\\xampp\\Invent...')
#2 D:\xampp\InventarisPIKA\vendor\codeigniter4\framework\system\View\View.php(213): CodeIgniter\View\View->CodeIgniter\View\{closure}()
#3 D:\xampp\InventarisPIKA\vendor\codeigniter4\framework\system\Common.php(1089): CodeIgniter\View\View->render()
#4 D:\xampp\InventarisPIKA\app\Controllers\Home.php(23): view()
#5 D:\xampp\InventarisPIKA\vendor\codeigniter4\framework\system\CodeIgniter.php(825): App\Controllers\Home->index()
#6 D:\xampp\InventarisPIKA\vendor\codeigniter4\framework\system\CodeIgniter.php(412): CodeIgniter\CodeIgniter->runController()
#7 D:\xampp\InventarisPIKA\vendor\codeigniter4\framework\system\CodeIgniter.php(320): CodeIgniter\CodeIgniter->handleRequest()
#8 D:\xampp\InventarisPIKA\public\index.php(37): CodeIgniter\CodeIgniter->run()
#9 D:\xampp\InventarisPIKA\vendor\codeigniter4\framework\system\Commands\Server\rewrite.php(43): require_once('D:\\xampp\\Invent...')
#10 {main}
CRITICAL - 2022-11-11 10:03:58 --> Undefined offset: 0
#0 D:\xampp\InventarisPIKA\app\Views\templates\index.php(371): CodeIgniter\Debug\Exceptions->errorHandler()
#1 D:\xampp\InventarisPIKA\vendor\codeigniter4\framework\system\View\View.php(210): include('D:\\xampp\\Invent...')
#2 D:\xampp\InventarisPIKA\vendor\codeigniter4\framework\system\View\View.php(213): CodeIgniter\View\View->CodeIgniter\View\{closure}()
#3 D:\xampp\InventarisPIKA\vendor\codeigniter4\framework\system\Common.php(1089): CodeIgniter\View\View->render()
#4 D:\xampp\InventarisPIKA\app\Controllers\Home.php(23): view()
#5 D:\xampp\InventarisPIKA\vendor\codeigniter4\framework\system\CodeIgniter.php(825): App\Controllers\Home->index()
#6 D:\xampp\InventarisPIKA\vendor\codeigniter4\framework\system\CodeIgniter.php(412): CodeIgniter\CodeIgniter->runController()
#7 D:\xampp\InventarisPIKA\vendor\codeigniter4\framework\system\CodeIgniter.php(320): CodeIgniter\CodeIgniter->handleRequest()
#8 D:\xampp\InventarisPIKA\public\index.php(37): CodeIgniter\CodeIgniter->run()
#9 D:\xampp\InventarisPIKA\vendor\codeigniter4\framework\system\Commands\Server\rewrite.php(43): require_once('D:\\xampp\\Invent...')
#10 {main}
