CRITICAL - 2022-02-15 19:28:19 --> Invalid file: layouts/components/sidebar.php
#0 D:\xampp\htdocs\InventarisPIKA\system\View\View.php(198): CodeIgniter\Exceptions\FrameworkException::forInvalidFile('layouts/compone...')
#1 D:\xampp\htdocs\InventarisPIKA\system\View\View.php(424): CodeIgniter\View\View->render('layouts/compone...', NULL, true)
#2 D:\xampp\htdocs\InventarisPIKA\app\Views\layouts\admin.php(24): CodeIgniter\View\View->include('layouts/compone...')
#3 D:\xampp\htdocs\InventarisPIKA\system\View\View.php(210): include('D:\\xampp\\htdocs...')
#4 D:\xampp\htdocs\InventarisPIKA\system\View\View.php(213): CodeIgniter\View\View->CodeIgniter\View\{closure}()
#5 D:\xampp\htdocs\InventarisPIKA\system\View\View.php(226): CodeIgniter\View\View->render('layouts/admin', Array, true)
#6 D:\xampp\htdocs\InventarisPIKA\system\Common.php(1089): CodeIgniter\View\View->render('dashboard', Array, true)
#7 D:\xampp\htdocs\InventarisPIKA\app\Controllers\Home.php(9): view('dashboard')
#8 D:\xampp\htdocs\InventarisPIKA\system\CodeIgniter.php(825): App\Controllers\Home->index()
#9 D:\xampp\htdocs\InventarisPIKA\system\CodeIgniter.php(412): CodeIgniter\CodeIgniter->runController(Object(App\Controllers\Home))
#10 D:\xampp\htdocs\InventarisPIKA\system\CodeIgniter.php(320): CodeIgniter\CodeIgniter->handleRequest(NULL, Object(Config\Cache), false)
#11 D:\xampp\htdocs\InventarisPIKA\public\index.php(37): CodeIgniter\CodeIgniter->run()
#12 D:\xampp\htdocs\InventarisPIKA\system\Commands\Server\rewrite.php(43): require_once('D:\\xampp\\htdocs...')
#13 {main}
CRITICAL - 2022-02-15 19:28:22 --> Invalid file: layouts/components/sidebar.php
#0 D:\xampp\htdocs\InventarisPIKA\system\View\View.php(198): CodeIgniter\Exceptions\FrameworkException::forInvalidFile('layouts/compone...')
#1 D:\xampp\htdocs\InventarisPIKA\system\View\View.php(424): CodeIgniter\View\View->render('layouts/compone...', NULL, true)
#2 D:\xampp\htdocs\InventarisPIKA\app\Views\layouts\admin.php(24): CodeIgniter\View\View->include('layouts/compone...')
#3 D:\xampp\htdocs\InventarisPIKA\system\View\View.php(210): include('D:\\xampp\\htdocs...')
#4 D:\xampp\htdocs\InventarisPIKA\system\View\View.php(213): CodeIgniter\View\View->CodeIgniter\View\{closure}()
#5 D:\xampp\htdocs\InventarisPIKA\system\View\View.php(226): CodeIgniter\View\View->render('layouts/admin', Array, true)
#6 D:\xampp\htdocs\InventarisPIKA\system\Common.php(1089): CodeIgniter\View\View->render('dashboard', Array, true)
#7 D:\xampp\htdocs\InventarisPIKA\app\Controllers\Home.php(9): view('dashboard')
#8 D:\xampp\htdocs\InventarisPIKA\system\CodeIgniter.php(825): App\Controllers\Home->index()
#9 D:\xampp\htdocs\InventarisPIKA\system\CodeIgniter.php(412): CodeIgniter\CodeIgniter->runController(Object(App\Controllers\Home))
#10 D:\xampp\htdocs\InventarisPIKA\system\CodeIgniter.php(320): CodeIgniter\CodeIgniter->handleRequest(NULL, Object(Config\Cache), false)
#11 D:\xampp\htdocs\InventarisPIKA\public\index.php(37): CodeIgniter\CodeIgniter->run()
#12 D:\xampp\htdocs\InventarisPIKA\system\Commands\Server\rewrite.php(43): require_once('D:\\xampp\\htdocs...')
#13 {main}
CRITICAL - 2022-02-15 19:28:48 --> Invalid file: layouts/components/sidebar.php
#0 D:\xampp\htdocs\InventarisPIKA\system\View\View.php(198): CodeIgniter\Exceptions\FrameworkException::forInvalidFile('layouts/compone...')
#1 D:\xampp\htdocs\InventarisPIKA\system\View\View.php(424): CodeIgniter\View\View->render('layouts/compone...', NULL, true)
#2 D:\xampp\htdocs\InventarisPIKA\app\Views\layouts\admin.php(24): CodeIgniter\View\View->include('layouts/compone...')
#3 D:\xampp\htdocs\InventarisPIKA\system\View\View.php(210): include('D:\\xampp\\htdocs...')
#4 D:\xampp\htdocs\InventarisPIKA\system\View\View.php(213): CodeIgniter\View\View->CodeIgniter\View\{closure}()
#5 D:\xampp\htdocs\InventarisPIKA\system\View\View.php(226): CodeIgniter\View\View->render('layouts/admin', Array, true)
#6 D:\xampp\htdocs\InventarisPIKA\system\Common.php(1089): CodeIgniter\View\View->render('dashboard.php', Array, true)
#7 D:\xampp\htdocs\InventarisPIKA\app\Controllers\Home.php(9): view('dashboard.php')
#8 D:\xampp\htdocs\InventarisPIKA\system\CodeIgniter.php(825): App\Controllers\Home->index()
#9 D:\xampp\htdocs\InventarisPIKA\system\CodeIgniter.php(412): CodeIgniter\CodeIgniter->runController(Object(App\Controllers\Home))
#10 D:\xampp\htdocs\InventarisPIKA\system\CodeIgniter.php(320): CodeIgniter\CodeIgniter->handleRequest(NULL, Object(Config\Cache), false)
#11 D:\xampp\htdocs\InventarisPIKA\public\index.php(37): CodeIgniter\CodeIgniter->run()
#12 D:\xampp\htdocs\InventarisPIKA\system\Commands\Server\rewrite.php(43): require_once('D:\\xampp\\htdocs...')
#13 {main}
CRITICAL - 2022-02-15 19:28:49 --> Invalid file: layouts/components/sidebar.php
#0 D:\xampp\htdocs\InventarisPIKA\system\View\View.php(198): CodeIgniter\Exceptions\FrameworkException::forInvalidFile('layouts/compone...')
#1 D:\xampp\htdocs\InventarisPIKA\system\View\View.php(424): CodeIgniter\View\View->render('layouts/compone...', NULL, true)
#2 D:\xampp\htdocs\InventarisPIKA\app\Views\layouts\admin.php(24): CodeIgniter\View\View->include('layouts/compone...')
#3 D:\xampp\htdocs\InventarisPIKA\system\View\View.php(210): include('D:\\xampp\\htdocs...')
#4 D:\xampp\htdocs\InventarisPIKA\system\View\View.php(213): CodeIgniter\View\View->CodeIgniter\View\{closure}()
#5 D:\xampp\htdocs\InventarisPIKA\system\View\View.php(226): CodeIgniter\View\View->render('layouts/admin', Array, true)
#6 D:\xampp\htdocs\InventarisPIKA\system\Common.php(1089): CodeIgniter\View\View->render('dashboard.php', Array, true)
#7 D:\xampp\htdocs\InventarisPIKA\app\Controllers\Home.php(9): view('dashboard.php')
#8 D:\xampp\htdocs\InventarisPIKA\system\CodeIgniter.php(825): App\Controllers\Home->index()
#9 D:\xampp\htdocs\InventarisPIKA\system\CodeIgniter.php(412): CodeIgniter\CodeIgniter->runController(Object(App\Controllers\Home))
#10 D:\xampp\htdocs\InventarisPIKA\system\CodeIgniter.php(320): CodeIgniter\CodeIgniter->handleRequest(NULL, Object(Config\Cache), false)
#11 D:\xampp\htdocs\InventarisPIKA\public\index.php(37): CodeIgniter\CodeIgniter->run()
#12 D:\xampp\htdocs\InventarisPIKA\system\Commands\Server\rewrite.php(43): require_once('D:\\xampp\\htdocs...')
#13 {main}
CRITICAL - 2022-02-15 19:28:50 --> Invalid file: layouts/components/sidebar.php
#0 D:\xampp\htdocs\InventarisPIKA\system\View\View.php(198): CodeIgniter\Exceptions\FrameworkException::forInvalidFile('layouts/compone...')
#1 D:\xampp\htdocs\InventarisPIKA\system\View\View.php(424): CodeIgniter\View\View->render('layouts/compone...', NULL, true)
#2 D:\xampp\htdocs\InventarisPIKA\app\Views\layouts\admin.php(24): CodeIgniter\View\View->include('layouts/compone...')
#3 D:\xampp\htdocs\InventarisPIKA\system\View\View.php(210): include('D:\\xampp\\htdocs...')
#4 D:\xampp\htdocs\InventarisPIKA\system\View\View.php(213): CodeIgniter\View\View->CodeIgniter\View\{closure}()
#5 D:\xampp\htdocs\InventarisPIKA\system\View\View.php(226): CodeIgniter\View\View->render('layouts/admin', Array, true)
#6 D:\xampp\htdocs\InventarisPIKA\system\Common.php(1089): CodeIgniter\View\View->render('dashboard.php', Array, true)
#7 D:\xampp\htdocs\InventarisPIKA\app\Controllers\Home.php(9): view('dashboard.php')
#8 D:\xampp\htdocs\InventarisPIKA\system\CodeIgniter.php(825): App\Controllers\Home->index()
#9 D:\xampp\htdocs\InventarisPIKA\system\CodeIgniter.php(412): CodeIgniter\CodeIgniter->runController(Object(App\Controllers\Home))
#10 D:\xampp\htdocs\InventarisPIKA\system\CodeIgniter.php(320): CodeIgniter\CodeIgniter->handleRequest(NULL, Object(Config\Cache), false)
#11 D:\xampp\htdocs\InventarisPIKA\public\index.php(37): CodeIgniter\CodeIgniter->run()
#12 D:\xampp\htdocs\InventarisPIKA\system\Commands\Server\rewrite.php(43): require_once('D:\\xampp\\htdocs...')
#13 {main}
