ERROR - 2022-12-18 00:09:55 --> Error connecting to the database: Access denied for user ''@'localhost' (using password: NO)
CRITICAL - 2022-12-18 00:09:55 --> Unable to connect to the database.
Main connection [MySQLi]: Access denied for user ''@'localhost' (using password: NO)
#0 C:\xampp\htdocs\InventarisPIKA\vendor\codeigniter4\framework\system\Database\BaseConnection.php(577): CodeIgniter\Database\BaseConnection->initialize()
#1 C:\xampp\htdocs\InventarisPIKA\vendor\codeigniter4\framework\system\Database\BaseBuilder.php(1455): CodeIgniter\Database\BaseConnection->query('SELECT `id_user...', Array, false)
#2 C:\xampp\htdocs\InventarisPIKA\app\Controllers\Login.php(50): CodeIgniter\Database\BaseBuilder->get()
#3 C:\xampp\htdocs\InventarisPIKA\vendor\codeigniter4\framework\system\CodeIgniter.php(825): App\Controllers\Login->cekUser()
#4 C:\xampp\htdocs\InventarisPIKA\vendor\codeigniter4\framework\system\CodeIgniter.php(412): CodeIgniter\CodeIgniter->runController(Object(App\Controllers\Login))
#5 C:\xampp\htdocs\InventarisPIKA\vendor\codeigniter4\framework\system\CodeIgniter.php(320): CodeIgniter\CodeIgniter->handleRequest(NULL, Object(Config\Cache), false)
#6 C:\xampp\htdocs\InventarisPIKA\public\index.php(37): CodeIgniter\CodeIgniter->run()
#7 C:\xampp\htdocs\InventarisPIKA\vendor\codeigniter4\framework\system\Commands\Server\rewrite.php(43): require_once('C:\\xampp\\htdocs...')
#8 {main}
ERROR - 2022-12-18 00:10:46 --> Error connecting to the database: Access denied for user ''@'localhost' (using password: NO)
CRITICAL - 2022-12-18 00:10:46 --> Unable to connect to the database.
Main connection [MySQLi]: Access denied for user ''@'localhost' (using password: NO)
#0 C:\xampp\htdocs\InventarisPIKA\vendor\codeigniter4\framework\system\Database\BaseConnection.php(577): CodeIgniter\Database\BaseConnection->initialize()
#1 C:\xampp\htdocs\InventarisPIKA\vendor\codeigniter4\framework\system\Database\BaseBuilder.php(1455): CodeIgniter\Database\BaseConnection->query('SELECT `id_user...', Array, false)
#2 C:\xampp\htdocs\InventarisPIKA\app\Controllers\Login.php(50): CodeIgniter\Database\BaseBuilder->get()
#3 C:\xampp\htdocs\InventarisPIKA\vendor\codeigniter4\framework\system\CodeIgniter.php(825): App\Controllers\Login->cekUser()
#4 C:\xampp\htdocs\InventarisPIKA\vendor\codeigniter4\framework\system\CodeIgniter.php(412): CodeIgniter\CodeIgniter->runController(Object(App\Controllers\Login))
#5 C:\xampp\htdocs\InventarisPIKA\vendor\codeigniter4\framework\system\CodeIgniter.php(320): CodeIgniter\CodeIgniter->handleRequest(NULL, Object(Config\Cache), false)
#6 C:\xampp\htdocs\InventarisPIKA\public\index.php(37): CodeIgniter\CodeIgniter->run()
#7 C:\xampp\htdocs\InventarisPIKA\vendor\codeigniter4\framework\system\Commands\Server\rewrite.php(43): require_once('C:\\xampp\\htdocs...')
#8 {main}
CRITICAL - 2022-12-18 01:17:40 --> syntax error, unexpected ';', expecting ')'
#0 C:\xampp\htdocs\InventarisPIKA\vendor\codeigniter4\framework\system\Autoloader\Autoloader.php(241): CodeIgniter\Autoloader\Autoloader->includeFile('C:\\xampp\\htdocs...')
#1 C:\xampp\htdocs\InventarisPIKA\vendor\codeigniter4\framework\system\Autoloader\Autoloader.php(219): CodeIgniter\Autoloader\Autoloader->loadInNamespace('App\\Controllers...')
#2 [internal function]: CodeIgniter\Autoloader\Autoloader->loadClass('App\\Controllers...')
#3 [internal function]: spl_autoload_call('App\\Controllers...')
#4 C:\xampp\htdocs\InventarisPIKA\vendor\codeigniter4\framework\system\CodeIgniter.php(790): class_exists('\\App\\Controller...', true)
#5 C:\xampp\htdocs\InventarisPIKA\vendor\codeigniter4\framework\system\CodeIgniter.php(399): CodeIgniter\CodeIgniter->startController()
#6 C:\xampp\htdocs\InventarisPIKA\vendor\codeigniter4\framework\system\CodeIgniter.php(320): CodeIgniter\CodeIgniter->handleRequest(NULL, Object(Config\Cache), false)
#7 C:\xampp\htdocs\InventarisPIKA\public\index.php(37): CodeIgniter\CodeIgniter->run()
#8 C:\xampp\htdocs\InventarisPIKA\vendor\codeigniter4\framework\system\Commands\Server\rewrite.php(43): require_once('C:\\xampp\\htdocs...')
#9 {main}
CRITICAL - 2022-12-18 01:19:59 --> Undefined offset: 0
#0 C:\xampp\htdocs\InventarisPIKA\app\Controllers\Login.php(69): CodeIgniter\Debug\Exceptions->errorHandler(8, 'Undefined offse...', 'C:\\xampp\\htdocs...', 69, Array)
#1 C:\xampp\htdocs\InventarisPIKA\vendor\codeigniter4\framework\system\CodeIgniter.php(825): App\Controllers\Login->cekUser()
#2 C:\xampp\htdocs\InventarisPIKA\vendor\codeigniter4\framework\system\CodeIgniter.php(412): CodeIgniter\CodeIgniter->runController(Object(App\Controllers\Login))
#3 C:\xampp\htdocs\InventarisPIKA\vendor\codeigniter4\framework\system\CodeIgniter.php(320): CodeIgniter\CodeIgniter->handleRequest(NULL, Object(Config\Cache), false)
#4 C:\xampp\htdocs\InventarisPIKA\public\index.php(37): CodeIgniter\CodeIgniter->run()
#5 C:\xampp\htdocs\InventarisPIKA\vendor\codeigniter4\framework\system\Commands\Server\rewrite.php(43): require_once('C:\\xampp\\htdocs...')
#6 {main}
CRITICAL - 2022-12-18 13:12:12 --> Undefined variable: barmasuk
#0 C:\xampp\htdocs\InventarisPIKA\app\Views\templates\index.php(250): CodeIgniter\Debug\Exceptions->errorHandler(8, 'Undefined varia...', 'C:\\xampp\\htdocs...', 250, Array)
#1 C:\xampp\htdocs\InventarisPIKA\vendor\codeigniter4\framework\system\View\View.php(210): include('C:\\xampp\\htdocs...')
#2 C:\xampp\htdocs\InventarisPIKA\vendor\codeigniter4\framework\system\View\View.php(213): CodeIgniter\View\View->CodeIgniter\View\{closure}()
#3 C:\xampp\htdocs\InventarisPIKA\vendor\codeigniter4\framework\system\Common.php(1089): CodeIgniter\View\View->render('templates/index', Array, true)
#4 C:\xampp\htdocs\InventarisPIKA\app\Controllers\AkunStaff.php(24): view('templates/index')
#5 C:\xampp\htdocs\InventarisPIKA\vendor\codeigniter4\framework\system\CodeIgniter.php(825): App\Controllers\AkunStaff->index()
#6 C:\xampp\htdocs\InventarisPIKA\vendor\codeigniter4\framework\system\CodeIgniter.php(412): CodeIgniter\CodeIgniter->runController(Object(App\Controllers\AkunStaff))
#7 C:\xampp\htdocs\InventarisPIKA\vendor\codeigniter4\framework\system\CodeIgniter.php(320): CodeIgniter\CodeIgniter->handleRequest(NULL, Object(Config\Cache), false)
#8 C:\xampp\htdocs\InventarisPIKA\public\index.php(37): CodeIgniter\CodeIgniter->run()
#9 C:\xampp\htdocs\InventarisPIKA\vendor\codeigniter4\framework\system\Commands\Server\rewrite.php(43): require_once('C:\\xampp\\htdocs...')
#10 {main}
