CRITICAL - 2022-03-12 22:11:32 --> Undefined variable: staff
#0 D:\xampp\InventarisPIKA\app\Views\templates\edit-akun-staff.php(75): CodeIgniter\Debug\Exceptions->errorHandler(8, 'Undefined varia...', 'D:\\xampp\\Invent...', 75, Array)
#1 D:\xampp\InventarisPIKA\vendor\codeigniter4\framework\system\View\View.php(210): include('D:\\xampp\\Invent...')
#2 D:\xampp\InventarisPIKA\vendor\codeigniter4\framework\system\View\View.php(213): CodeIgniter\View\View->CodeIgniter\View\{closure}()
#3 D:\xampp\InventarisPIKA\vendor\codeigniter4\framework\system\Common.php(1089): CodeIgniter\View\View->render('templates/edit-...', Array, true)
#4 D:\xampp\InventarisPIKA\app\Controllers\AkunStaff.php(36): view('templates/edit-...')
#5 D:\xampp\InventarisPIKA\vendor\codeigniter4\framework\system\CodeIgniter.php(825): App\Controllers\AkunStaff->edit()
#6 D:\xampp\InventarisPIKA\vendor\codeigniter4\framework\system\CodeIgniter.php(412): CodeIgniter\CodeIgniter->runController(Object(App\Controllers\AkunStaff))
#7 D:\xampp\InventarisPIKA\vendor\codeigniter4\framework\system\CodeIgniter.php(320): CodeIgniter\CodeIgniter->handleRequest(NULL, Object(Config\Cache), false)
#8 D:\xampp\InventarisPIKA\public\index.php(37): CodeIgniter\CodeIgniter->run()
#9 D:\xampp\InventarisPIKA\vendor\codeigniter4\framework\system\Commands\Server\rewrite.php(43): require_once('D:\\xampp\\Invent...')
#10 {main}
CRITICAL - 2022-03-12 22:11:50 --> Undefined variable: rowstaff
#0 D:\xampp\InventarisPIKA\app\Views\templates\edit-akun-staff.php(75): CodeIgniter\Debug\Exceptions->errorHandler(8, 'Undefined varia...', 'D:\\xampp\\Invent...', 75, Array)
#1 D:\xampp\InventarisPIKA\vendor\codeigniter4\framework\system\View\View.php(210): include('D:\\xampp\\Invent...')
#2 D:\xampp\InventarisPIKA\vendor\codeigniter4\framework\system\View\View.php(213): CodeIgniter\View\View->CodeIgniter\View\{closure}()
#3 D:\xampp\InventarisPIKA\vendor\codeigniter4\framework\system\Common.php(1089): CodeIgniter\View\View->render('templates/edit-...', Array, true)
#4 D:\xampp\InventarisPIKA\app\Controllers\AkunStaff.php(36): view('templates/edit-...')
#5 D:\xampp\InventarisPIKA\vendor\codeigniter4\framework\system\CodeIgniter.php(825): App\Controllers\AkunStaff->edit()
#6 D:\xampp\InventarisPIKA\vendor\codeigniter4\framework\system\CodeIgniter.php(412): CodeIgniter\CodeIgniter->runController(Object(App\Controllers\AkunStaff))
#7 D:\xampp\InventarisPIKA\vendor\codeigniter4\framework\system\CodeIgniter.php(320): CodeIgniter\CodeIgniter->handleRequest(NULL, Object(Config\Cache), false)
#8 D:\xampp\InventarisPIKA\public\index.php(37): CodeIgniter\CodeIgniter->run()
#9 D:\xampp\InventarisPIKA\vendor\codeigniter4\framework\system\Commands\Server\rewrite.php(43): require_once('D:\\xampp\\Invent...')
#10 {main}
CRITICAL - 2022-03-12 22:13:41 --> Undefined variable: staff
#0 D:\xampp\InventarisPIKA\app\Views\templates\edit-akun-staff.php(75): CodeIgniter\Debug\Exceptions->errorHandler(8, 'Undefined varia...', 'D:\\xampp\\Invent...', 75, Array)
#1 D:\xampp\InventarisPIKA\vendor\codeigniter4\framework\system\View\View.php(210): include('D:\\xampp\\Invent...')
#2 D:\xampp\InventarisPIKA\vendor\codeigniter4\framework\system\View\View.php(213): CodeIgniter\View\View->CodeIgniter\View\{closure}()
#3 D:\xampp\InventarisPIKA\vendor\codeigniter4\framework\system\Common.php(1089): CodeIgniter\View\View->render('templates/edit-...', Array, true)
#4 D:\xampp\InventarisPIKA\app\Controllers\AkunStaff.php(36): view('templates/edit-...')
#5 D:\xampp\InventarisPIKA\vendor\codeigniter4\framework\system\CodeIgniter.php(825): App\Controllers\AkunStaff->edit()
#6 D:\xampp\InventarisPIKA\vendor\codeigniter4\framework\system\CodeIgniter.php(412): CodeIgniter\CodeIgniter->runController(Object(App\Controllers\AkunStaff))
#7 D:\xampp\InventarisPIKA\vendor\codeigniter4\framework\system\CodeIgniter.php(320): CodeIgniter\CodeIgniter->handleRequest(NULL, Object(Config\Cache), false)
#8 D:\xampp\InventarisPIKA\public\index.php(37): CodeIgniter\CodeIgniter->run()
#9 D:\xampp\InventarisPIKA\vendor\codeigniter4\framework\system\Commands\Server\rewrite.php(43): require_once('D:\\xampp\\Invent...')
#10 {main}
CRITICAL - 2022-03-12 22:17:21 --> Undefined variable: staff
#0 D:\xampp\InventarisPIKA\app\Views\templates\edit-akun-staff.php(75): CodeIgniter\Debug\Exceptions->errorHandler(8, 'Undefined varia...', 'D:\\xampp\\Invent...', 75, Array)
#1 D:\xampp\InventarisPIKA\vendor\codeigniter4\framework\system\View\View.php(210): include('D:\\xampp\\Invent...')
#2 D:\xampp\InventarisPIKA\vendor\codeigniter4\framework\system\View\View.php(213): CodeIgniter\View\View->CodeIgniter\View\{closure}()
#3 D:\xampp\InventarisPIKA\vendor\codeigniter4\framework\system\Common.php(1089): CodeIgniter\View\View->render('templates/edit-...', Array, true)
#4 D:\xampp\InventarisPIKA\app\Controllers\AkunStaff.php(36): view('templates/edit-...')
#5 D:\xampp\InventarisPIKA\vendor\codeigniter4\framework\system\CodeIgniter.php(825): App\Controllers\AkunStaff->edit()
#6 D:\xampp\InventarisPIKA\vendor\codeigniter4\framework\system\CodeIgniter.php(412): CodeIgniter\CodeIgniter->runController(Object(App\Controllers\AkunStaff))
#7 D:\xampp\InventarisPIKA\vendor\codeigniter4\framework\system\CodeIgniter.php(320): CodeIgniter\CodeIgniter->handleRequest(NULL, Object(Config\Cache), false)
#8 D:\xampp\InventarisPIKA\public\index.php(37): CodeIgniter\CodeIgniter->run()
#9 D:\xampp\InventarisPIKA\vendor\codeigniter4\framework\system\Commands\Server\rewrite.php(43): require_once('D:\\xampp\\Invent...')
#10 {main}
CRITICAL - 2022-03-12 22:17:44 --> Undefined variable: staff
#0 D:\xampp\InventarisPIKA\app\Views\templates\edit-akun-staff.php(75): CodeIgniter\Debug\Exceptions->errorHandler(8, 'Undefined varia...', 'D:\\xampp\\Invent...', 75, Array)
#1 D:\xampp\InventarisPIKA\vendor\codeigniter4\framework\system\View\View.php(210): include('D:\\xampp\\Invent...')
#2 D:\xampp\InventarisPIKA\vendor\codeigniter4\framework\system\View\View.php(213): CodeIgniter\View\View->CodeIgniter\View\{closure}()
#3 D:\xampp\InventarisPIKA\vendor\codeigniter4\framework\system\Common.php(1089): CodeIgniter\View\View->render('templates/edit-...', Array, true)
#4 D:\xampp\InventarisPIKA\app\Controllers\AkunStaff.php(36): view('templates/edit-...')
#5 D:\xampp\InventarisPIKA\vendor\codeigniter4\framework\system\CodeIgniter.php(825): App\Controllers\AkunStaff->edit()
#6 D:\xampp\InventarisPIKA\vendor\codeigniter4\framework\system\CodeIgniter.php(412): CodeIgniter\CodeIgniter->runController(Object(App\Controllers\AkunStaff))
#7 D:\xampp\InventarisPIKA\vendor\codeigniter4\framework\system\CodeIgniter.php(320): CodeIgniter\CodeIgniter->handleRequest(NULL, Object(Config\Cache), false)
#8 D:\xampp\InventarisPIKA\public\index.php(37): CodeIgniter\CodeIgniter->run()
#9 D:\xampp\InventarisPIKA\vendor\codeigniter4\framework\system\Commands\Server\rewrite.php(43): require_once('D:\\xampp\\Invent...')
#10 {main}
CRITICAL - 2022-03-12 22:19:22 --> Undefined variable: staff
#0 D:\xampp\InventarisPIKA\app\Views\templates\edit-akun-staff.php(75): CodeIgniter\Debug\Exceptions->errorHandler(8, 'Undefined varia...', 'D:\\xampp\\Invent...', 75, Array)
#1 D:\xampp\InventarisPIKA\vendor\codeigniter4\framework\system\View\View.php(210): include('D:\\xampp\\Invent...')
#2 D:\xampp\InventarisPIKA\vendor\codeigniter4\framework\system\View\View.php(213): CodeIgniter\View\View->CodeIgniter\View\{closure}()
#3 D:\xampp\InventarisPIKA\vendor\codeigniter4\framework\system\Common.php(1089): CodeIgniter\View\View->render('templates/edit-...', Array, true)
#4 D:\xampp\InventarisPIKA\app\Controllers\AkunStaff.php(37): view('templates/edit-...')
#5 D:\xampp\InventarisPIKA\vendor\codeigniter4\framework\system\CodeIgniter.php(825): App\Controllers\AkunStaff->edit()
#6 D:\xampp\InventarisPIKA\vendor\codeigniter4\framework\system\CodeIgniter.php(412): CodeIgniter\CodeIgniter->runController(Object(App\Controllers\AkunStaff))
#7 D:\xampp\InventarisPIKA\vendor\codeigniter4\framework\system\CodeIgniter.php(320): CodeIgniter\CodeIgniter->handleRequest(NULL, Object(Config\Cache), false)
#8 D:\xampp\InventarisPIKA\public\index.php(37): CodeIgniter\CodeIgniter->run()
#9 D:\xampp\InventarisPIKA\vendor\codeigniter4\framework\system\Commands\Server\rewrite.php(43): require_once('D:\\xampp\\Invent...')
#10 {main}
