ERROR - 2022-03-10 07:31:53 --> Error connecting to the database: No connection could be made because the target machine actively refused it.

CRITICAL - 2022-03-10 07:31:53 --> Unable to connect to the database.
Main connection [MySQLi]: No connection could be made because the target machine actively refused it.

#0 D:\xampp\InventarisPIKA\vendor\codeigniter4\framework\system\Database\BaseConnection.php(577): CodeIgniter\Database\BaseConnection->initialize()
#1 D:\xampp\InventarisPIKA\vendor\codeigniter4\framework\system\Database\BaseBuilder.php(1455): CodeIgniter\Database\BaseConnection->query('SELECT *\nFROM `...', Array, false)
#2 D:\xampp\InventarisPIKA\vendor\codeigniter4\framework\system\Model.php(183): CodeIgniter\Database\BaseBuilder->get()
#3 D:\xampp\InventarisPIKA\vendor\codeigniter4\framework\system\BaseModel.php(584): CodeIgniter\Model->doFindAll(0, 0)
#4 D:\xampp\InventarisPIKA\app\Controllers\Kategori.php(11): CodeIgniter\BaseModel->findAll()
#5 D:\xampp\InventarisPIKA\vendor\codeigniter4\framework\system\CodeIgniter.php(825): App\Controllers\Kategori->index()
#6 D:\xampp\InventarisPIKA\vendor\codeigniter4\framework\system\CodeIgniter.php(412): CodeIgniter\CodeIgniter->runController(Object(App\Controllers\Kategori))
#7 D:\xampp\InventarisPIKA\vendor\codeigniter4\framework\system\CodeIgniter.php(320): CodeIgniter\CodeIgniter->handleRequest(NULL, Object(Config\Cache), false)
#8 D:\xampp\InventarisPIKA\public\index.php(37): CodeIgniter\CodeIgniter->run()
#9 D:\xampp\InventarisPIKA\vendor\codeigniter4\framework\system\Commands\Server\rewrite.php(43): require_once('D:\\xampp\\Invent...')
#10 {main}
ERROR - 2022-03-10 07:31:59 --> Error connecting to the database: No connection could be made because the target machine actively refused it.

CRITICAL - 2022-03-10 07:31:59 --> Unable to connect to the database.
Main connection [MySQLi]: No connection could be made because the target machine actively refused it.

#0 D:\xampp\InventarisPIKA\vendor\codeigniter4\framework\system\Database\BaseConnection.php(577): CodeIgniter\Database\BaseConnection->initialize()
#1 D:\xampp\InventarisPIKA\vendor\codeigniter4\framework\system\Database\BaseBuilder.php(1455): CodeIgniter\Database\BaseConnection->query('SELECT *\nFROM `...', Array, false)
#2 D:\xampp\InventarisPIKA\vendor\codeigniter4\framework\system\Model.php(183): CodeIgniter\Database\BaseBuilder->get()
#3 D:\xampp\InventarisPIKA\vendor\codeigniter4\framework\system\BaseModel.php(584): CodeIgniter\Model->doFindAll(0, 0)
#4 D:\xampp\InventarisPIKA\app\Controllers\Kategori.php(11): CodeIgniter\BaseModel->findAll()
#5 D:\xampp\InventarisPIKA\vendor\codeigniter4\framework\system\CodeIgniter.php(825): App\Controllers\Kategori->index()
#6 D:\xampp\InventarisPIKA\vendor\codeigniter4\framework\system\CodeIgniter.php(412): CodeIgniter\CodeIgniter->runController(Object(App\Controllers\Kategori))
#7 D:\xampp\InventarisPIKA\vendor\codeigniter4\framework\system\CodeIgniter.php(320): CodeIgniter\CodeIgniter->handleRequest(NULL, Object(Config\Cache), false)
#8 D:\xampp\InventarisPIKA\public\index.php(37): CodeIgniter\CodeIgniter->run()
#9 D:\xampp\InventarisPIKA\vendor\codeigniter4\framework\system\Commands\Server\rewrite.php(43): require_once('D:\\xampp\\Invent...')
#10 {main}
ERROR - 2022-03-10 07:32:03 --> Error connecting to the database: No connection could be made because the target machine actively refused it.

CRITICAL - 2022-03-10 07:32:03 --> Unable to connect to the database.
Main connection [MySQLi]: No connection could be made because the target machine actively refused it.

#0 D:\xampp\InventarisPIKA\vendor\codeigniter4\framework\system\Database\BaseConnection.php(577): CodeIgniter\Database\BaseConnection->initialize()
#1 D:\xampp\InventarisPIKA\vendor\codeigniter4\framework\system\Database\BaseBuilder.php(1455): CodeIgniter\Database\BaseConnection->query('SELECT *\nFROM `...', Array, false)
#2 D:\xampp\InventarisPIKA\vendor\codeigniter4\framework\system\Model.php(183): CodeIgniter\Database\BaseBuilder->get()
#3 D:\xampp\InventarisPIKA\vendor\codeigniter4\framework\system\BaseModel.php(584): CodeIgniter\Model->doFindAll(0, 0)
#4 D:\xampp\InventarisPIKA\app\Controllers\Kategori.php(11): CodeIgniter\BaseModel->findAll()
#5 D:\xampp\InventarisPIKA\vendor\codeigniter4\framework\system\CodeIgniter.php(825): App\Controllers\Kategori->index()
#6 D:\xampp\InventarisPIKA\vendor\codeigniter4\framework\system\CodeIgniter.php(412): CodeIgniter\CodeIgniter->runController(Object(App\Controllers\Kategori))
#7 D:\xampp\InventarisPIKA\vendor\codeigniter4\framework\system\CodeIgniter.php(320): CodeIgniter\CodeIgniter->handleRequest(NULL, Object(Config\Cache), false)
#8 D:\xampp\InventarisPIKA\public\index.php(37): CodeIgniter\CodeIgniter->run()
#9 D:\xampp\InventarisPIKA\vendor\codeigniter4\framework\system\Commands\Server\rewrite.php(43): require_once('D:\\xampp\\Invent...')
#10 {main}
ERROR - 2022-03-10 07:32:09 --> Error connecting to the database: No connection could be made because the target machine actively refused it.

CRITICAL - 2022-03-10 07:32:09 --> Unable to connect to the database.
Main connection [MySQLi]: No connection could be made because the target machine actively refused it.

#0 D:\xampp\InventarisPIKA\vendor\codeigniter4\framework\system\Database\BaseConnection.php(577): CodeIgniter\Database\BaseConnection->initialize()
#1 D:\xampp\InventarisPIKA\vendor\codeigniter4\framework\system\Database\BaseBuilder.php(1455): CodeIgniter\Database\BaseConnection->query('SELECT *\nFROM `...', Array, false)
#2 D:\xampp\InventarisPIKA\vendor\codeigniter4\framework\system\Model.php(183): CodeIgniter\Database\BaseBuilder->get()
#3 D:\xampp\InventarisPIKA\vendor\codeigniter4\framework\system\BaseModel.php(584): CodeIgniter\Model->doFindAll(0, 0)
#4 D:\xampp\InventarisPIKA\app\Controllers\JenisBarang.php(11): CodeIgniter\BaseModel->findAll()
#5 D:\xampp\InventarisPIKA\vendor\codeigniter4\framework\system\CodeIgniter.php(825): App\Controllers\JenisBarang->index()
#6 D:\xampp\InventarisPIKA\vendor\codeigniter4\framework\system\CodeIgniter.php(412): CodeIgniter\CodeIgniter->runController(Object(App\Controllers\JenisBarang))
#7 D:\xampp\InventarisPIKA\vendor\codeigniter4\framework\system\CodeIgniter.php(320): CodeIgniter\CodeIgniter->handleRequest(NULL, Object(Config\Cache), false)
#8 D:\xampp\InventarisPIKA\public\index.php(37): CodeIgniter\CodeIgniter->run()
#9 D:\xampp\InventarisPIKA\vendor\codeigniter4\framework\system\Commands\Server\rewrite.php(43): require_once('D:\\xampp\\Invent...')
#10 {main}
ERROR - 2022-03-10 07:32:14 --> Error connecting to the database: No connection could be made because the target machine actively refused it.

CRITICAL - 2022-03-10 07:32:14 --> Unable to connect to the database.
Main connection [MySQLi]: No connection could be made because the target machine actively refused it.

#0 D:\xampp\InventarisPIKA\vendor\codeigniter4\framework\system\Database\BaseConnection.php(577): CodeIgniter\Database\BaseConnection->initialize()
#1 D:\xampp\InventarisPIKA\vendor\codeigniter4\framework\system\Database\BaseBuilder.php(1455): CodeIgniter\Database\BaseConnection->query('SELECT *\nFROM `...', Array, false)
#2 D:\xampp\InventarisPIKA\vendor\codeigniter4\framework\system\Model.php(183): CodeIgniter\Database\BaseBuilder->get()
#3 D:\xampp\InventarisPIKA\vendor\codeigniter4\framework\system\BaseModel.php(584): CodeIgniter\Model->doFindAll(0, 0)
#4 D:\xampp\InventarisPIKA\app\Controllers\Ruang.php(12): CodeIgniter\BaseModel->findAll()
#5 D:\xampp\InventarisPIKA\vendor\codeigniter4\framework\system\CodeIgniter.php(825): App\Controllers\Ruang->index()
#6 D:\xampp\InventarisPIKA\vendor\codeigniter4\framework\system\CodeIgniter.php(412): CodeIgniter\CodeIgniter->runController(Object(App\Controllers\Ruang))
#7 D:\xampp\InventarisPIKA\vendor\codeigniter4\framework\system\CodeIgniter.php(320): CodeIgniter\CodeIgniter->handleRequest(NULL, Object(Config\Cache), false)
#8 D:\xampp\InventarisPIKA\public\index.php(37): CodeIgniter\CodeIgniter->run()
#9 D:\xampp\InventarisPIKA\vendor\codeigniter4\framework\system\Commands\Server\rewrite.php(43): require_once('D:\\xampp\\Invent...')
#10 {main}
ERROR - 2022-03-10 07:32:20 --> Error connecting to the database: No connection could be made because the target machine actively refused it.

CRITICAL - 2022-03-10 07:32:20 --> Unable to connect to the database.
Main connection [MySQLi]: No connection could be made because the target machine actively refused it.

#0 D:\xampp\InventarisPIKA\vendor\codeigniter4\framework\system\Database\BaseConnection.php(577): CodeIgniter\Database\BaseConnection->initialize()
#1 D:\xampp\InventarisPIKA\vendor\codeigniter4\framework\system\Database\BaseBuilder.php(1455): CodeIgniter\Database\BaseConnection->query('SELECT *\nFROM `...', Array, false)
#2 D:\xampp\InventarisPIKA\vendor\codeigniter4\framework\system\Model.php(183): CodeIgniter\Database\BaseBuilder->get()
#3 D:\xampp\InventarisPIKA\vendor\codeigniter4\framework\system\BaseModel.php(584): CodeIgniter\Model->doFindAll(0, 0)
#4 D:\xampp\InventarisPIKA\app\Controllers\JenisBarang.php(11): CodeIgniter\BaseModel->findAll()
#5 D:\xampp\InventarisPIKA\vendor\codeigniter4\framework\system\CodeIgniter.php(825): App\Controllers\JenisBarang->index()
#6 D:\xampp\InventarisPIKA\vendor\codeigniter4\framework\system\CodeIgniter.php(412): CodeIgniter\CodeIgniter->runController(Object(App\Controllers\JenisBarang))
#7 D:\xampp\InventarisPIKA\vendor\codeigniter4\framework\system\CodeIgniter.php(320): CodeIgniter\CodeIgniter->handleRequest(NULL, Object(Config\Cache), false)
#8 D:\xampp\InventarisPIKA\public\index.php(37): CodeIgniter\CodeIgniter->run()
#9 D:\xampp\InventarisPIKA\vendor\codeigniter4\framework\system\Commands\Server\rewrite.php(43): require_once('D:\\xampp\\Invent...')
#10 {main}
ERROR - 2022-03-10 07:32:26 --> Error connecting to the database: No connection could be made because the target machine actively refused it.

CRITICAL - 2022-03-10 07:32:26 --> Unable to connect to the database.
Main connection [MySQLi]: No connection could be made because the target machine actively refused it.

#0 D:\xampp\InventarisPIKA\vendor\codeigniter4\framework\system\Database\BaseConnection.php(577): CodeIgniter\Database\BaseConnection->initialize()
#1 D:\xampp\InventarisPIKA\vendor\codeigniter4\framework\system\Database\BaseBuilder.php(1455): CodeIgniter\Database\BaseConnection->query('SELECT *\nFROM `...', Array, false)
#2 D:\xampp\InventarisPIKA\vendor\codeigniter4\framework\system\Model.php(183): CodeIgniter\Database\BaseBuilder->get()
#3 D:\xampp\InventarisPIKA\vendor\codeigniter4\framework\system\BaseModel.php(584): CodeIgniter\Model->doFindAll(0, 0)
#4 D:\xampp\InventarisPIKA\app\Controllers\Kategori.php(11): CodeIgniter\BaseModel->findAll()
#5 D:\xampp\InventarisPIKA\vendor\codeigniter4\framework\system\CodeIgniter.php(825): App\Controllers\Kategori->index()
#6 D:\xampp\InventarisPIKA\vendor\codeigniter4\framework\system\CodeIgniter.php(412): CodeIgniter\CodeIgniter->runController(Object(App\Controllers\Kategori))
#7 D:\xampp\InventarisPIKA\vendor\codeigniter4\framework\system\CodeIgniter.php(320): CodeIgniter\CodeIgniter->handleRequest(NULL, Object(Config\Cache), false)
#8 D:\xampp\InventarisPIKA\public\index.php(37): CodeIgniter\CodeIgniter->run()
#9 D:\xampp\InventarisPIKA\vendor\codeigniter4\framework\system\Commands\Server\rewrite.php(43): require_once('D:\\xampp\\Invent...')
#10 {main}
ERROR - 2022-03-10 07:32:31 --> Error connecting to the database: No connection could be made because the target machine actively refused it.

CRITICAL - 2022-03-10 07:32:31 --> Unable to connect to the database.
Main connection [MySQLi]: No connection could be made because the target machine actively refused it.

#0 D:\xampp\InventarisPIKA\vendor\codeigniter4\framework\system\Database\BaseConnection.php(577): CodeIgniter\Database\BaseConnection->initialize()
#1 D:\xampp\InventarisPIKA\vendor\codeigniter4\framework\system\Database\BaseBuilder.php(1455): CodeIgniter\Database\BaseConnection->query('SELECT *\nFROM `...', Array, false)
#2 D:\xampp\InventarisPIKA\vendor\codeigniter4\framework\system\Model.php(183): CodeIgniter\Database\BaseBuilder->get()
#3 D:\xampp\InventarisPIKA\vendor\codeigniter4\framework\system\BaseModel.php(584): CodeIgniter\Model->doFindAll(0, 0)
#4 D:\xampp\InventarisPIKA\app\Controllers\JenisBarang.php(11): CodeIgniter\BaseModel->findAll()
#5 D:\xampp\InventarisPIKA\vendor\codeigniter4\framework\system\CodeIgniter.php(825): App\Controllers\JenisBarang->index()
#6 D:\xampp\InventarisPIKA\vendor\codeigniter4\framework\system\CodeIgniter.php(412): CodeIgniter\CodeIgniter->runController(Object(App\Controllers\JenisBarang))
#7 D:\xampp\InventarisPIKA\vendor\codeigniter4\framework\system\CodeIgniter.php(320): CodeIgniter\CodeIgniter->handleRequest(NULL, Object(Config\Cache), false)
#8 D:\xampp\InventarisPIKA\public\index.php(37): CodeIgniter\CodeIgniter->run()
#9 D:\xampp\InventarisPIKA\vendor\codeigniter4\framework\system\Commands\Server\rewrite.php(43): require_once('D:\\xampp\\Invent...')
#10 {main}
ERROR - 2022-03-10 07:32:36 --> Error connecting to the database: No connection could be made because the target machine actively refused it.

CRITICAL - 2022-03-10 07:32:36 --> Unable to connect to the database.
Main connection [MySQLi]: No connection could be made because the target machine actively refused it.

#0 D:\xampp\InventarisPIKA\vendor\codeigniter4\framework\system\Database\BaseConnection.php(577): CodeIgniter\Database\BaseConnection->initialize()
#1 D:\xampp\InventarisPIKA\vendor\codeigniter4\framework\system\Database\BaseBuilder.php(1455): CodeIgniter\Database\BaseConnection->query('SELECT *\nFROM `...', Array, false)
#2 D:\xampp\InventarisPIKA\vendor\codeigniter4\framework\system\Model.php(183): CodeIgniter\Database\BaseBuilder->get()
#3 D:\xampp\InventarisPIKA\vendor\codeigniter4\framework\system\BaseModel.php(584): CodeIgniter\Model->doFindAll(0, 0)
#4 D:\xampp\InventarisPIKA\app\Controllers\Ruang.php(12): CodeIgniter\BaseModel->findAll()
#5 D:\xampp\InventarisPIKA\vendor\codeigniter4\framework\system\CodeIgniter.php(825): App\Controllers\Ruang->index()
#6 D:\xampp\InventarisPIKA\vendor\codeigniter4\framework\system\CodeIgniter.php(412): CodeIgniter\CodeIgniter->runController(Object(App\Controllers\Ruang))
#7 D:\xampp\InventarisPIKA\vendor\codeigniter4\framework\system\CodeIgniter.php(320): CodeIgniter\CodeIgniter->handleRequest(NULL, Object(Config\Cache), false)
#8 D:\xampp\InventarisPIKA\public\index.php(37): CodeIgniter\CodeIgniter->run()
#9 D:\xampp\InventarisPIKA\vendor\codeigniter4\framework\system\Commands\Server\rewrite.php(43): require_once('D:\\xampp\\Invent...')
#10 {main}
ERROR - 2022-03-10 07:32:56 --> Error connecting to the database: No connection could be made because the target machine actively refused it.

CRITICAL - 2022-03-10 07:32:56 --> Unable to connect to the database.
Main connection [MySQLi]: No connection could be made because the target machine actively refused it.

#0 D:\xampp\InventarisPIKA\vendor\codeigniter4\framework\system\Database\BaseConnection.php(577): CodeIgniter\Database\BaseConnection->initialize()
#1 D:\xampp\InventarisPIKA\vendor\codeigniter4\framework\system\Database\BaseBuilder.php(1455): CodeIgniter\Database\BaseConnection->query('SELECT *\nFROM `...', Array, false)
#2 D:\xampp\InventarisPIKA\vendor\codeigniter4\framework\system\Model.php(183): CodeIgniter\Database\BaseBuilder->get()
#3 D:\xampp\InventarisPIKA\vendor\codeigniter4\framework\system\BaseModel.php(584): CodeIgniter\Model->doFindAll(0, 0)
#4 D:\xampp\InventarisPIKA\app\Controllers\Kategori.php(11): CodeIgniter\BaseModel->findAll()
#5 D:\xampp\InventarisPIKA\vendor\codeigniter4\framework\system\CodeIgniter.php(825): App\Controllers\Kategori->index()
#6 D:\xampp\InventarisPIKA\vendor\codeigniter4\framework\system\CodeIgniter.php(412): CodeIgniter\CodeIgniter->runController(Object(App\Controllers\Kategori))
#7 D:\xampp\InventarisPIKA\vendor\codeigniter4\framework\system\CodeIgniter.php(320): CodeIgniter\CodeIgniter->handleRequest(NULL, Object(Config\Cache), false)
#8 D:\xampp\InventarisPIKA\public\index.php(37): CodeIgniter\CodeIgniter->run()
#9 D:\xampp\InventarisPIKA\vendor\codeigniter4\framework\system\Commands\Server\rewrite.php(43): require_once('D:\\xampp\\Invent...')
#10 {main}
ERROR - 2022-03-10 07:33:01 --> Error connecting to the database: No connection could be made because the target machine actively refused it.

CRITICAL - 2022-03-10 07:33:01 --> Unable to connect to the database.
Main connection [MySQLi]: No connection could be made because the target machine actively refused it.

#0 D:\xampp\InventarisPIKA\vendor\codeigniter4\framework\system\Database\BaseConnection.php(577): CodeIgniter\Database\BaseConnection->initialize()
#1 D:\xampp\InventarisPIKA\vendor\codeigniter4\framework\system\Database\BaseBuilder.php(1455): CodeIgniter\Database\BaseConnection->query('SELECT *\nFROM `...', Array, false)
#2 D:\xampp\InventarisPIKA\vendor\codeigniter4\framework\system\Model.php(183): CodeIgniter\Database\BaseBuilder->get()
#3 D:\xampp\InventarisPIKA\vendor\codeigniter4\framework\system\BaseModel.php(584): CodeIgniter\Model->doFindAll(0, 0)
#4 D:\xampp\InventarisPIKA\app\Controllers\JenisBarang.php(11): CodeIgniter\BaseModel->findAll()
#5 D:\xampp\InventarisPIKA\vendor\codeigniter4\framework\system\CodeIgniter.php(825): App\Controllers\JenisBarang->index()
#6 D:\xampp\InventarisPIKA\vendor\codeigniter4\framework\system\CodeIgniter.php(412): CodeIgniter\CodeIgniter->runController(Object(App\Controllers\JenisBarang))
#7 D:\xampp\InventarisPIKA\vendor\codeigniter4\framework\system\CodeIgniter.php(320): CodeIgniter\CodeIgniter->handleRequest(NULL, Object(Config\Cache), false)
#8 D:\xampp\InventarisPIKA\public\index.php(37): CodeIgniter\CodeIgniter->run()
#9 D:\xampp\InventarisPIKA\vendor\codeigniter4\framework\system\Commands\Server\rewrite.php(43): require_once('D:\\xampp\\Invent...')
#10 {main}
ERROR - 2022-03-10 07:34:14 --> Error connecting to the database: No connection could be made because the target machine actively refused it.

CRITICAL - 2022-03-10 07:34:14 --> Unable to connect to the database.
Main connection [MySQLi]: No connection could be made because the target machine actively refused it.

#0 D:\xampp\InventarisPIKA\vendor\codeigniter4\framework\system\Database\BaseConnection.php(577): CodeIgniter\Database\BaseConnection->initialize()
#1 D:\xampp\InventarisPIKA\vendor\codeigniter4\framework\system\Database\BaseBuilder.php(1455): CodeIgniter\Database\BaseConnection->query('SELECT *\nFROM `...', Array, false)
#2 D:\xampp\InventarisPIKA\vendor\codeigniter4\framework\system\Model.php(183): CodeIgniter\Database\BaseBuilder->get()
#3 D:\xampp\InventarisPIKA\vendor\codeigniter4\framework\system\BaseModel.php(584): CodeIgniter\Model->doFindAll(0, 0)
#4 D:\xampp\InventarisPIKA\app\Controllers\JenisBarang.php(11): CodeIgniter\BaseModel->findAll()
#5 D:\xampp\InventarisPIKA\vendor\codeigniter4\framework\system\CodeIgniter.php(825): App\Controllers\JenisBarang->index()
#6 D:\xampp\InventarisPIKA\vendor\codeigniter4\framework\system\CodeIgniter.php(412): CodeIgniter\CodeIgniter->runController(Object(App\Controllers\JenisBarang))
#7 D:\xampp\InventarisPIKA\vendor\codeigniter4\framework\system\CodeIgniter.php(320): CodeIgniter\CodeIgniter->handleRequest(NULL, Object(Config\Cache), false)
#8 D:\xampp\InventarisPIKA\public\index.php(37): CodeIgniter\CodeIgniter->run()
#9 D:\xampp\InventarisPIKA\vendor\codeigniter4\framework\system\Commands\Server\rewrite.php(43): require_once('D:\\xampp\\Invent...')
#10 {main}
ERROR - 2022-03-10 08:24:28 --> Cannot delete or update a parent row: a foreign key constraint fails (`inventarispikadb`.`barang`, CONSTRAINT `barang_ibfk_1` FOREIGN KEY (`nama_kategori`) REFERENCES `kategori` (`nama_kategori`))
CRITICAL - 2022-03-10 08:24:28 --> Cannot delete or update a parent row: a foreign key constraint fails (`inventarispikadb`.`barang`, CONSTRAINT `barang_ibfk_1` FOREIGN KEY (`nama_kategori`) REFERENCES `kategori` (`nama_kategori`))
#0 D:\xampp\InventarisPIKA\vendor\codeigniter4\framework\system\Database\MySQLi\Connection.php(292): mysqli->query('DELETE FROM `ka...', 0)
#1 D:\xampp\InventarisPIKA\vendor\codeigniter4\framework\system\Database\BaseConnection.php(670): CodeIgniter\Database\MySQLi\Connection->execute('DELETE FROM `ka...')
#2 D:\xampp\InventarisPIKA\vendor\codeigniter4\framework\system\Database\BaseConnection.php(598): CodeIgniter\Database\BaseConnection->simpleQuery('DELETE FROM `ka...')
#3 D:\xampp\InventarisPIKA\vendor\codeigniter4\framework\system\Database\BaseBuilder.php(2225): CodeIgniter\Database\BaseConnection->query('DELETE FROM `ka...', Array, false)
#4 D:\xampp\InventarisPIKA\vendor\codeigniter4\framework\system\Model.php(359): CodeIgniter\Database\BaseBuilder->delete()
#5 D:\xampp\InventarisPIKA\vendor\codeigniter4\framework\system\BaseModel.php(963): CodeIgniter\Model->doDelete(Array, false)
#6 D:\xampp\InventarisPIKA\app\Controllers\Kategori.php(17): CodeIgniter\BaseModel->delete(Array)
#7 D:\xampp\InventarisPIKA\vendor\codeigniter4\framework\system\CodeIgniter.php(825): App\Controllers\Kategori->delete('3')
#8 D:\xampp\InventarisPIKA\vendor\codeigniter4\framework\system\CodeIgniter.php(412): CodeIgniter\CodeIgniter->runController(Object(App\Controllers\Kategori))
#9 D:\xampp\InventarisPIKA\vendor\codeigniter4\framework\system\CodeIgniter.php(320): CodeIgniter\CodeIgniter->handleRequest(NULL, Object(Config\Cache), false)
#10 D:\xampp\InventarisPIKA\public\index.php(37): CodeIgniter\CodeIgniter->run()
#11 D:\xampp\InventarisPIKA\vendor\codeigniter4\framework\system\Commands\Server\rewrite.php(43): require_once('D:\\xampp\\Invent...')
#12 {main}
ERROR - 2022-03-10 18:20:07 --> Error connecting to the database: No connection could be made because the target machine actively refused it
CRITICAL - 2022-03-10 18:20:07 --> Unable to connect to the database.
Main connection [MySQLi]: No connection could be made because the target machine actively refused it
#0 D:\xampp\htdocs\InventarisPIKA\vendor\codeigniter4\framework\system\Database\BaseConnection.php(577): CodeIgniter\Database\BaseConnection->initialize()
#1 D:\xampp\htdocs\InventarisPIKA\vendor\codeigniter4\framework\system\Database\BaseBuilder.php(1455): CodeIgniter\Database\BaseConnection->query('SELECT *\nFROM `...', Array, false)
#2 D:\xampp\htdocs\InventarisPIKA\vendor\codeigniter4\framework\system\Model.php(183): CodeIgniter\Database\BaseBuilder->get()
#3 D:\xampp\htdocs\InventarisPIKA\vendor\codeigniter4\framework\system\BaseModel.php(584): CodeIgniter\Model->doFindAll(0, 0)
#4 D:\xampp\htdocs\InventarisPIKA\app\Controllers\AkunStaff.php(12): CodeIgniter\BaseModel->findAll()
#5 D:\xampp\htdocs\InventarisPIKA\vendor\codeigniter4\framework\system\CodeIgniter.php(825): App\Controllers\AkunStaff->index()
#6 D:\xampp\htdocs\InventarisPIKA\vendor\codeigniter4\framework\system\CodeIgniter.php(412): CodeIgniter\CodeIgniter->runController(Object(App\Controllers\AkunStaff))
#7 D:\xampp\htdocs\InventarisPIKA\vendor\codeigniter4\framework\system\CodeIgniter.php(320): CodeIgniter\CodeIgniter->handleRequest(NULL, Object(Config\Cache), false)
#8 D:\xampp\htdocs\InventarisPIKA\public\index.php(37): CodeIgniter\CodeIgniter->run()
#9 D:\xampp\htdocs\InventarisPIKA\vendor\codeigniter4\framework\system\Commands\Server\rewrite.php(43): require_once('D:\\xampp\\htdocs...')
#10 {main}
CRITICAL - 2022-03-10 20:58:14 --> Undefined variable $StaffmodelModel
#0 D:\xampp\htdocs\InventarisPIKA\app\Controllers\AkunStaff.php(28): CodeIgniter\Debug\Exceptions->errorHandler(2, 'Undefined varia...', 'D:\\xampp\\htdocs...', 28)
#1 D:\xampp\htdocs\InventarisPIKA\vendor\codeigniter4\framework\system\CodeIgniter.php(825): App\Controllers\AkunStaff->insert()
#2 D:\xampp\htdocs\InventarisPIKA\vendor\codeigniter4\framework\system\CodeIgniter.php(412): CodeIgniter\CodeIgniter->runController(Object(App\Controllers\AkunStaff))
#3 D:\xampp\htdocs\InventarisPIKA\vendor\codeigniter4\framework\system\CodeIgniter.php(320): CodeIgniter\CodeIgniter->handleRequest(NULL, Object(Config\Cache), false)
#4 D:\xampp\htdocs\InventarisPIKA\public\index.php(37): CodeIgniter\CodeIgniter->run()
#5 D:\xampp\htdocs\InventarisPIKA\vendor\codeigniter4\framework\system\Commands\Server\rewrite.php(43): require_once('D:\\xampp\\htdocs...')
#6 {main}
CRITICAL - 2022-03-10 20:59:07 --> There is no data to insert.
#0 D:\xampp\htdocs\InventarisPIKA\vendor\codeigniter4\framework\system\BaseModel.php(718): CodeIgniter\Database\Exceptions\DataException::forEmptyDataset('insert')
#1 D:\xampp\htdocs\InventarisPIKA\vendor\codeigniter4\framework\system\Model.php(625): CodeIgniter\BaseModel->insert(Array, true)
#2 D:\xampp\htdocs\InventarisPIKA\app\Controllers\AkunStaff.php(28): CodeIgniter\Model->insert(Array)
#3 D:\xampp\htdocs\InventarisPIKA\vendor\codeigniter4\framework\system\CodeIgniter.php(825): App\Controllers\AkunStaff->insert()
#4 D:\xampp\htdocs\InventarisPIKA\vendor\codeigniter4\framework\system\CodeIgniter.php(412): CodeIgniter\CodeIgniter->runController(Object(App\Controllers\AkunStaff))
#5 D:\xampp\htdocs\InventarisPIKA\vendor\codeigniter4\framework\system\CodeIgniter.php(320): CodeIgniter\CodeIgniter->handleRequest(NULL, Object(Config\Cache), false)
#6 D:\xampp\htdocs\InventarisPIKA\public\index.php(37): CodeIgniter\CodeIgniter->run()
#7 D:\xampp\htdocs\InventarisPIKA\vendor\codeigniter4\framework\system\Commands\Server\rewrite.php(43): require_once('D:\\xampp\\htdocs...')
#8 {main}
CRITICAL - 2022-03-10 20:59:50 --> There is no data to insert.
#0 D:\xampp\htdocs\InventarisPIKA\vendor\codeigniter4\framework\system\BaseModel.php(718): CodeIgniter\Database\Exceptions\DataException::forEmptyDataset('insert')
#1 D:\xampp\htdocs\InventarisPIKA\vendor\codeigniter4\framework\system\Model.php(625): CodeIgniter\BaseModel->insert(Array, true)
#2 D:\xampp\htdocs\InventarisPIKA\app\Controllers\AkunStaff.php(29): CodeIgniter\Model->insert(Array)
#3 D:\xampp\htdocs\InventarisPIKA\vendor\codeigniter4\framework\system\CodeIgniter.php(825): App\Controllers\AkunStaff->insert()
#4 D:\xampp\htdocs\InventarisPIKA\vendor\codeigniter4\framework\system\CodeIgniter.php(412): CodeIgniter\CodeIgniter->runController(Object(App\Controllers\AkunStaff))
#5 D:\xampp\htdocs\InventarisPIKA\vendor\codeigniter4\framework\system\CodeIgniter.php(320): CodeIgniter\CodeIgniter->handleRequest(NULL, Object(Config\Cache), false)
#6 D:\xampp\htdocs\InventarisPIKA\public\index.php(37): CodeIgniter\CodeIgniter->run()
#7 D:\xampp\htdocs\InventarisPIKA\vendor\codeigniter4\framework\system\Commands\Server\rewrite.php(43): require_once('D:\\xampp\\htdocs...')
#8 {main}
CRITICAL - 2022-03-10 21:01:52 --> There is no data to insert.
#0 D:\xampp\htdocs\InventarisPIKA\vendor\codeigniter4\framework\system\BaseModel.php(718): CodeIgniter\Database\Exceptions\DataException::forEmptyDataset('insert')
#1 D:\xampp\htdocs\InventarisPIKA\vendor\codeigniter4\framework\system\Model.php(625): CodeIgniter\BaseModel->insert(Array, true)
#2 D:\xampp\htdocs\InventarisPIKA\app\Controllers\AkunStaff.php(29): CodeIgniter\Model->insert(Array)
#3 D:\xampp\htdocs\InventarisPIKA\vendor\codeigniter4\framework\system\CodeIgniter.php(825): App\Controllers\AkunStaff->insert()
#4 D:\xampp\htdocs\InventarisPIKA\vendor\codeigniter4\framework\system\CodeIgniter.php(412): CodeIgniter\CodeIgniter->runController(Object(App\Controllers\AkunStaff))
#5 D:\xampp\htdocs\InventarisPIKA\vendor\codeigniter4\framework\system\CodeIgniter.php(320): CodeIgniter\CodeIgniter->handleRequest(NULL, Object(Config\Cache), false)
#6 D:\xampp\htdocs\InventarisPIKA\public\index.php(37): CodeIgniter\CodeIgniter->run()
#7 D:\xampp\htdocs\InventarisPIKA\vendor\codeigniter4\framework\system\Commands\Server\rewrite.php(43): require_once('D:\\xampp\\htdocs...')
#8 {main}
CRITICAL - 2022-03-10 21:02:53 --> There is no data to insert.
#0 D:\xampp\htdocs\InventarisPIKA\vendor\codeigniter4\framework\system\BaseModel.php(718): CodeIgniter\Database\Exceptions\DataException::forEmptyDataset('insert')
#1 D:\xampp\htdocs\InventarisPIKA\vendor\codeigniter4\framework\system\Model.php(625): CodeIgniter\BaseModel->insert(Array, true)
#2 D:\xampp\htdocs\InventarisPIKA\app\Controllers\AkunStaff.php(29): CodeIgniter\Model->insert(Array)
#3 D:\xampp\htdocs\InventarisPIKA\vendor\codeigniter4\framework\system\CodeIgniter.php(825): App\Controllers\AkunStaff->insert()
#4 D:\xampp\htdocs\InventarisPIKA\vendor\codeigniter4\framework\system\CodeIgniter.php(412): CodeIgniter\CodeIgniter->runController(Object(App\Controllers\AkunStaff))
#5 D:\xampp\htdocs\InventarisPIKA\vendor\codeigniter4\framework\system\CodeIgniter.php(320): CodeIgniter\CodeIgniter->handleRequest(NULL, Object(Config\Cache), false)
#6 D:\xampp\htdocs\InventarisPIKA\public\index.php(37): CodeIgniter\CodeIgniter->run()
#7 D:\xampp\htdocs\InventarisPIKA\vendor\codeigniter4\framework\system\Commands\Server\rewrite.php(43): require_once('D:\\xampp\\htdocs...')
#8 {main}
CRITICAL - 2022-03-10 21:09:36 --> There is no data to insert.
#0 D:\xampp\htdocs\InventarisPIKA\vendor\codeigniter4\framework\system\BaseModel.php(718): CodeIgniter\Database\Exceptions\DataException::forEmptyDataset('insert')
#1 D:\xampp\htdocs\InventarisPIKA\vendor\codeigniter4\framework\system\Model.php(625): CodeIgniter\BaseModel->insert(Array, false)
#2 D:\xampp\htdocs\InventarisPIKA\vendor\codeigniter4\framework\system\BaseModel.php(658): CodeIgniter\Model->insert(Array, false)
#3 D:\xampp\htdocs\InventarisPIKA\app\Controllers\AkunStaff.php(33): CodeIgniter\BaseModel->save(Array)
#4 D:\xampp\htdocs\InventarisPIKA\vendor\codeigniter4\framework\system\CodeIgniter.php(825): App\Controllers\AkunStaff->insert()
#5 D:\xampp\htdocs\InventarisPIKA\vendor\codeigniter4\framework\system\CodeIgniter.php(412): CodeIgniter\CodeIgniter->runController(Object(App\Controllers\AkunStaff))
#6 D:\xampp\htdocs\InventarisPIKA\vendor\codeigniter4\framework\system\CodeIgniter.php(320): CodeIgniter\CodeIgniter->handleRequest(NULL, Object(Config\Cache), false)
#7 D:\xampp\htdocs\InventarisPIKA\public\index.php(37): CodeIgniter\CodeIgniter->run()
#8 D:\xampp\htdocs\InventarisPIKA\vendor\codeigniter4\framework\system\Commands\Server\rewrite.php(43): require_once('D:\\xampp\\htdocs...')
#9 {main}
CRITICAL - 2022-03-10 21:15:32 --> There is no data to insert.
#0 D:\xampp\htdocs\InventarisPIKA\vendor\codeigniter4\framework\system\BaseModel.php(718): CodeIgniter\Database\Exceptions\DataException::forEmptyDataset('insert')
#1 D:\xampp\htdocs\InventarisPIKA\vendor\codeigniter4\framework\system\Model.php(625): CodeIgniter\BaseModel->insert(Array, false)
#2 D:\xampp\htdocs\InventarisPIKA\vendor\codeigniter4\framework\system\BaseModel.php(658): CodeIgniter\Model->insert(Array, false)
#3 D:\xampp\htdocs\InventarisPIKA\app\Controllers\AkunStaff.php(33): CodeIgniter\BaseModel->save(Array)
#4 D:\xampp\htdocs\InventarisPIKA\vendor\codeigniter4\framework\system\CodeIgniter.php(825): App\Controllers\AkunStaff->insert()
#5 D:\xampp\htdocs\InventarisPIKA\vendor\codeigniter4\framework\system\CodeIgniter.php(412): CodeIgniter\CodeIgniter->runController(Object(App\Controllers\AkunStaff))
#6 D:\xampp\htdocs\InventarisPIKA\vendor\codeigniter4\framework\system\CodeIgniter.php(320): CodeIgniter\CodeIgniter->handleRequest(NULL, Object(Config\Cache), false)
#7 D:\xampp\htdocs\InventarisPIKA\public\index.php(37): CodeIgniter\CodeIgniter->run()
#8 D:\xampp\htdocs\InventarisPIKA\vendor\codeigniter4\framework\system\Commands\Server\rewrite.php(43): require_once('D:\\xampp\\htdocs...')
#9 {main}
CRITICAL - 2022-03-10 21:16:53 --> There is no data to insert.
#0 D:\xampp\htdocs\InventarisPIKA\vendor\codeigniter4\framework\system\BaseModel.php(718): CodeIgniter\Database\Exceptions\DataException::forEmptyDataset('insert')
#1 D:\xampp\htdocs\InventarisPIKA\vendor\codeigniter4\framework\system\Model.php(625): CodeIgniter\BaseModel->insert(Array, true)
#2 D:\xampp\htdocs\InventarisPIKA\app\Controllers\AkunStaff.php(36): CodeIgniter\Model->insert(Array)
#3 D:\xampp\htdocs\InventarisPIKA\vendor\codeigniter4\framework\system\CodeIgniter.php(825): App\Controllers\AkunStaff->save()
#4 D:\xampp\htdocs\InventarisPIKA\vendor\codeigniter4\framework\system\CodeIgniter.php(412): CodeIgniter\CodeIgniter->runController(Object(App\Controllers\AkunStaff))
#5 D:\xampp\htdocs\InventarisPIKA\vendor\codeigniter4\framework\system\CodeIgniter.php(320): CodeIgniter\CodeIgniter->handleRequest(NULL, Object(Config\Cache), false)
#6 D:\xampp\htdocs\InventarisPIKA\public\index.php(37): CodeIgniter\CodeIgniter->run()
#7 D:\xampp\htdocs\InventarisPIKA\vendor\codeigniter4\framework\system\Commands\Server\rewrite.php(43): require_once('D:\\xampp\\htdocs...')
#8 {main}
CRITICAL - 2022-03-10 21:18:44 --> There is no data to insert.
#0 D:\xampp\htdocs\InventarisPIKA\vendor\codeigniter4\framework\system\BaseModel.php(718): CodeIgniter\Database\Exceptions\DataException::forEmptyDataset('insert')
#1 D:\xampp\htdocs\InventarisPIKA\vendor\codeigniter4\framework\system\Model.php(625): CodeIgniter\BaseModel->insert(Array, true)
#2 D:\xampp\htdocs\InventarisPIKA\app\Controllers\AkunStaff.php(36): CodeIgniter\Model->insert(Array)
#3 D:\xampp\htdocs\InventarisPIKA\vendor\codeigniter4\framework\system\CodeIgniter.php(825): App\Controllers\AkunStaff->store()
#4 D:\xampp\htdocs\InventarisPIKA\vendor\codeigniter4\framework\system\CodeIgniter.php(412): CodeIgniter\CodeIgniter->runController(Object(App\Controllers\AkunStaff))
#5 D:\xampp\htdocs\InventarisPIKA\vendor\codeigniter4\framework\system\CodeIgniter.php(320): CodeIgniter\CodeIgniter->handleRequest(NULL, Object(Config\Cache), false)
#6 D:\xampp\htdocs\InventarisPIKA\public\index.php(37): CodeIgniter\CodeIgniter->run()
#7 D:\xampp\htdocs\InventarisPIKA\vendor\codeigniter4\framework\system\Commands\Server\rewrite.php(43): require_once('D:\\xampp\\htdocs...')
#8 {main}
CRITICAL - 2022-03-10 21:19:47 --> There is no data to insert.
#0 D:\xampp\htdocs\InventarisPIKA\vendor\codeigniter4\framework\system\BaseModel.php(718): CodeIgniter\Database\Exceptions\DataException::forEmptyDataset('insert')
#1 D:\xampp\htdocs\InventarisPIKA\vendor\codeigniter4\framework\system\Model.php(625): CodeIgniter\BaseModel->insert(Array, false)
#2 D:\xampp\htdocs\InventarisPIKA\vendor\codeigniter4\framework\system\BaseModel.php(658): CodeIgniter\Model->insert(Array, false)
#3 D:\xampp\htdocs\InventarisPIKA\app\Controllers\AkunStaff.php(36): CodeIgniter\BaseModel->save(Array)
#4 D:\xampp\htdocs\InventarisPIKA\vendor\codeigniter4\framework\system\CodeIgniter.php(825): App\Controllers\AkunStaff->store()
#5 D:\xampp\htdocs\InventarisPIKA\vendor\codeigniter4\framework\system\CodeIgniter.php(412): CodeIgniter\CodeIgniter->runController(Object(App\Controllers\AkunStaff))
#6 D:\xampp\htdocs\InventarisPIKA\vendor\codeigniter4\framework\system\CodeIgniter.php(320): CodeIgniter\CodeIgniter->handleRequest(NULL, Object(Config\Cache), false)
#7 D:\xampp\htdocs\InventarisPIKA\public\index.php(37): CodeIgniter\CodeIgniter->run()
#8 D:\xampp\htdocs\InventarisPIKA\vendor\codeigniter4\framework\system\Commands\Server\rewrite.php(43): require_once('D:\\xampp\\htdocs...')
#9 {main}
CRITICAL - 2022-03-10 21:23:02 --> There is no data to insert.
#0 D:\xampp\htdocs\InventarisPIKA\vendor\codeigniter4\framework\system\BaseModel.php(718): CodeIgniter\Database\Exceptions\DataException::forEmptyDataset('insert')
#1 D:\xampp\htdocs\InventarisPIKA\vendor\codeigniter4\framework\system\Model.php(625): CodeIgniter\BaseModel->insert(Array, false)
#2 D:\xampp\htdocs\InventarisPIKA\vendor\codeigniter4\framework\system\BaseModel.php(658): CodeIgniter\Model->insert(Array, false)
#3 D:\xampp\htdocs\InventarisPIKA\app\Controllers\AkunStaff.php(36): CodeIgniter\BaseModel->save(Array)
#4 D:\xampp\htdocs\InventarisPIKA\vendor\codeigniter4\framework\system\CodeIgniter.php(825): App\Controllers\AkunStaff->store()
#5 D:\xampp\htdocs\InventarisPIKA\vendor\codeigniter4\framework\system\CodeIgniter.php(412): CodeIgniter\CodeIgniter->runController(Object(App\Controllers\AkunStaff))
#6 D:\xampp\htdocs\InventarisPIKA\vendor\codeigniter4\framework\system\CodeIgniter.php(320): CodeIgniter\CodeIgniter->handleRequest(NULL, Object(Config\Cache), false)
#7 D:\xampp\htdocs\InventarisPIKA\public\index.php(37): CodeIgniter\CodeIgniter->run()
#8 D:\xampp\htdocs\InventarisPIKA\vendor\codeigniter4\framework\system\Commands\Server\rewrite.php(43): require_once('D:\\xampp\\htdocs...')
#9 {main}
CRITICAL - 2022-03-10 21:24:39 --> There is no data to insert.
#0 D:\xampp\htdocs\InventarisPIKA\vendor\codeigniter4\framework\system\BaseModel.php(718): CodeIgniter\Database\Exceptions\DataException::forEmptyDataset('insert')
#1 D:\xampp\htdocs\InventarisPIKA\vendor\codeigniter4\framework\system\Model.php(625): CodeIgniter\BaseModel->insert(Array, true)
#2 D:\xampp\htdocs\InventarisPIKA\app\Controllers\AkunStaff.php(36): CodeIgniter\Model->insert(Array)
#3 D:\xampp\htdocs\InventarisPIKA\vendor\codeigniter4\framework\system\CodeIgniter.php(825): App\Controllers\AkunStaff->store()
#4 D:\xampp\htdocs\InventarisPIKA\vendor\codeigniter4\framework\system\CodeIgniter.php(412): CodeIgniter\CodeIgniter->runController(Object(App\Controllers\AkunStaff))
#5 D:\xampp\htdocs\InventarisPIKA\vendor\codeigniter4\framework\system\CodeIgniter.php(320): CodeIgniter\CodeIgniter->handleRequest(NULL, Object(Config\Cache), false)
#6 D:\xampp\htdocs\InventarisPIKA\public\index.php(37): CodeIgniter\CodeIgniter->run()
#7 D:\xampp\htdocs\InventarisPIKA\vendor\codeigniter4\framework\system\Commands\Server\rewrite.php(43): require_once('D:\\xampp\\htdocs...')
#8 {main}
CRITICAL - 2022-03-10 21:27:38 --> There is no data to insert.
#0 D:\xampp\htdocs\InventarisPIKA\vendor\codeigniter4\framework\system\BaseModel.php(718): CodeIgniter\Database\Exceptions\DataException::forEmptyDataset('insert')
#1 D:\xampp\htdocs\InventarisPIKA\vendor\codeigniter4\framework\system\Model.php(625): CodeIgniter\BaseModel->insert(Array, true)
#2 D:\xampp\htdocs\InventarisPIKA\app\Controllers\AkunStaff.php(36): CodeIgniter\Model->insert(Array)
#3 D:\xampp\htdocs\InventarisPIKA\vendor\codeigniter4\framework\system\CodeIgniter.php(825): App\Controllers\AkunStaff->store()
#4 D:\xampp\htdocs\InventarisPIKA\vendor\codeigniter4\framework\system\CodeIgniter.php(412): CodeIgniter\CodeIgniter->runController(Object(App\Controllers\AkunStaff))
#5 D:\xampp\htdocs\InventarisPIKA\vendor\codeigniter4\framework\system\CodeIgniter.php(320): CodeIgniter\CodeIgniter->handleRequest(NULL, Object(Config\Cache), false)
#6 D:\xampp\htdocs\InventarisPIKA\public\index.php(37): CodeIgniter\CodeIgniter->run()
#7 D:\xampp\htdocs\InventarisPIKA\vendor\codeigniter4\framework\system\Commands\Server\rewrite.php(43): require_once('D:\\xampp\\htdocs...')
#8 {main}
CRITICAL - 2022-03-10 21:55:41 --> There is no data to insert.
#0 D:\xampp\htdocs\InventarisPIKA\vendor\codeigniter4\framework\system\BaseModel.php(718): CodeIgniter\Database\Exceptions\DataException::forEmptyDataset('insert')
#1 D:\xampp\htdocs\InventarisPIKA\vendor\codeigniter4\framework\system\Model.php(625): CodeIgniter\BaseModel->insert(Array, true)
#2 D:\xampp\htdocs\InventarisPIKA\app\Controllers\AkunStaff.php(29): CodeIgniter\Model->insert(Array)
#3 D:\xampp\htdocs\InventarisPIKA\vendor\codeigniter4\framework\system\CodeIgniter.php(825): App\Controllers\AkunStaff->store()
#4 D:\xampp\htdocs\InventarisPIKA\vendor\codeigniter4\framework\system\CodeIgniter.php(412): CodeIgniter\CodeIgniter->runController(Object(App\Controllers\AkunStaff))
#5 D:\xampp\htdocs\InventarisPIKA\vendor\codeigniter4\framework\system\CodeIgniter.php(320): CodeIgniter\CodeIgniter->handleRequest(NULL, Object(Config\Cache), false)
#6 D:\xampp\htdocs\InventarisPIKA\public\index.php(37): CodeIgniter\CodeIgniter->run()
#7 D:\xampp\htdocs\InventarisPIKA\vendor\codeigniter4\framework\system\Commands\Server\rewrite.php(43): require_once('D:\\xampp\\htdocs...')
#8 {main}
CRITICAL - 2022-03-10 21:59:07 --> There is no data to insert.
#0 D:\xampp\htdocs\InventarisPIKA\vendor\codeigniter4\framework\system\BaseModel.php(718): CodeIgniter\Database\Exceptions\DataException::forEmptyDataset('insert')
#1 D:\xampp\htdocs\InventarisPIKA\vendor\codeigniter4\framework\system\Model.php(625): CodeIgniter\BaseModel->insert(Array, true)
#2 D:\xampp\htdocs\InventarisPIKA\app\Controllers\AkunStaff.php(29): CodeIgniter\Model->insert(Array)
#3 D:\xampp\htdocs\InventarisPIKA\vendor\codeigniter4\framework\system\CodeIgniter.php(825): App\Controllers\AkunStaff->store()
#4 D:\xampp\htdocs\InventarisPIKA\vendor\codeigniter4\framework\system\CodeIgniter.php(412): CodeIgniter\CodeIgniter->runController(Object(App\Controllers\AkunStaff))
#5 D:\xampp\htdocs\InventarisPIKA\vendor\codeigniter4\framework\system\CodeIgniter.php(320): CodeIgniter\CodeIgniter->handleRequest(NULL, Object(Config\Cache), false)
#6 D:\xampp\htdocs\InventarisPIKA\public\index.php(37): CodeIgniter\CodeIgniter->run()
#7 D:\xampp\htdocs\InventarisPIKA\vendor\codeigniter4\framework\system\Commands\Server\rewrite.php(43): require_once('D:\\xampp\\htdocs...')
#8 {main}
CRITICAL - 2022-03-10 22:01:51 --> There is no data to insert.
#0 D:\xampp\htdocs\InventarisPIKA\vendor\codeigniter4\framework\system\BaseModel.php(718): CodeIgniter\Database\Exceptions\DataException::forEmptyDataset('insert')
#1 D:\xampp\htdocs\InventarisPIKA\vendor\codeigniter4\framework\system\Model.php(625): CodeIgniter\BaseModel->insert(Array, true)
#2 D:\xampp\htdocs\InventarisPIKA\app\Controllers\AkunStaff.php(29): CodeIgniter\Model->insert(Array)
#3 D:\xampp\htdocs\InventarisPIKA\vendor\codeigniter4\framework\system\CodeIgniter.php(825): App\Controllers\AkunStaff->store()
#4 D:\xampp\htdocs\InventarisPIKA\vendor\codeigniter4\framework\system\CodeIgniter.php(412): CodeIgniter\CodeIgniter->runController(Object(App\Controllers\AkunStaff))
#5 D:\xampp\htdocs\InventarisPIKA\vendor\codeigniter4\framework\system\CodeIgniter.php(320): CodeIgniter\CodeIgniter->handleRequest(NULL, Object(Config\Cache), false)
#6 D:\xampp\htdocs\InventarisPIKA\public\index.php(37): CodeIgniter\CodeIgniter->run()
#7 D:\xampp\htdocs\InventarisPIKA\vendor\codeigniter4\framework\system\Commands\Server\rewrite.php(43): require_once('D:\\xampp\\htdocs...')
#8 {main}
