CRITICAL - 2022-03-17 19:27:12 --> Invalid file: Signup.php
#0 D:\xampp\htdocs\InventarisPIKA\vendor\codeigniter4\framework\system\View\View.php(198): CodeIgniter\Exceptions\FrameworkException::forInvalidFile('Signup.php')
#1 D:\xampp\htdocs\InventarisPIKA\vendor\codeigniter4\framework\system\Common.php(1089): CodeIgniter\View\View->render('Signup', Array, true)
#2 D:\xampp\htdocs\InventarisPIKA\app\Controllers\Form.php(15): view('Signup', Array)
#3 D:\xampp\htdocs\InventarisPIKA\vendor\codeigniter4\framework\system\CodeIgniter.php(825): App\Controllers\Form->index()
#4 D:\xampp\htdocs\InventarisPIKA\vendor\codeigniter4\framework\system\CodeIgniter.php(412): CodeIgniter\CodeIgniter->runController(Object(App\Controllers\Form))
#5 D:\xampp\htdocs\InventarisPIKA\vendor\codeigniter4\framework\system\CodeIgniter.php(320): CodeIgniter\CodeIgniter->handleRequest(NULL, Object(Config\Cache), false)
#6 D:\xampp\htdocs\InventarisPIKA\public\index.php(37): CodeIgniter\CodeIgniter->run()
#7 D:\xampp\htdocs\InventarisPIKA\vendor\codeigniter4\framework\system\Commands\Server\rewrite.php(43): require_once('D:\\xampp\\htdocs...')
#8 {main}
CRITICAL - 2022-03-17 19:29:27 --> Invalid file: Signup.php
#0 D:\xampp\htdocs\InventarisPIKA\vendor\codeigniter4\framework\system\View\View.php(198): CodeIgniter\Exceptions\FrameworkException::forInvalidFile('Signup.php')
#1 D:\xampp\htdocs\InventarisPIKA\vendor\codeigniter4\framework\system\Common.php(1089): CodeIgniter\View\View->render('Signup', Array, true)
#2 D:\xampp\htdocs\InventarisPIKA\app\Controllers\Form.php(15): view('Signup', Array)
#3 D:\xampp\htdocs\InventarisPIKA\vendor\codeigniter4\framework\system\CodeIgniter.php(825): App\Controllers\Form->index()
#4 D:\xampp\htdocs\InventarisPIKA\vendor\codeigniter4\framework\system\CodeIgniter.php(412): CodeIgniter\CodeIgniter->runController(Object(App\Controllers\Form))
#5 D:\xampp\htdocs\InventarisPIKA\vendor\codeigniter4\framework\system\CodeIgniter.php(320): CodeIgniter\CodeIgniter->handleRequest(NULL, Object(Config\Cache), false)
#6 D:\xampp\htdocs\InventarisPIKA\public\index.php(37): CodeIgniter\CodeIgniter->run()
#7 D:\xampp\htdocs\InventarisPIKA\vendor\codeigniter4\framework\system\Commands\Server\rewrite.php(43): require_once('D:\\xampp\\htdocs...')
#8 {main}
CRITICAL - 2022-03-17 19:55:14 --> Cannot use empty array elements in arrays
#0 [internal function]: CodeIgniter\Debug\Exceptions->shutdownHandler()
#1 {main}
CRITICAL - 2022-03-17 19:55:25 --> valid_email   is not a valid rule.
#0 D:\xampp\htdocs\InventarisPIKA\vendor\codeigniter4\framework\system\Validation\Validation.php(300): CodeIgniter\Validation\Exceptions\ValidationException::forRuleNotFound('valid_email  ')
#1 D:\xampp\htdocs\InventarisPIKA\vendor\codeigniter4\framework\system\Validation\Validation.php(157): CodeIgniter\Validation\Validation->processRules('email', 'psername', '123@netnot.com', Array, Array)
#2 D:\xampp\htdocs\InventarisPIKA\vendor\codeigniter4\framework\system\Controller.php(160): CodeIgniter\Validation\Validation->run()
#3 D:\xampp\htdocs\InventarisPIKA\app\Controllers\Form.php(14): CodeIgniter\Controller->validate(Array)
#4 D:\xampp\htdocs\InventarisPIKA\vendor\codeigniter4\framework\system\CodeIgniter.php(825): App\Controllers\Form->index()
#5 D:\xampp\htdocs\InventarisPIKA\vendor\codeigniter4\framework\system\CodeIgniter.php(412): CodeIgniter\CodeIgniter->runController(Object(App\Controllers\Form))
#6 D:\xampp\htdocs\InventarisPIKA\vendor\codeigniter4\framework\system\CodeIgniter.php(320): CodeIgniter\CodeIgniter->handleRequest(NULL, Object(Config\Cache), false)
#7 D:\xampp\htdocs\InventarisPIKA\public\index.php(37): CodeIgniter\CodeIgniter->run()
#8 D:\xampp\htdocs\InventarisPIKA\vendor\codeigniter4\framework\system\Commands\Server\rewrite.php(43): require_once('D:\\xampp\\htdocs...')
#9 {main}
CRITICAL - 2022-03-17 19:55:30 --> valid_email   is not a valid rule.
#0 D:\xampp\htdocs\InventarisPIKA\vendor\codeigniter4\framework\system\Validation\Validation.php(300): CodeIgniter\Validation\Exceptions\ValidationException::forRuleNotFound('valid_email  ')
#1 D:\xampp\htdocs\InventarisPIKA\vendor\codeigniter4\framework\system\Validation\Validation.php(157): CodeIgniter\Validation\Validation->processRules('email', 'psername', '123@netnot.com', Array, Array)
#2 D:\xampp\htdocs\InventarisPIKA\vendor\codeigniter4\framework\system\Controller.php(160): CodeIgniter\Validation\Validation->run()
#3 D:\xampp\htdocs\InventarisPIKA\app\Controllers\Form.php(14): CodeIgniter\Controller->validate(Array)
#4 D:\xampp\htdocs\InventarisPIKA\vendor\codeigniter4\framework\system\CodeIgniter.php(825): App\Controllers\Form->index()
#5 D:\xampp\htdocs\InventarisPIKA\vendor\codeigniter4\framework\system\CodeIgniter.php(412): CodeIgniter\CodeIgniter->runController(Object(App\Controllers\Form))
#6 D:\xampp\htdocs\InventarisPIKA\vendor\codeigniter4\framework\system\CodeIgniter.php(320): CodeIgniter\CodeIgniter->handleRequest(NULL, Object(Config\Cache), false)
#7 D:\xampp\htdocs\InventarisPIKA\public\index.php(37): CodeIgniter\CodeIgniter->run()
#8 D:\xampp\htdocs\InventarisPIKA\vendor\codeigniter4\framework\system\Commands\Server\rewrite.php(43): require_once('D:\\xampp\\htdocs...')
#9 {main}
CRITICAL - 2022-03-17 22:44:08 --> Invalid file: tambah-ruang.php
#0 D:\xampp\htdocs\InventarisPIKA\vendor\codeigniter4\framework\system\View\View.php(198): CodeIgniter\Exceptions\FrameworkException::forInvalidFile('tambah-ruang.ph...')
#1 D:\xampp\htdocs\InventarisPIKA\vendor\codeigniter4\framework\system\Common.php(1089): CodeIgniter\View\View->render('tambah-ruang', Array, true)
#2 D:\xampp\htdocs\InventarisPIKA\app\Controllers\Ruang.php(31): view('tambah-ruang', Array)
#3 D:\xampp\htdocs\InventarisPIKA\vendor\codeigniter4\framework\system\CodeIgniter.php(825): App\Controllers\Ruang->store()
#4 D:\xampp\htdocs\InventarisPIKA\vendor\codeigniter4\framework\system\CodeIgniter.php(412): CodeIgniter\CodeIgniter->runController(Object(App\Controllers\Ruang))
#5 D:\xampp\htdocs\InventarisPIKA\vendor\codeigniter4\framework\system\CodeIgniter.php(320): CodeIgniter\CodeIgniter->handleRequest(NULL, Object(Config\Cache), false)
#6 D:\xampp\htdocs\InventarisPIKA\public\index.php(37): CodeIgniter\CodeIgniter->run()
#7 D:\xampp\htdocs\InventarisPIKA\vendor\codeigniter4\framework\system\Commands\Server\rewrite.php(43): require_once('D:\\xampp\\htdocs...')
#8 {main}
CRITICAL - 2022-03-17 22:46:21 --> Undefined variable $validation
#0 D:\xampp\htdocs\InventarisPIKA\app\Views\templates\tambah-ruang.php(73): CodeIgniter\Debug\Exceptions->errorHandler(2, 'Undefined varia...', 'D:\\xampp\\htdocs...', 73)
#1 D:\xampp\htdocs\InventarisPIKA\vendor\codeigniter4\framework\system\View\View.php(210): include('D:\\xampp\\htdocs...')
#2 D:\xampp\htdocs\InventarisPIKA\vendor\codeigniter4\framework\system\View\View.php(213): CodeIgniter\View\View->CodeIgniter\View\{closure}()
#3 D:\xampp\htdocs\InventarisPIKA\vendor\codeigniter4\framework\system\Common.php(1089): CodeIgniter\View\View->render('templates/tamba...', Array, true)
#4 D:\xampp\htdocs\InventarisPIKA\app\Controllers\Ruang.php(21): view('templates/tamba...')
#5 D:\xampp\htdocs\InventarisPIKA\vendor\codeigniter4\framework\system\CodeIgniter.php(825): App\Controllers\Ruang->tambah()
#6 D:\xampp\htdocs\InventarisPIKA\vendor\codeigniter4\framework\system\CodeIgniter.php(412): CodeIgniter\CodeIgniter->runController(Object(App\Controllers\Ruang))
#7 D:\xampp\htdocs\InventarisPIKA\vendor\codeigniter4\framework\system\CodeIgniter.php(320): CodeIgniter\CodeIgniter->handleRequest(NULL, Object(Config\Cache), false)
#8 D:\xampp\htdocs\InventarisPIKA\public\index.php(37): CodeIgniter\CodeIgniter->run()
#9 D:\xampp\htdocs\InventarisPIKA\vendor\codeigniter4\framework\system\Commands\Server\rewrite.php(43): require_once('D:\\xampp\\htdocs...')
#10 {main}
CRITICAL - 2022-03-17 22:49:04 --> Undefined variable $validation
#0 D:\xampp\htdocs\InventarisPIKA\app\Views\templates\tambah-ruang.php(73): CodeIgniter\Debug\Exceptions->errorHandler(2, 'Undefined varia...', 'D:\\xampp\\htdocs...', 73)
#1 D:\xampp\htdocs\InventarisPIKA\vendor\codeigniter4\framework\system\View\View.php(210): include('D:\\xampp\\htdocs...')
#2 D:\xampp\htdocs\InventarisPIKA\vendor\codeigniter4\framework\system\View\View.php(213): CodeIgniter\View\View->CodeIgniter\View\{closure}()
#3 D:\xampp\htdocs\InventarisPIKA\vendor\codeigniter4\framework\system\Common.php(1089): CodeIgniter\View\View->render('templates/tamba...', Array, true)
#4 D:\xampp\htdocs\InventarisPIKA\app\Controllers\Ruang.php(22): view('templates/tamba...')
#5 D:\xampp\htdocs\InventarisPIKA\vendor\codeigniter4\framework\system\CodeIgniter.php(825): App\Controllers\Ruang->tambah()
#6 D:\xampp\htdocs\InventarisPIKA\vendor\codeigniter4\framework\system\CodeIgniter.php(412): CodeIgniter\CodeIgniter->runController(Object(App\Controllers\Ruang))
#7 D:\xampp\htdocs\InventarisPIKA\vendor\codeigniter4\framework\system\CodeIgniter.php(320): CodeIgniter\CodeIgniter->handleRequest(NULL, Object(Config\Cache), false)
#8 D:\xampp\htdocs\InventarisPIKA\public\index.php(37): CodeIgniter\CodeIgniter->run()
#9 D:\xampp\htdocs\InventarisPIKA\vendor\codeigniter4\framework\system\Commands\Server\rewrite.php(43): require_once('D:\\xampp\\htdocs...')
#10 {main}
CRITICAL - 2022-03-17 22:51:41 --> Undefined variable $validation
#0 D:\xampp\htdocs\InventarisPIKA\app\Views\templates\tambah-ruang.php(73): CodeIgniter\Debug\Exceptions->errorHandler(2, 'Undefined varia...', 'D:\\xampp\\htdocs...', 73)
#1 D:\xampp\htdocs\InventarisPIKA\vendor\codeigniter4\framework\system\View\View.php(210): include('D:\\xampp\\htdocs...')
#2 D:\xampp\htdocs\InventarisPIKA\vendor\codeigniter4\framework\system\View\View.php(213): CodeIgniter\View\View->CodeIgniter\View\{closure}()
#3 D:\xampp\htdocs\InventarisPIKA\vendor\codeigniter4\framework\system\Common.php(1089): CodeIgniter\View\View->render('templates/tamba...', Array, true)
#4 D:\xampp\htdocs\InventarisPIKA\app\Controllers\Ruang.php(23): view('templates/tamba...')
#5 D:\xampp\htdocs\InventarisPIKA\vendor\codeigniter4\framework\system\CodeIgniter.php(825): App\Controllers\Ruang->tambah()
#6 D:\xampp\htdocs\InventarisPIKA\vendor\codeigniter4\framework\system\CodeIgniter.php(412): CodeIgniter\CodeIgniter->runController(Object(App\Controllers\Ruang))
#7 D:\xampp\htdocs\InventarisPIKA\vendor\codeigniter4\framework\system\CodeIgniter.php(320): CodeIgniter\CodeIgniter->handleRequest(NULL, Object(Config\Cache), false)
#8 D:\xampp\htdocs\InventarisPIKA\public\index.php(37): CodeIgniter\CodeIgniter->run()
#9 D:\xampp\htdocs\InventarisPIKA\vendor\codeigniter4\framework\system\Commands\Server\rewrite.php(43): require_once('D:\\xampp\\htdocs...')
#10 {main}
CRITICAL - 2022-03-17 22:51:41 --> Undefined variable $validation
#0 D:\xampp\htdocs\InventarisPIKA\app\Views\templates\tambah-ruang.php(73): CodeIgniter\Debug\Exceptions->errorHandler(2, 'Undefined varia...', 'D:\\xampp\\htdocs...', 73)
#1 D:\xampp\htdocs\InventarisPIKA\vendor\codeigniter4\framework\system\View\View.php(210): include('D:\\xampp\\htdocs...')
#2 D:\xampp\htdocs\InventarisPIKA\vendor\codeigniter4\framework\system\View\View.php(213): CodeIgniter\View\View->CodeIgniter\View\{closure}()
#3 D:\xampp\htdocs\InventarisPIKA\vendor\codeigniter4\framework\system\Common.php(1089): CodeIgniter\View\View->render('templates/tamba...', Array, true)
#4 D:\xampp\htdocs\InventarisPIKA\app\Controllers\Ruang.php(23): view('templates/tamba...')
#5 D:\xampp\htdocs\InventarisPIKA\vendor\codeigniter4\framework\system\CodeIgniter.php(825): App\Controllers\Ruang->tambah()
#6 D:\xampp\htdocs\InventarisPIKA\vendor\codeigniter4\framework\system\CodeIgniter.php(412): CodeIgniter\CodeIgniter->runController(Object(App\Controllers\Ruang))
#7 D:\xampp\htdocs\InventarisPIKA\vendor\codeigniter4\framework\system\CodeIgniter.php(320): CodeIgniter\CodeIgniter->handleRequest(NULL, Object(Config\Cache), false)
#8 D:\xampp\htdocs\InventarisPIKA\public\index.php(37): CodeIgniter\CodeIgniter->run()
#9 D:\xampp\htdocs\InventarisPIKA\vendor\codeigniter4\framework\system\Commands\Server\rewrite.php(43): require_once('D:\\xampp\\htdocs...')
#10 {main}
CRITICAL - 2022-03-17 22:51:44 --> Undefined variable $validation
#0 D:\xampp\htdocs\InventarisPIKA\app\Views\templates\tambah-ruang.php(73): CodeIgniter\Debug\Exceptions->errorHandler(2, 'Undefined varia...', 'D:\\xampp\\htdocs...', 73)
#1 D:\xampp\htdocs\InventarisPIKA\vendor\codeigniter4\framework\system\View\View.php(210): include('D:\\xampp\\htdocs...')
#2 D:\xampp\htdocs\InventarisPIKA\vendor\codeigniter4\framework\system\View\View.php(213): CodeIgniter\View\View->CodeIgniter\View\{closure}()
#3 D:\xampp\htdocs\InventarisPIKA\vendor\codeigniter4\framework\system\Common.php(1089): CodeIgniter\View\View->render('templates/tamba...', Array, true)
#4 D:\xampp\htdocs\InventarisPIKA\app\Controllers\Ruang.php(23): view('templates/tamba...')
#5 D:\xampp\htdocs\InventarisPIKA\vendor\codeigniter4\framework\system\CodeIgniter.php(825): App\Controllers\Ruang->tambah()
#6 D:\xampp\htdocs\InventarisPIKA\vendor\codeigniter4\framework\system\CodeIgniter.php(412): CodeIgniter\CodeIgniter->runController(Object(App\Controllers\Ruang))
#7 D:\xampp\htdocs\InventarisPIKA\vendor\codeigniter4\framework\system\CodeIgniter.php(320): CodeIgniter\CodeIgniter->handleRequest(NULL, Object(Config\Cache), false)
#8 D:\xampp\htdocs\InventarisPIKA\public\index.php(37): CodeIgniter\CodeIgniter->run()
#9 D:\xampp\htdocs\InventarisPIKA\vendor\codeigniter4\framework\system\Commands\Server\rewrite.php(43): require_once('D:\\xampp\\htdocs...')
#10 {main}
CRITICAL - 2022-03-17 22:52:18 --> Cannot use [] for reading
#0 D:\xampp\htdocs\InventarisPIKA\vendor\codeigniter4\framework\system\CodeIgniter.php(825): App\Controllers\Ruang->tambah()
#1 D:\xampp\htdocs\InventarisPIKA\vendor\codeigniter4\framework\system\CodeIgniter.php(412): CodeIgniter\CodeIgniter->runController(Object(App\Controllers\Ruang))
#2 D:\xampp\htdocs\InventarisPIKA\vendor\codeigniter4\framework\system\CodeIgniter.php(320): CodeIgniter\CodeIgniter->handleRequest(NULL, Object(Config\Cache), false)
#3 D:\xampp\htdocs\InventarisPIKA\public\index.php(37): CodeIgniter\CodeIgniter->run()
#4 D:\xampp\htdocs\InventarisPIKA\vendor\codeigniter4\framework\system\Commands\Server\rewrite.php(43): require_once('D:\\xampp\\htdocs...')
#5 {main}
CRITICAL - 2022-03-17 22:52:34 --> Undefined variable $validation
#0 D:\xampp\htdocs\InventarisPIKA\app\Views\templates\tambah-ruang.php(73): CodeIgniter\Debug\Exceptions->errorHandler(2, 'Undefined varia...', 'D:\\xampp\\htdocs...', 73)
#1 D:\xampp\htdocs\InventarisPIKA\vendor\codeigniter4\framework\system\View\View.php(210): include('D:\\xampp\\htdocs...')
#2 D:\xampp\htdocs\InventarisPIKA\vendor\codeigniter4\framework\system\View\View.php(213): CodeIgniter\View\View->CodeIgniter\View\{closure}()
#3 D:\xampp\htdocs\InventarisPIKA\vendor\codeigniter4\framework\system\Common.php(1089): CodeIgniter\View\View->render('templates/tamba...', Array, true)
#4 D:\xampp\htdocs\InventarisPIKA\app\Controllers\Ruang.php(23): view('templates/tamba...', Array)
#5 D:\xampp\htdocs\InventarisPIKA\vendor\codeigniter4\framework\system\CodeIgniter.php(825): App\Controllers\Ruang->tambah()
#6 D:\xampp\htdocs\InventarisPIKA\vendor\codeigniter4\framework\system\CodeIgniter.php(412): CodeIgniter\CodeIgniter->runController(Object(App\Controllers\Ruang))
#7 D:\xampp\htdocs\InventarisPIKA\vendor\codeigniter4\framework\system\CodeIgniter.php(320): CodeIgniter\CodeIgniter->handleRequest(NULL, Object(Config\Cache), false)
#8 D:\xampp\htdocs\InventarisPIKA\public\index.php(37): CodeIgniter\CodeIgniter->run()
#9 D:\xampp\htdocs\InventarisPIKA\vendor\codeigniter4\framework\system\Commands\Server\rewrite.php(43): require_once('D:\\xampp\\htdocs...')
#10 {main}
CRITICAL - 2022-03-17 22:56:05 --> Undefined variable $validation
#0 D:\xampp\htdocs\InventarisPIKA\app\Views\templates\tambah-ruang.php(73): CodeIgniter\Debug\Exceptions->errorHandler(2, 'Undefined varia...', 'D:\\xampp\\htdocs...', 73)
#1 D:\xampp\htdocs\InventarisPIKA\vendor\codeigniter4\framework\system\View\View.php(210): include('D:\\xampp\\htdocs...')
#2 D:\xampp\htdocs\InventarisPIKA\vendor\codeigniter4\framework\system\View\View.php(213): CodeIgniter\View\View->CodeIgniter\View\{closure}()
#3 D:\xampp\htdocs\InventarisPIKA\vendor\codeigniter4\framework\system\Common.php(1089): CodeIgniter\View\View->render('templates/tamba...', Array, true)
#4 D:\xampp\htdocs\InventarisPIKA\app\Controllers\Ruang.php(21): view('templates/tamba...')
#5 D:\xampp\htdocs\InventarisPIKA\vendor\codeigniter4\framework\system\CodeIgniter.php(825): App\Controllers\Ruang->tambah()
#6 D:\xampp\htdocs\InventarisPIKA\vendor\codeigniter4\framework\system\CodeIgniter.php(412): CodeIgniter\CodeIgniter->runController(Object(App\Controllers\Ruang))
#7 D:\xampp\htdocs\InventarisPIKA\vendor\codeigniter4\framework\system\CodeIgniter.php(320): CodeIgniter\CodeIgniter->handleRequest(NULL, Object(Config\Cache), false)
#8 D:\xampp\htdocs\InventarisPIKA\public\index.php(37): CodeIgniter\CodeIgniter->run()
#9 D:\xampp\htdocs\InventarisPIKA\vendor\codeigniter4\framework\system\Commands\Server\rewrite.php(43): require_once('D:\\xampp\\htdocs...')
#10 {main}
CRITICAL - 2022-03-17 22:56:08 --> Undefined variable $validation
#0 D:\xampp\htdocs\InventarisPIKA\app\Views\templates\tambah-ruang.php(73): CodeIgniter\Debug\Exceptions->errorHandler(2, 'Undefined varia...', 'D:\\xampp\\htdocs...', 73)
#1 D:\xampp\htdocs\InventarisPIKA\vendor\codeigniter4\framework\system\View\View.php(210): include('D:\\xampp\\htdocs...')
#2 D:\xampp\htdocs\InventarisPIKA\vendor\codeigniter4\framework\system\View\View.php(213): CodeIgniter\View\View->CodeIgniter\View\{closure}()
#3 D:\xampp\htdocs\InventarisPIKA\vendor\codeigniter4\framework\system\Common.php(1089): CodeIgniter\View\View->render('templates/tamba...', Array, true)
#4 D:\xampp\htdocs\InventarisPIKA\app\Controllers\Ruang.php(21): view('templates/tamba...')
#5 D:\xampp\htdocs\InventarisPIKA\vendor\codeigniter4\framework\system\CodeIgniter.php(825): App\Controllers\Ruang->tambah()
#6 D:\xampp\htdocs\InventarisPIKA\vendor\codeigniter4\framework\system\CodeIgniter.php(412): CodeIgniter\CodeIgniter->runController(Object(App\Controllers\Ruang))
#7 D:\xampp\htdocs\InventarisPIKA\vendor\codeigniter4\framework\system\CodeIgniter.php(320): CodeIgniter\CodeIgniter->handleRequest(NULL, Object(Config\Cache), false)
#8 D:\xampp\htdocs\InventarisPIKA\public\index.php(37): CodeIgniter\CodeIgniter->run()
#9 D:\xampp\htdocs\InventarisPIKA\vendor\codeigniter4\framework\system\Commands\Server\rewrite.php(43): require_once('D:\\xampp\\htdocs...')
#10 {main}
CRITICAL - 2022-03-17 22:56:14 --> Undefined variable $validation
#0 D:\xampp\htdocs\InventarisPIKA\app\Views\templates\tambah-ruang.php(73): CodeIgniter\Debug\Exceptions->errorHandler(2, 'Undefined varia...', 'D:\\xampp\\htdocs...', 73)
#1 D:\xampp\htdocs\InventarisPIKA\vendor\codeigniter4\framework\system\View\View.php(210): include('D:\\xampp\\htdocs...')
#2 D:\xampp\htdocs\InventarisPIKA\vendor\codeigniter4\framework\system\View\View.php(213): CodeIgniter\View\View->CodeIgniter\View\{closure}()
#3 D:\xampp\htdocs\InventarisPIKA\vendor\codeigniter4\framework\system\Common.php(1089): CodeIgniter\View\View->render('templates/tamba...', Array, true)
#4 D:\xampp\htdocs\InventarisPIKA\app\Controllers\Ruang.php(21): view('templates/tamba...')
#5 D:\xampp\htdocs\InventarisPIKA\vendor\codeigniter4\framework\system\CodeIgniter.php(825): App\Controllers\Ruang->tambah()
#6 D:\xampp\htdocs\InventarisPIKA\vendor\codeigniter4\framework\system\CodeIgniter.php(412): CodeIgniter\CodeIgniter->runController(Object(App\Controllers\Ruang))
#7 D:\xampp\htdocs\InventarisPIKA\vendor\codeigniter4\framework\system\CodeIgniter.php(320): CodeIgniter\CodeIgniter->handleRequest(NULL, Object(Config\Cache), false)
#8 D:\xampp\htdocs\InventarisPIKA\public\index.php(37): CodeIgniter\CodeIgniter->run()
#9 D:\xampp\htdocs\InventarisPIKA\vendor\codeigniter4\framework\system\Commands\Server\rewrite.php(43): require_once('D:\\xampp\\htdocs...')
#10 {main}
CRITICAL - 2022-03-17 22:56:23 --> Undefined variable $validation
#0 D:\xampp\htdocs\InventarisPIKA\app\Views\templates\tambah-ruang.php(73): CodeIgniter\Debug\Exceptions->errorHandler(2, 'Undefined varia...', 'D:\\xampp\\htdocs...', 73)
#1 D:\xampp\htdocs\InventarisPIKA\vendor\codeigniter4\framework\system\View\View.php(210): include('D:\\xampp\\htdocs...')
#2 D:\xampp\htdocs\InventarisPIKA\vendor\codeigniter4\framework\system\View\View.php(213): CodeIgniter\View\View->CodeIgniter\View\{closure}()
#3 D:\xampp\htdocs\InventarisPIKA\vendor\codeigniter4\framework\system\Common.php(1089): CodeIgniter\View\View->render('templates/tamba...', Array, true)
#4 D:\xampp\htdocs\InventarisPIKA\app\Controllers\Ruang.php(21): view('templates/tamba...')
#5 D:\xampp\htdocs\InventarisPIKA\vendor\codeigniter4\framework\system\CodeIgniter.php(825): App\Controllers\Ruang->tambah()
#6 D:\xampp\htdocs\InventarisPIKA\vendor\codeigniter4\framework\system\CodeIgniter.php(412): CodeIgniter\CodeIgniter->runController(Object(App\Controllers\Ruang))
#7 D:\xampp\htdocs\InventarisPIKA\vendor\codeigniter4\framework\system\CodeIgniter.php(320): CodeIgniter\CodeIgniter->handleRequest(NULL, Object(Config\Cache), false)
#8 D:\xampp\htdocs\InventarisPIKA\public\index.php(37): CodeIgniter\CodeIgniter->run()
#9 D:\xampp\htdocs\InventarisPIKA\vendor\codeigniter4\framework\system\Commands\Server\rewrite.php(43): require_once('D:\\xampp\\htdocs...')
#10 {main}
CRITICAL - 2022-03-17 22:58:13 --> Undefined variable $validation
#0 D:\xampp\htdocs\InventarisPIKA\app\Views\templates\tambah-ruang.php(74): CodeIgniter\Debug\Exceptions->errorHandler(2, 'Undefined varia...', 'D:\\xampp\\htdocs...', 74)
#1 D:\xampp\htdocs\InventarisPIKA\vendor\codeigniter4\framework\system\View\View.php(210): include('D:\\xampp\\htdocs...')
#2 D:\xampp\htdocs\InventarisPIKA\vendor\codeigniter4\framework\system\View\View.php(213): CodeIgniter\View\View->CodeIgniter\View\{closure}()
#3 D:\xampp\htdocs\InventarisPIKA\vendor\codeigniter4\framework\system\Common.php(1089): CodeIgniter\View\View->render('templates/tamba...', Array, true)
#4 D:\xampp\htdocs\InventarisPIKA\app\Controllers\Ruang.php(21): view('templates/tamba...')
#5 D:\xampp\htdocs\InventarisPIKA\vendor\codeigniter4\framework\system\CodeIgniter.php(825): App\Controllers\Ruang->tambah()
#6 D:\xampp\htdocs\InventarisPIKA\vendor\codeigniter4\framework\system\CodeIgniter.php(412): CodeIgniter\CodeIgniter->runController(Object(App\Controllers\Ruang))
#7 D:\xampp\htdocs\InventarisPIKA\vendor\codeigniter4\framework\system\CodeIgniter.php(320): CodeIgniter\CodeIgniter->handleRequest(NULL, Object(Config\Cache), false)
#8 D:\xampp\htdocs\InventarisPIKA\public\index.php(37): CodeIgniter\CodeIgniter->run()
#9 D:\xampp\htdocs\InventarisPIKA\vendor\codeigniter4\framework\system\Commands\Server\rewrite.php(43): require_once('D:\\xampp\\htdocs...')
#10 {main}
CRITICAL - 2022-03-17 22:58:14 --> Undefined variable $validation
#0 D:\xampp\htdocs\InventarisPIKA\app\Views\templates\tambah-ruang.php(74): CodeIgniter\Debug\Exceptions->errorHandler(2, 'Undefined varia...', 'D:\\xampp\\htdocs...', 74)
#1 D:\xampp\htdocs\InventarisPIKA\vendor\codeigniter4\framework\system\View\View.php(210): include('D:\\xampp\\htdocs...')
#2 D:\xampp\htdocs\InventarisPIKA\vendor\codeigniter4\framework\system\View\View.php(213): CodeIgniter\View\View->CodeIgniter\View\{closure}()
#3 D:\xampp\htdocs\InventarisPIKA\vendor\codeigniter4\framework\system\Common.php(1089): CodeIgniter\View\View->render('templates/tamba...', Array, true)
#4 D:\xampp\htdocs\InventarisPIKA\app\Controllers\Ruang.php(21): view('templates/tamba...')
#5 D:\xampp\htdocs\InventarisPIKA\vendor\codeigniter4\framework\system\CodeIgniter.php(825): App\Controllers\Ruang->tambah()
#6 D:\xampp\htdocs\InventarisPIKA\vendor\codeigniter4\framework\system\CodeIgniter.php(412): CodeIgniter\CodeIgniter->runController(Object(App\Controllers\Ruang))
#7 D:\xampp\htdocs\InventarisPIKA\vendor\codeigniter4\framework\system\CodeIgniter.php(320): CodeIgniter\CodeIgniter->handleRequest(NULL, Object(Config\Cache), false)
#8 D:\xampp\htdocs\InventarisPIKA\public\index.php(37): CodeIgniter\CodeIgniter->run()
#9 D:\xampp\htdocs\InventarisPIKA\vendor\codeigniter4\framework\system\Commands\Server\rewrite.php(43): require_once('D:\\xampp\\htdocs...')
#10 {main}
CRITICAL - 2022-03-17 22:58:14 --> Undefined variable $validation
#0 D:\xampp\htdocs\InventarisPIKA\app\Views\templates\tambah-ruang.php(74): CodeIgniter\Debug\Exceptions->errorHandler(2, 'Undefined varia...', 'D:\\xampp\\htdocs...', 74)
#1 D:\xampp\htdocs\InventarisPIKA\vendor\codeigniter4\framework\system\View\View.php(210): include('D:\\xampp\\htdocs...')
#2 D:\xampp\htdocs\InventarisPIKA\vendor\codeigniter4\framework\system\View\View.php(213): CodeIgniter\View\View->CodeIgniter\View\{closure}()
#3 D:\xampp\htdocs\InventarisPIKA\vendor\codeigniter4\framework\system\Common.php(1089): CodeIgniter\View\View->render('templates/tamba...', Array, true)
#4 D:\xampp\htdocs\InventarisPIKA\app\Controllers\Ruang.php(21): view('templates/tamba...')
#5 D:\xampp\htdocs\InventarisPIKA\vendor\codeigniter4\framework\system\CodeIgniter.php(825): App\Controllers\Ruang->tambah()
#6 D:\xampp\htdocs\InventarisPIKA\vendor\codeigniter4\framework\system\CodeIgniter.php(412): CodeIgniter\CodeIgniter->runController(Object(App\Controllers\Ruang))
#7 D:\xampp\htdocs\InventarisPIKA\vendor\codeigniter4\framework\system\CodeIgniter.php(320): CodeIgniter\CodeIgniter->handleRequest(NULL, Object(Config\Cache), false)
#8 D:\xampp\htdocs\InventarisPIKA\public\index.php(37): CodeIgniter\CodeIgniter->run()
#9 D:\xampp\htdocs\InventarisPIKA\vendor\codeigniter4\framework\system\Commands\Server\rewrite.php(43): require_once('D:\\xampp\\htdocs...')
#10 {main}
CRITICAL - 2022-03-17 22:58:15 --> Undefined variable $validation
#0 D:\xampp\htdocs\InventarisPIKA\app\Views\templates\tambah-ruang.php(74): CodeIgniter\Debug\Exceptions->errorHandler(2, 'Undefined varia...', 'D:\\xampp\\htdocs...', 74)
#1 D:\xampp\htdocs\InventarisPIKA\vendor\codeigniter4\framework\system\View\View.php(210): include('D:\\xampp\\htdocs...')
#2 D:\xampp\htdocs\InventarisPIKA\vendor\codeigniter4\framework\system\View\View.php(213): CodeIgniter\View\View->CodeIgniter\View\{closure}()
#3 D:\xampp\htdocs\InventarisPIKA\vendor\codeigniter4\framework\system\Common.php(1089): CodeIgniter\View\View->render('templates/tamba...', Array, true)
#4 D:\xampp\htdocs\InventarisPIKA\app\Controllers\Ruang.php(21): view('templates/tamba...')
#5 D:\xampp\htdocs\InventarisPIKA\vendor\codeigniter4\framework\system\CodeIgniter.php(825): App\Controllers\Ruang->tambah()
#6 D:\xampp\htdocs\InventarisPIKA\vendor\codeigniter4\framework\system\CodeIgniter.php(412): CodeIgniter\CodeIgniter->runController(Object(App\Controllers\Ruang))
#7 D:\xampp\htdocs\InventarisPIKA\vendor\codeigniter4\framework\system\CodeIgniter.php(320): CodeIgniter\CodeIgniter->handleRequest(NULL, Object(Config\Cache), false)
#8 D:\xampp\htdocs\InventarisPIKA\public\index.php(37): CodeIgniter\CodeIgniter->run()
#9 D:\xampp\htdocs\InventarisPIKA\vendor\codeigniter4\framework\system\Commands\Server\rewrite.php(43): require_once('D:\\xampp\\htdocs...')
#10 {main}
CRITICAL - 2022-03-17 23:02:26 --> Undefined variable $validation
#0 D:\xampp\htdocs\InventarisPIKA\app\Views\templates\tambah-ruang.php(74): CodeIgniter\Debug\Exceptions->errorHandler(2, 'Undefined varia...', 'D:\\xampp\\htdocs...', 74)
#1 D:\xampp\htdocs\InventarisPIKA\vendor\codeigniter4\framework\system\View\View.php(210): include('D:\\xampp\\htdocs...')
#2 D:\xampp\htdocs\InventarisPIKA\vendor\codeigniter4\framework\system\View\View.php(213): CodeIgniter\View\View->CodeIgniter\View\{closure}()
#3 D:\xampp\htdocs\InventarisPIKA\vendor\codeigniter4\framework\system\Common.php(1089): CodeIgniter\View\View->render('templates/tamba...', Array, true)
#4 D:\xampp\htdocs\InventarisPIKA\app\Controllers\Ruang.php(21): view('templates/tamba...')
#5 D:\xampp\htdocs\InventarisPIKA\vendor\codeigniter4\framework\system\CodeIgniter.php(825): App\Controllers\Ruang->tambah()
#6 D:\xampp\htdocs\InventarisPIKA\vendor\codeigniter4\framework\system\CodeIgniter.php(412): CodeIgniter\CodeIgniter->runController(Object(App\Controllers\Ruang))
#7 D:\xampp\htdocs\InventarisPIKA\vendor\codeigniter4\framework\system\CodeIgniter.php(320): CodeIgniter\CodeIgniter->handleRequest(NULL, Object(Config\Cache), false)
#8 D:\xampp\htdocs\InventarisPIKA\public\index.php(37): CodeIgniter\CodeIgniter->run()
#9 D:\xampp\htdocs\InventarisPIKA\vendor\codeigniter4\framework\system\Commands\Server\rewrite.php(43): require_once('D:\\xampp\\htdocs...')
#10 {main}
CRITICAL - 2022-03-17 23:02:27 --> Undefined variable $validation
#0 D:\xampp\htdocs\InventarisPIKA\app\Views\templates\tambah-ruang.php(74): CodeIgniter\Debug\Exceptions->errorHandler(2, 'Undefined varia...', 'D:\\xampp\\htdocs...', 74)
#1 D:\xampp\htdocs\InventarisPIKA\vendor\codeigniter4\framework\system\View\View.php(210): include('D:\\xampp\\htdocs...')
#2 D:\xampp\htdocs\InventarisPIKA\vendor\codeigniter4\framework\system\View\View.php(213): CodeIgniter\View\View->CodeIgniter\View\{closure}()
#3 D:\xampp\htdocs\InventarisPIKA\vendor\codeigniter4\framework\system\Common.php(1089): CodeIgniter\View\View->render('templates/tamba...', Array, true)
#4 D:\xampp\htdocs\InventarisPIKA\app\Controllers\Ruang.php(21): view('templates/tamba...')
#5 D:\xampp\htdocs\InventarisPIKA\vendor\codeigniter4\framework\system\CodeIgniter.php(825): App\Controllers\Ruang->tambah()
#6 D:\xampp\htdocs\InventarisPIKA\vendor\codeigniter4\framework\system\CodeIgniter.php(412): CodeIgniter\CodeIgniter->runController(Object(App\Controllers\Ruang))
#7 D:\xampp\htdocs\InventarisPIKA\vendor\codeigniter4\framework\system\CodeIgniter.php(320): CodeIgniter\CodeIgniter->handleRequest(NULL, Object(Config\Cache), false)
#8 D:\xampp\htdocs\InventarisPIKA\public\index.php(37): CodeIgniter\CodeIgniter->run()
#9 D:\xampp\htdocs\InventarisPIKA\vendor\codeigniter4\framework\system\Commands\Server\rewrite.php(43): require_once('D:\\xampp\\htdocs...')
#10 {main}
CRITICAL - 2022-03-17 23:02:39 --> Undefined variable $validation
#0 D:\xampp\htdocs\InventarisPIKA\app\Views\templates\tambah-ruang.php(74): CodeIgniter\Debug\Exceptions->errorHandler(2, 'Undefined varia...', 'D:\\xampp\\htdocs...', 74)
#1 D:\xampp\htdocs\InventarisPIKA\vendor\codeigniter4\framework\system\View\View.php(210): include('D:\\xampp\\htdocs...')
#2 D:\xampp\htdocs\InventarisPIKA\vendor\codeigniter4\framework\system\View\View.php(213): CodeIgniter\View\View->CodeIgniter\View\{closure}()
#3 D:\xampp\htdocs\InventarisPIKA\vendor\codeigniter4\framework\system\Common.php(1089): CodeIgniter\View\View->render('templates/tamba...', Array, true)
#4 D:\xampp\htdocs\InventarisPIKA\app\Controllers\Ruang.php(21): view('templates/tamba...')
#5 D:\xampp\htdocs\InventarisPIKA\vendor\codeigniter4\framework\system\CodeIgniter.php(825): App\Controllers\Ruang->tambah()
#6 D:\xampp\htdocs\InventarisPIKA\vendor\codeigniter4\framework\system\CodeIgniter.php(412): CodeIgniter\CodeIgniter->runController(Object(App\Controllers\Ruang))
#7 D:\xampp\htdocs\InventarisPIKA\vendor\codeigniter4\framework\system\CodeIgniter.php(320): CodeIgniter\CodeIgniter->handleRequest(NULL, Object(Config\Cache), false)
#8 D:\xampp\htdocs\InventarisPIKA\public\index.php(37): CodeIgniter\CodeIgniter->run()
#9 D:\xampp\htdocs\InventarisPIKA\vendor\codeigniter4\framework\system\Commands\Server\rewrite.php(43): require_once('D:\\xampp\\htdocs...')
#10 {main}
CRITICAL - 2022-03-17 23:02:40 --> Undefined variable $validation
#0 D:\xampp\htdocs\InventarisPIKA\app\Views\templates\tambah-ruang.php(74): CodeIgniter\Debug\Exceptions->errorHandler(2, 'Undefined varia...', 'D:\\xampp\\htdocs...', 74)
#1 D:\xampp\htdocs\InventarisPIKA\vendor\codeigniter4\framework\system\View\View.php(210): include('D:\\xampp\\htdocs...')
#2 D:\xampp\htdocs\InventarisPIKA\vendor\codeigniter4\framework\system\View\View.php(213): CodeIgniter\View\View->CodeIgniter\View\{closure}()
#3 D:\xampp\htdocs\InventarisPIKA\vendor\codeigniter4\framework\system\Common.php(1089): CodeIgniter\View\View->render('templates/tamba...', Array, true)
#4 D:\xampp\htdocs\InventarisPIKA\app\Controllers\Ruang.php(21): view('templates/tamba...')
#5 D:\xampp\htdocs\InventarisPIKA\vendor\codeigniter4\framework\system\CodeIgniter.php(825): App\Controllers\Ruang->tambah()
#6 D:\xampp\htdocs\InventarisPIKA\vendor\codeigniter4\framework\system\CodeIgniter.php(412): CodeIgniter\CodeIgniter->runController(Object(App\Controllers\Ruang))
#7 D:\xampp\htdocs\InventarisPIKA\vendor\codeigniter4\framework\system\CodeIgniter.php(320): CodeIgniter\CodeIgniter->handleRequest(NULL, Object(Config\Cache), false)
#8 D:\xampp\htdocs\InventarisPIKA\public\index.php(37): CodeIgniter\CodeIgniter->run()
#9 D:\xampp\htdocs\InventarisPIKA\vendor\codeigniter4\framework\system\Commands\Server\rewrite.php(43): require_once('D:\\xampp\\htdocs...')
#10 {main}
CRITICAL - 2022-03-17 23:04:44 --> Call to a member function listErrors() on null
#0 D:\xampp\htdocs\InventarisPIKA\vendor\codeigniter4\framework\system\View\View.php(210): include()
#1 D:\xampp\htdocs\InventarisPIKA\vendor\codeigniter4\framework\system\View\View.php(213): CodeIgniter\View\View->CodeIgniter\View\{closure}()
#2 D:\xampp\htdocs\InventarisPIKA\vendor\codeigniter4\framework\system\Common.php(1089): CodeIgniter\View\View->render('templates/tamba...', Array, true)
#3 D:\xampp\htdocs\InventarisPIKA\app\Controllers\Ruang.php(23): view('templates/tamba...', Array)
#4 D:\xampp\htdocs\InventarisPIKA\vendor\codeigniter4\framework\system\CodeIgniter.php(825): App\Controllers\Ruang->tambah()
#5 D:\xampp\htdocs\InventarisPIKA\vendor\codeigniter4\framework\system\CodeIgniter.php(412): CodeIgniter\CodeIgniter->runController(Object(App\Controllers\Ruang))
#6 D:\xampp\htdocs\InventarisPIKA\vendor\codeigniter4\framework\system\CodeIgniter.php(320): CodeIgniter\CodeIgniter->handleRequest(NULL, Object(Config\Cache), false)
#7 D:\xampp\htdocs\InventarisPIKA\public\index.php(37): CodeIgniter\CodeIgniter->run()
#8 D:\xampp\htdocs\InventarisPIKA\vendor\codeigniter4\framework\system\Commands\Server\rewrite.php(43): require_once('D:\\xampp\\htdocs...')
#9 {main}
CRITICAL - 2022-03-17 23:10:15 --> Undefined variable $validation
#0 D:\xampp\htdocs\InventarisPIKA\app\Views\templates\tambah-ruang.php(74): CodeIgniter\Debug\Exceptions->errorHandler(2, 'Undefined varia...', 'D:\\xampp\\htdocs...', 74)
#1 D:\xampp\htdocs\InventarisPIKA\vendor\codeigniter4\framework\system\View\View.php(210): include('D:\\xampp\\htdocs...')
#2 D:\xampp\htdocs\InventarisPIKA\vendor\codeigniter4\framework\system\View\View.php(213): CodeIgniter\View\View->CodeIgniter\View\{closure}()
#3 D:\xampp\htdocs\InventarisPIKA\vendor\codeigniter4\framework\system\Common.php(1089): CodeIgniter\View\View->render('templates/tamba...', Array, true)
#4 D:\xampp\htdocs\InventarisPIKA\app\Controllers\Ruang.php(22): view('templates/tamba...')
#5 D:\xampp\htdocs\InventarisPIKA\vendor\codeigniter4\framework\system\CodeIgniter.php(825): App\Controllers\Ruang->tambah()
#6 D:\xampp\htdocs\InventarisPIKA\vendor\codeigniter4\framework\system\CodeIgniter.php(412): CodeIgniter\CodeIgniter->runController(Object(App\Controllers\Ruang))
#7 D:\xampp\htdocs\InventarisPIKA\vendor\codeigniter4\framework\system\CodeIgniter.php(320): CodeIgniter\CodeIgniter->handleRequest(NULL, Object(Config\Cache), false)
#8 D:\xampp\htdocs\InventarisPIKA\public\index.php(37): CodeIgniter\CodeIgniter->run()
#9 D:\xampp\htdocs\InventarisPIKA\vendor\codeigniter4\framework\system\Commands\Server\rewrite.php(43): require_once('D:\\xampp\\htdocs...')
#10 {main}
CRITICAL - 2022-03-17 23:15:25 --> Undefined variable $validation
#0 D:\xampp\htdocs\InventarisPIKA\app\Views\templates\tambah-ruang.php(74): CodeIgniter\Debug\Exceptions->errorHandler(2, 'Undefined varia...', 'D:\\xampp\\htdocs...', 74)
#1 D:\xampp\htdocs\InventarisPIKA\vendor\codeigniter4\framework\system\View\View.php(210): include('D:\\xampp\\htdocs...')
#2 D:\xampp\htdocs\InventarisPIKA\vendor\codeigniter4\framework\system\View\View.php(213): CodeIgniter\View\View->CodeIgniter\View\{closure}()
#3 D:\xampp\htdocs\InventarisPIKA\vendor\codeigniter4\framework\system\Common.php(1089): CodeIgniter\View\View->render('templates/tamba...', Array, true)
#4 D:\xampp\htdocs\InventarisPIKA\app\Controllers\Ruang.php(22): view('templates/tamba...')
#5 D:\xampp\htdocs\InventarisPIKA\vendor\codeigniter4\framework\system\CodeIgniter.php(825): App\Controllers\Ruang->tambah()
#6 D:\xampp\htdocs\InventarisPIKA\vendor\codeigniter4\framework\system\CodeIgniter.php(412): CodeIgniter\CodeIgniter->runController(Object(App\Controllers\Ruang))
#7 D:\xampp\htdocs\InventarisPIKA\vendor\codeigniter4\framework\system\CodeIgniter.php(320): CodeIgniter\CodeIgniter->handleRequest(NULL, Object(Config\Cache), false)
#8 D:\xampp\htdocs\InventarisPIKA\public\index.php(37): CodeIgniter\CodeIgniter->run()
#9 D:\xampp\htdocs\InventarisPIKA\vendor\codeigniter4\framework\system\Commands\Server\rewrite.php(43): require_once('D:\\xampp\\htdocs...')
#10 {main}
CRITICAL - 2022-03-17 23:17:20 --> Undefined variable $validation
#0 D:\xampp\htdocs\InventarisPIKA\app\Views\templates\tambah-ruang.php(74): CodeIgniter\Debug\Exceptions->errorHandler(2, 'Undefined varia...', 'D:\\xampp\\htdocs...', 74)
#1 D:\xampp\htdocs\InventarisPIKA\vendor\codeigniter4\framework\system\View\View.php(210): include('D:\\xampp\\htdocs...')
#2 D:\xampp\htdocs\InventarisPIKA\vendor\codeigniter4\framework\system\View\View.php(213): CodeIgniter\View\View->CodeIgniter\View\{closure}()
#3 D:\xampp\htdocs\InventarisPIKA\vendor\codeigniter4\framework\system\Common.php(1089): CodeIgniter\View\View->render('templates/tamba...', Array, true)
#4 D:\xampp\htdocs\InventarisPIKA\app\Controllers\Ruang.php(22): view('templates/tamba...')
#5 D:\xampp\htdocs\InventarisPIKA\vendor\codeigniter4\framework\system\CodeIgniter.php(825): App\Controllers\Ruang->tambah()
#6 D:\xampp\htdocs\InventarisPIKA\vendor\codeigniter4\framework\system\CodeIgniter.php(412): CodeIgniter\CodeIgniter->runController(Object(App\Controllers\Ruang))
#7 D:\xampp\htdocs\InventarisPIKA\vendor\codeigniter4\framework\system\CodeIgniter.php(320): CodeIgniter\CodeIgniter->handleRequest(NULL, Object(Config\Cache), false)
#8 D:\xampp\htdocs\InventarisPIKA\public\index.php(37): CodeIgniter\CodeIgniter->run()
#9 D:\xampp\htdocs\InventarisPIKA\vendor\codeigniter4\framework\system\Commands\Server\rewrite.php(43): require_once('D:\\xampp\\htdocs...')
#10 {main}
CRITICAL - 2022-03-17 23:21:28 --> Call to a member function listErrors() on null
#0 D:\xampp\htdocs\InventarisPIKA\vendor\codeigniter4\framework\system\View\View.php(210): include()
#1 D:\xampp\htdocs\InventarisPIKA\vendor\codeigniter4\framework\system\View\View.php(213): CodeIgniter\View\View->CodeIgniter\View\{closure}()
#2 D:\xampp\htdocs\InventarisPIKA\vendor\codeigniter4\framework\system\Common.php(1089): CodeIgniter\View\View->render('templates/tamba...', Array, true)
#3 D:\xampp\htdocs\InventarisPIKA\app\Controllers\Ruang.php(23): view('templates/tamba...', Array)
#4 D:\xampp\htdocs\InventarisPIKA\vendor\codeigniter4\framework\system\CodeIgniter.php(825): App\Controllers\Ruang->tambah()
#5 D:\xampp\htdocs\InventarisPIKA\vendor\codeigniter4\framework\system\CodeIgniter.php(412): CodeIgniter\CodeIgniter->runController(Object(App\Controllers\Ruang))
#6 D:\xampp\htdocs\InventarisPIKA\vendor\codeigniter4\framework\system\CodeIgniter.php(320): CodeIgniter\CodeIgniter->handleRequest(NULL, Object(Config\Cache), false)
#7 D:\xampp\htdocs\InventarisPIKA\public\index.php(37): CodeIgniter\CodeIgniter->run()
#8 D:\xampp\htdocs\InventarisPIKA\vendor\codeigniter4\framework\system\Commands\Server\rewrite.php(43): require_once('D:\\xampp\\htdocs...')
#9 {main}
CRITICAL - 2022-03-17 23:21:48 --> Call to a member function listErrors() on array
#0 D:\xampp\htdocs\InventarisPIKA\vendor\codeigniter4\framework\system\View\View.php(210): include()
#1 D:\xampp\htdocs\InventarisPIKA\vendor\codeigniter4\framework\system\View\View.php(213): CodeIgniter\View\View->CodeIgniter\View\{closure}()
#2 D:\xampp\htdocs\InventarisPIKA\vendor\codeigniter4\framework\system\Common.php(1089): CodeIgniter\View\View->render('templates/tamba...', Array, true)
#3 D:\xampp\htdocs\InventarisPIKA\app\Controllers\Ruang.php(23): view('templates/tamba...', Array)
#4 D:\xampp\htdocs\InventarisPIKA\vendor\codeigniter4\framework\system\CodeIgniter.php(825): App\Controllers\Ruang->tambah()
#5 D:\xampp\htdocs\InventarisPIKA\vendor\codeigniter4\framework\system\CodeIgniter.php(412): CodeIgniter\CodeIgniter->runController(Object(App\Controllers\Ruang))
#6 D:\xampp\htdocs\InventarisPIKA\vendor\codeigniter4\framework\system\CodeIgniter.php(320): CodeIgniter\CodeIgniter->handleRequest(NULL, Object(Config\Cache), false)
#7 D:\xampp\htdocs\InventarisPIKA\public\index.php(37): CodeIgniter\CodeIgniter->run()
#8 D:\xampp\htdocs\InventarisPIKA\vendor\codeigniter4\framework\system\Commands\Server\rewrite.php(43): require_once('D:\\xampp\\htdocs...')
#9 {main}
CRITICAL - 2022-03-17 23:21:54 --> Call to a member function listErrors() on array
#0 D:\xampp\htdocs\InventarisPIKA\vendor\codeigniter4\framework\system\View\View.php(210): include()
#1 D:\xampp\htdocs\InventarisPIKA\vendor\codeigniter4\framework\system\View\View.php(213): CodeIgniter\View\View->CodeIgniter\View\{closure}()
#2 D:\xampp\htdocs\InventarisPIKA\vendor\codeigniter4\framework\system\Common.php(1089): CodeIgniter\View\View->render('templates/tamba...', Array, true)
#3 D:\xampp\htdocs\InventarisPIKA\app\Controllers\Ruang.php(23): view('templates/tamba...', Array)
#4 D:\xampp\htdocs\InventarisPIKA\vendor\codeigniter4\framework\system\CodeIgniter.php(825): App\Controllers\Ruang->tambah()
#5 D:\xampp\htdocs\InventarisPIKA\vendor\codeigniter4\framework\system\CodeIgniter.php(412): CodeIgniter\CodeIgniter->runController(Object(App\Controllers\Ruang))
#6 D:\xampp\htdocs\InventarisPIKA\vendor\codeigniter4\framework\system\CodeIgniter.php(320): CodeIgniter\CodeIgniter->handleRequest(NULL, Object(Config\Cache), false)
#7 D:\xampp\htdocs\InventarisPIKA\public\index.php(37): CodeIgniter\CodeIgniter->run()
#8 D:\xampp\htdocs\InventarisPIKA\vendor\codeigniter4\framework\system\Commands\Server\rewrite.php(43): require_once('D:\\xampp\\htdocs...')
#9 {main}
CRITICAL - 2022-03-17 23:22:05 --> Undefined variable $validation
#0 D:\xampp\htdocs\InventarisPIKA\app\Views\templates\tambah-ruang.php(74): CodeIgniter\Debug\Exceptions->errorHandler(2, 'Undefined varia...', 'D:\\xampp\\htdocs...', 74)
#1 D:\xampp\htdocs\InventarisPIKA\vendor\codeigniter4\framework\system\View\View.php(210): include('D:\\xampp\\htdocs...')
#2 D:\xampp\htdocs\InventarisPIKA\vendor\codeigniter4\framework\system\View\View.php(213): CodeIgniter\View\View->CodeIgniter\View\{closure}()
#3 D:\xampp\htdocs\InventarisPIKA\vendor\codeigniter4\framework\system\Common.php(1089): CodeIgniter\View\View->render('templates/tamba...', Array, true)
#4 D:\xampp\htdocs\InventarisPIKA\app\Controllers\Ruang.php(23): view('templates/tamba...', Array)
#5 D:\xampp\htdocs\InventarisPIKA\vendor\codeigniter4\framework\system\CodeIgniter.php(825): App\Controllers\Ruang->tambah()
#6 D:\xampp\htdocs\InventarisPIKA\vendor\codeigniter4\framework\system\CodeIgniter.php(412): CodeIgniter\CodeIgniter->runController(Object(App\Controllers\Ruang))
#7 D:\xampp\htdocs\InventarisPIKA\vendor\codeigniter4\framework\system\CodeIgniter.php(320): CodeIgniter\CodeIgniter->handleRequest(NULL, Object(Config\Cache), false)
#8 D:\xampp\htdocs\InventarisPIKA\public\index.php(37): CodeIgniter\CodeIgniter->run()
#9 D:\xampp\htdocs\InventarisPIKA\vendor\codeigniter4\framework\system\Commands\Server\rewrite.php(43): require_once('D:\\xampp\\htdocs...')
#10 {main}
CRITICAL - 2022-03-17 23:22:21 --> Call to a member function listErrors() on null
#0 D:\xampp\htdocs\InventarisPIKA\vendor\codeigniter4\framework\system\View\View.php(210): include()
#1 D:\xampp\htdocs\InventarisPIKA\vendor\codeigniter4\framework\system\View\View.php(213): CodeIgniter\View\View->CodeIgniter\View\{closure}()
#2 D:\xampp\htdocs\InventarisPIKA\vendor\codeigniter4\framework\system\Common.php(1089): CodeIgniter\View\View->render('templates/tamba...', Array, true)
#3 D:\xampp\htdocs\InventarisPIKA\app\Controllers\Ruang.php(23): view('templates/tamba...', Array)
#4 D:\xampp\htdocs\InventarisPIKA\vendor\codeigniter4\framework\system\CodeIgniter.php(825): App\Controllers\Ruang->tambah()
#5 D:\xampp\htdocs\InventarisPIKA\vendor\codeigniter4\framework\system\CodeIgniter.php(412): CodeIgniter\CodeIgniter->runController(Object(App\Controllers\Ruang))
#6 D:\xampp\htdocs\InventarisPIKA\vendor\codeigniter4\framework\system\CodeIgniter.php(320): CodeIgniter\CodeIgniter->handleRequest(NULL, Object(Config\Cache), false)
#7 D:\xampp\htdocs\InventarisPIKA\public\index.php(37): CodeIgniter\CodeIgniter->run()
#8 D:\xampp\htdocs\InventarisPIKA\vendor\codeigniter4\framework\system\Commands\Server\rewrite.php(43): require_once('D:\\xampp\\htdocs...')
#9 {main}
CRITICAL - 2022-03-17 23:22:30 --> Call to a member function listErrors() on null
#0 D:\xampp\htdocs\InventarisPIKA\vendor\codeigniter4\framework\system\View\View.php(210): include()
#1 D:\xampp\htdocs\InventarisPIKA\vendor\codeigniter4\framework\system\View\View.php(213): CodeIgniter\View\View->CodeIgniter\View\{closure}()
#2 D:\xampp\htdocs\InventarisPIKA\vendor\codeigniter4\framework\system\Common.php(1089): CodeIgniter\View\View->render('templates/tamba...', Array, true)
#3 D:\xampp\htdocs\InventarisPIKA\app\Controllers\Ruang.php(23): view('templates/tamba...', Array)
#4 D:\xampp\htdocs\InventarisPIKA\vendor\codeigniter4\framework\system\CodeIgniter.php(825): App\Controllers\Ruang->tambah()
#5 D:\xampp\htdocs\InventarisPIKA\vendor\codeigniter4\framework\system\CodeIgniter.php(412): CodeIgniter\CodeIgniter->runController(Object(App\Controllers\Ruang))
#6 D:\xampp\htdocs\InventarisPIKA\vendor\codeigniter4\framework\system\CodeIgniter.php(320): CodeIgniter\CodeIgniter->handleRequest(NULL, Object(Config\Cache), false)
#7 D:\xampp\htdocs\InventarisPIKA\public\index.php(37): CodeIgniter\CodeIgniter->run()
#8 D:\xampp\htdocs\InventarisPIKA\vendor\codeigniter4\framework\system\Commands\Server\rewrite.php(43): require_once('D:\\xampp\\htdocs...')
#9 {main}
CRITICAL - 2022-03-17 23:26:29 --> Call to a member function listErrors() on null
#0 D:\xampp\htdocs\InventarisPIKA\vendor\codeigniter4\framework\system\View\View.php(210): include()
#1 D:\xampp\htdocs\InventarisPIKA\vendor\codeigniter4\framework\system\View\View.php(213): CodeIgniter\View\View->CodeIgniter\View\{closure}()
#2 D:\xampp\htdocs\InventarisPIKA\vendor\codeigniter4\framework\system\Common.php(1089): CodeIgniter\View\View->render('templates/tamba...', Array, true)
#3 D:\xampp\htdocs\InventarisPIKA\app\Controllers\Ruang.php(23): view('templates/tamba...', Array)
#4 D:\xampp\htdocs\InventarisPIKA\vendor\codeigniter4\framework\system\CodeIgniter.php(825): App\Controllers\Ruang->tambah()
#5 D:\xampp\htdocs\InventarisPIKA\vendor\codeigniter4\framework\system\CodeIgniter.php(412): CodeIgniter\CodeIgniter->runController(Object(App\Controllers\Ruang))
#6 D:\xampp\htdocs\InventarisPIKA\vendor\codeigniter4\framework\system\CodeIgniter.php(320): CodeIgniter\CodeIgniter->handleRequest(NULL, Object(Config\Cache), false)
#7 D:\xampp\htdocs\InventarisPIKA\public\index.php(37): CodeIgniter\CodeIgniter->run()
#8 D:\xampp\htdocs\InventarisPIKA\vendor\codeigniter4\framework\system\Commands\Server\rewrite.php(43): require_once('D:\\xampp\\htdocs...')
#9 {main}
CRITICAL - 2022-03-17 23:26:31 --> Call to a member function listErrors() on null
#0 D:\xampp\htdocs\InventarisPIKA\vendor\codeigniter4\framework\system\View\View.php(210): include()
#1 D:\xampp\htdocs\InventarisPIKA\vendor\codeigniter4\framework\system\View\View.php(213): CodeIgniter\View\View->CodeIgniter\View\{closure}()
#2 D:\xampp\htdocs\InventarisPIKA\vendor\codeigniter4\framework\system\Common.php(1089): CodeIgniter\View\View->render('templates/tamba...', Array, true)
#3 D:\xampp\htdocs\InventarisPIKA\app\Controllers\Ruang.php(23): view('templates/tamba...', Array)
#4 D:\xampp\htdocs\InventarisPIKA\vendor\codeigniter4\framework\system\CodeIgniter.php(825): App\Controllers\Ruang->tambah()
#5 D:\xampp\htdocs\InventarisPIKA\vendor\codeigniter4\framework\system\CodeIgniter.php(412): CodeIgniter\CodeIgniter->runController(Object(App\Controllers\Ruang))
#6 D:\xampp\htdocs\InventarisPIKA\vendor\codeigniter4\framework\system\CodeIgniter.php(320): CodeIgniter\CodeIgniter->handleRequest(NULL, Object(Config\Cache), false)
#7 D:\xampp\htdocs\InventarisPIKA\public\index.php(37): CodeIgniter\CodeIgniter->run()
#8 D:\xampp\htdocs\InventarisPIKA\vendor\codeigniter4\framework\system\Commands\Server\rewrite.php(43): require_once('D:\\xampp\\htdocs...')
#9 {main}
CRITICAL - 2022-03-17 23:29:32 --> Call to a member function listErrors() on null
#0 D:\xampp\htdocs\InventarisPIKA\vendor\codeigniter4\framework\system\View\View.php(210): include()
#1 D:\xampp\htdocs\InventarisPIKA\vendor\codeigniter4\framework\system\View\View.php(213): CodeIgniter\View\View->CodeIgniter\View\{closure}()
#2 D:\xampp\htdocs\InventarisPIKA\vendor\codeigniter4\framework\system\Common.php(1089): CodeIgniter\View\View->render('templates/tamba...', Array, true)
#3 D:\xampp\htdocs\InventarisPIKA\app\Controllers\Ruang.php(23): view('templates/tamba...', Array)
#4 D:\xampp\htdocs\InventarisPIKA\vendor\codeigniter4\framework\system\CodeIgniter.php(825): App\Controllers\Ruang->tambah()
#5 D:\xampp\htdocs\InventarisPIKA\vendor\codeigniter4\framework\system\CodeIgniter.php(412): CodeIgniter\CodeIgniter->runController(Object(App\Controllers\Ruang))
#6 D:\xampp\htdocs\InventarisPIKA\vendor\codeigniter4\framework\system\CodeIgniter.php(320): CodeIgniter\CodeIgniter->handleRequest(NULL, Object(Config\Cache), false)
#7 D:\xampp\htdocs\InventarisPIKA\public\index.php(37): CodeIgniter\CodeIgniter->run()
#8 D:\xampp\htdocs\InventarisPIKA\vendor\codeigniter4\framework\system\Commands\Server\rewrite.php(43): require_once('D:\\xampp\\htdocs...')
#9 {main}
ERROR - 2022-03-17 23:50:35 --> Cannot add or update a child row: a foreign key constraint fails (`inventarispikadb`.`barang`, CONSTRAINT `FK_barang_kategori` FOREIGN KEY (`id_kategori`) REFERENCES `kategori` (`id_kategori`) ON DELETE SET NULL ON UPDATE NO ACTION)
CRITICAL - 2022-03-17 23:50:35 --> Cannot add or update a child row: a foreign key constraint fails (`inventarispikadb`.`barang`, CONSTRAINT `FK_barang_kategori` FOREIGN KEY (`id_kategori`) REFERENCES `kategori` (`id_kategori`) ON DELETE SET NULL ON UPDATE NO ACTION)
#0 D:\xampp\htdocs\InventarisPIKA\vendor\codeigniter4\framework\system\Database\MySQLi\Connection.php(292): mysqli->query('INSERT INTO `ba...', 0)
#1 D:\xampp\htdocs\InventarisPIKA\vendor\codeigniter4\framework\system\Database\BaseConnection.php(670): CodeIgniter\Database\MySQLi\Connection->execute('INSERT INTO `ba...')
#2 D:\xampp\htdocs\InventarisPIKA\vendor\codeigniter4\framework\system\Database\BaseConnection.php(598): CodeIgniter\Database\BaseConnection->simpleQuery('INSERT INTO `ba...')
#3 D:\xampp\htdocs\InventarisPIKA\vendor\codeigniter4\framework\system\Database\BaseBuilder.php(1771): CodeIgniter\Database\BaseConnection->query('INSERT INTO `ba...', Array, false)
#4 D:\xampp\htdocs\InventarisPIKA\vendor\codeigniter4\framework\system\Model.php(239): CodeIgniter\Database\BaseBuilder->insert()
#5 D:\xampp\htdocs\InventarisPIKA\vendor\codeigniter4\framework\system\BaseModel.php(738): CodeIgniter\Model->doInsert(Array)
#6 D:\xampp\htdocs\InventarisPIKA\vendor\codeigniter4\framework\system\Model.php(625): CodeIgniter\BaseModel->insert(Array, true)
#7 D:\xampp\htdocs\InventarisPIKA\app\Controllers\JenisBarang.php(49): CodeIgniter\Model->insert(Array)
#8 D:\xampp\htdocs\InventarisPIKA\vendor\codeigniter4\framework\system\CodeIgniter.php(825): App\Controllers\JenisBarang->store()
#9 D:\xampp\htdocs\InventarisPIKA\vendor\codeigniter4\framework\system\CodeIgniter.php(412): CodeIgniter\CodeIgniter->runController(Object(App\Controllers\JenisBarang))
#10 D:\xampp\htdocs\InventarisPIKA\vendor\codeigniter4\framework\system\CodeIgniter.php(320): CodeIgniter\CodeIgniter->handleRequest(NULL, Object(Config\Cache), false)
#11 D:\xampp\htdocs\InventarisPIKA\public\index.php(37): CodeIgniter\CodeIgniter->run()
#12 D:\xampp\htdocs\InventarisPIKA\vendor\codeigniter4\framework\system\Commands\Server\rewrite.php(43): require_once('D:\\xampp\\htdocs...')
#13 {main}
ERROR - 2022-03-17 23:51:12 --> Cannot add or update a child row: a foreign key constraint fails (`inventarispikadb`.`barang`, CONSTRAINT `FK_barang_kategori` FOREIGN KEY (`id_kategori`) REFERENCES `kategori` (`id_kategori`) ON DELETE SET NULL ON UPDATE NO ACTION)
CRITICAL - 2022-03-17 23:51:12 --> Cannot add or update a child row: a foreign key constraint fails (`inventarispikadb`.`barang`, CONSTRAINT `FK_barang_kategori` FOREIGN KEY (`id_kategori`) REFERENCES `kategori` (`id_kategori`) ON DELETE SET NULL ON UPDATE NO ACTION)
#0 D:\xampp\htdocs\InventarisPIKA\vendor\codeigniter4\framework\system\Database\MySQLi\Connection.php(292): mysqli->query('INSERT INTO `ba...', 0)
#1 D:\xampp\htdocs\InventarisPIKA\vendor\codeigniter4\framework\system\Database\BaseConnection.php(670): CodeIgniter\Database\MySQLi\Connection->execute('INSERT INTO `ba...')
#2 D:\xampp\htdocs\InventarisPIKA\vendor\codeigniter4\framework\system\Database\BaseConnection.php(598): CodeIgniter\Database\BaseConnection->simpleQuery('INSERT INTO `ba...')
#3 D:\xampp\htdocs\InventarisPIKA\vendor\codeigniter4\framework\system\Database\BaseBuilder.php(1771): CodeIgniter\Database\BaseConnection->query('INSERT INTO `ba...', Array, false)
#4 D:\xampp\htdocs\InventarisPIKA\vendor\codeigniter4\framework\system\Model.php(239): CodeIgniter\Database\BaseBuilder->insert()
#5 D:\xampp\htdocs\InventarisPIKA\vendor\codeigniter4\framework\system\BaseModel.php(738): CodeIgniter\Model->doInsert(Array)
#6 D:\xampp\htdocs\InventarisPIKA\vendor\codeigniter4\framework\system\Model.php(625): CodeIgniter\BaseModel->insert(Array, true)
#7 D:\xampp\htdocs\InventarisPIKA\app\Controllers\JenisBarang.php(49): CodeIgniter\Model->insert(Array)
#8 D:\xampp\htdocs\InventarisPIKA\vendor\codeigniter4\framework\system\CodeIgniter.php(825): App\Controllers\JenisBarang->store()
#9 D:\xampp\htdocs\InventarisPIKA\vendor\codeigniter4\framework\system\CodeIgniter.php(412): CodeIgniter\CodeIgniter->runController(Object(App\Controllers\JenisBarang))
#10 D:\xampp\htdocs\InventarisPIKA\vendor\codeigniter4\framework\system\CodeIgniter.php(320): CodeIgniter\CodeIgniter->handleRequest(NULL, Object(Config\Cache), false)
#11 D:\xampp\htdocs\InventarisPIKA\public\index.php(37): CodeIgniter\CodeIgniter->run()
#12 D:\xampp\htdocs\InventarisPIKA\vendor\codeigniter4\framework\system\Commands\Server\rewrite.php(43): require_once('D:\\xampp\\htdocs...')
#13 {main}
ERROR - 2022-03-17 23:51:36 --> Cannot add or update a child row: a foreign key constraint fails (`inventarispikadb`.`barang`, CONSTRAINT `FK_barang_kategori` FOREIGN KEY (`id_kategori`) REFERENCES `kategori` (`id_kategori`) ON DELETE SET NULL ON UPDATE NO ACTION)
CRITICAL - 2022-03-17 23:51:36 --> Cannot add or update a child row: a foreign key constraint fails (`inventarispikadb`.`barang`, CONSTRAINT `FK_barang_kategori` FOREIGN KEY (`id_kategori`) REFERENCES `kategori` (`id_kategori`) ON DELETE SET NULL ON UPDATE NO ACTION)
#0 D:\xampp\htdocs\InventarisPIKA\vendor\codeigniter4\framework\system\Database\MySQLi\Connection.php(292): mysqli->query('INSERT INTO `ba...', 0)
#1 D:\xampp\htdocs\InventarisPIKA\vendor\codeigniter4\framework\system\Database\BaseConnection.php(670): CodeIgniter\Database\MySQLi\Connection->execute('INSERT INTO `ba...')
#2 D:\xampp\htdocs\InventarisPIKA\vendor\codeigniter4\framework\system\Database\BaseConnection.php(598): CodeIgniter\Database\BaseConnection->simpleQuery('INSERT INTO `ba...')
#3 D:\xampp\htdocs\InventarisPIKA\vendor\codeigniter4\framework\system\Database\BaseBuilder.php(1771): CodeIgniter\Database\BaseConnection->query('INSERT INTO `ba...', Array, false)
#4 D:\xampp\htdocs\InventarisPIKA\vendor\codeigniter4\framework\system\Model.php(239): CodeIgniter\Database\BaseBuilder->insert()
#5 D:\xampp\htdocs\InventarisPIKA\vendor\codeigniter4\framework\system\BaseModel.php(738): CodeIgniter\Model->doInsert(Array)
#6 D:\xampp\htdocs\InventarisPIKA\vendor\codeigniter4\framework\system\Model.php(625): CodeIgniter\BaseModel->insert(Array, true)
#7 D:\xampp\htdocs\InventarisPIKA\app\Controllers\JenisBarang.php(49): CodeIgniter\Model->insert(Array)
#8 D:\xampp\htdocs\InventarisPIKA\vendor\codeigniter4\framework\system\CodeIgniter.php(825): App\Controllers\JenisBarang->store()
#9 D:\xampp\htdocs\InventarisPIKA\vendor\codeigniter4\framework\system\CodeIgniter.php(412): CodeIgniter\CodeIgniter->runController(Object(App\Controllers\JenisBarang))
#10 D:\xampp\htdocs\InventarisPIKA\vendor\codeigniter4\framework\system\CodeIgniter.php(320): CodeIgniter\CodeIgniter->handleRequest(NULL, Object(Config\Cache), false)
#11 D:\xampp\htdocs\InventarisPIKA\public\index.php(37): CodeIgniter\CodeIgniter->run()
#12 D:\xampp\htdocs\InventarisPIKA\vendor\codeigniter4\framework\system\Commands\Server\rewrite.php(43): require_once('D:\\xampp\\htdocs...')
#13 {main}
