CRITICAL - 2022-03-23 19:59:52 --> Array callback has to contain indices 0 and 1
#0 D:\xampp\htdocs\InventarisPIKA\vendor\codeigniter4\framework\system\CodeIgniter.php(825): App\Controllers\Login->cekUser()
#1 D:\xampp\htdocs\InventarisPIKA\vendor\codeigniter4\framework\system\CodeIgniter.php(412): CodeIgniter\CodeIgniter->runController(Object(App\Controllers\Login))
#2 D:\xampp\htdocs\InventarisPIKA\vendor\codeigniter4\framework\system\CodeIgniter.php(320): CodeIgniter\CodeIgniter->handleRequest(NULL, Object(Config\Cache), false)
#3 D:\xampp\htdocs\InventarisPIKA\public\index.php(37): CodeIgniter\CodeIgniter->run()
#4 D:\xampp\htdocs\InventarisPIKA\vendor\codeigniter4\framework\system\Commands\Server\rewrite.php(43): require_once('D:\\xampp\\htdocs...')
#5 {main}
ERROR - 2022-03-23 20:19:55 --> You have an error in your SQL syntax; check the manual that corresponds to your MariaDB server version for the right syntax to use near ':123:
 LIMIT 1' at line 3
CRITICAL - 2022-03-23 20:19:55 --> You have an error in your SQL syntax; check the manual that corresponds to your MariaDB server version for the right syntax to use near ':123:
 LIMIT 1' at line 3
#0 D:\xampp\htdocs\InventarisPIKA\vendor\codeigniter4\framework\system\Database\MySQLi\Connection.php(292): mysqli->query('SELECT *\nFROM `...', 0)
#1 D:\xampp\htdocs\InventarisPIKA\vendor\codeigniter4\framework\system\Database\BaseConnection.php(670): CodeIgniter\Database\MySQLi\Connection->execute('SELECT *\nFROM `...')
#2 D:\xampp\htdocs\InventarisPIKA\vendor\codeigniter4\framework\system\Database\BaseConnection.php(598): CodeIgniter\Database\BaseConnection->simpleQuery('SELECT *\nFROM `...')
#3 D:\xampp\htdocs\InventarisPIKA\vendor\codeigniter4\framework\system\Database\BaseBuilder.php(1455): CodeIgniter\Database\BaseConnection->query('SELECT *\nFROM `...', Array, false)
#4 D:\xampp\htdocs\InventarisPIKA\vendor\codeigniter4\framework\system\Model.php(210): CodeIgniter\Database\BaseBuilder->get()
#5 D:\xampp\htdocs\InventarisPIKA\vendor\codeigniter4\framework\system\BaseModel.php(622): CodeIgniter\Model->doFirst()
#6 D:\xampp\htdocs\InventarisPIKA\app\Controllers\Login.php(42): CodeIgniter\BaseModel->first()
#7 D:\xampp\htdocs\InventarisPIKA\vendor\codeigniter4\framework\system\CodeIgniter.php(825): App\Controllers\Login->cekUser()
#8 D:\xampp\htdocs\InventarisPIKA\vendor\codeigniter4\framework\system\CodeIgniter.php(412): CodeIgniter\CodeIgniter->runController(Object(App\Controllers\Login))
#9 D:\xampp\htdocs\InventarisPIKA\vendor\codeigniter4\framework\system\CodeIgniter.php(320): CodeIgniter\CodeIgniter->handleRequest(NULL, Object(Config\Cache), false)
#10 D:\xampp\htdocs\InventarisPIKA\public\index.php(37): CodeIgniter\CodeIgniter->run()
#11 D:\xampp\htdocs\InventarisPIKA\vendor\codeigniter4\framework\system\Commands\Server\rewrite.php(43): require_once('D:\\xampp\\htdocs...')
#12 {main}
ERROR - 2022-03-23 20:29:21 --> Unknown column 'admin' in 'where clause'
CRITICAL - 2022-03-23 20:29:21 --> Unknown column 'admin' in 'where clause'
#0 D:\xampp\htdocs\InventarisPIKA\vendor\codeigniter4\framework\system\Database\MySQLi\Connection.php(292): mysqli->query('SELECT username...', 0)
#1 D:\xampp\htdocs\InventarisPIKA\vendor\codeigniter4\framework\system\Database\BaseConnection.php(670): CodeIgniter\Database\MySQLi\Connection->execute('SELECT username...')
#2 D:\xampp\htdocs\InventarisPIKA\vendor\codeigniter4\framework\system\Database\BaseConnection.php(598): CodeIgniter\Database\BaseConnection->simpleQuery('SELECT username...')
#3 D:\xampp\htdocs\InventarisPIKA\app\Controllers\Login.php(45): CodeIgniter\Database\BaseConnection->query('SELECT username...')
#4 D:\xampp\htdocs\InventarisPIKA\vendor\codeigniter4\framework\system\CodeIgniter.php(825): App\Controllers\Login->cekUser()
#5 D:\xampp\htdocs\InventarisPIKA\vendor\codeigniter4\framework\system\CodeIgniter.php(412): CodeIgniter\CodeIgniter->runController(Object(App\Controllers\Login))
#6 D:\xampp\htdocs\InventarisPIKA\vendor\codeigniter4\framework\system\CodeIgniter.php(320): CodeIgniter\CodeIgniter->handleRequest(NULL, Object(Config\Cache), false)
#7 D:\xampp\htdocs\InventarisPIKA\public\index.php(37): CodeIgniter\CodeIgniter->run()
#8 D:\xampp\htdocs\InventarisPIKA\vendor\codeigniter4\framework\system\Commands\Server\rewrite.php(43): require_once('D:\\xampp\\htdocs...')
#9 {main}
ERROR - 2022-03-23 20:29:52 --> You have an error in your SQL syntax; check the manual that corresponds to your MariaDB server version for the right syntax to use near 'ON username = admin' at line 2
CRITICAL - 2022-03-23 20:29:52 --> You have an error in your SQL syntax; check the manual that corresponds to your MariaDB server version for the right syntax to use near 'ON username = admin' at line 2
#0 D:\xampp\htdocs\InventarisPIKA\vendor\codeigniter4\framework\system\Database\MySQLi\Connection.php(292): mysqli->query('SELECT username...', 0)
#1 D:\xampp\htdocs\InventarisPIKA\vendor\codeigniter4\framework\system\Database\BaseConnection.php(670): CodeIgniter\Database\MySQLi\Connection->execute('SELECT username...')
#2 D:\xampp\htdocs\InventarisPIKA\vendor\codeigniter4\framework\system\Database\BaseConnection.php(598): CodeIgniter\Database\BaseConnection->simpleQuery('SELECT username...')
#3 D:\xampp\htdocs\InventarisPIKA\app\Controllers\Login.php(45): CodeIgniter\Database\BaseConnection->query('SELECT username...')
#4 D:\xampp\htdocs\InventarisPIKA\vendor\codeigniter4\framework\system\CodeIgniter.php(825): App\Controllers\Login->cekUser()
#5 D:\xampp\htdocs\InventarisPIKA\vendor\codeigniter4\framework\system\CodeIgniter.php(412): CodeIgniter\CodeIgniter->runController(Object(App\Controllers\Login))
#6 D:\xampp\htdocs\InventarisPIKA\vendor\codeigniter4\framework\system\CodeIgniter.php(320): CodeIgniter\CodeIgniter->handleRequest(NULL, Object(Config\Cache), false)
#7 D:\xampp\htdocs\InventarisPIKA\public\index.php(37): CodeIgniter\CodeIgniter->run()
#8 D:\xampp\htdocs\InventarisPIKA\vendor\codeigniter4\framework\system\Commands\Server\rewrite.php(43): require_once('D:\\xampp\\htdocs...')
#9 {main}
ERROR - 2022-03-23 20:30:00 --> Unknown column 'admin' in 'where clause'
CRITICAL - 2022-03-23 20:30:00 --> Unknown column 'admin' in 'where clause'
#0 D:\xampp\htdocs\InventarisPIKA\vendor\codeigniter4\framework\system\Database\MySQLi\Connection.php(292): mysqli->query('SELECT username...', 0)
#1 D:\xampp\htdocs\InventarisPIKA\vendor\codeigniter4\framework\system\Database\BaseConnection.php(670): CodeIgniter\Database\MySQLi\Connection->execute('SELECT username...')
#2 D:\xampp\htdocs\InventarisPIKA\vendor\codeigniter4\framework\system\Database\BaseConnection.php(598): CodeIgniter\Database\BaseConnection->simpleQuery('SELECT username...')
#3 D:\xampp\htdocs\InventarisPIKA\app\Controllers\Login.php(45): CodeIgniter\Database\BaseConnection->query('SELECT username...')
#4 D:\xampp\htdocs\InventarisPIKA\vendor\codeigniter4\framework\system\CodeIgniter.php(825): App\Controllers\Login->cekUser()
#5 D:\xampp\htdocs\InventarisPIKA\vendor\codeigniter4\framework\system\CodeIgniter.php(412): CodeIgniter\CodeIgniter->runController(Object(App\Controllers\Login))
#6 D:\xampp\htdocs\InventarisPIKA\vendor\codeigniter4\framework\system\CodeIgniter.php(320): CodeIgniter\CodeIgniter->handleRequest(NULL, Object(Config\Cache), false)
#7 D:\xampp\htdocs\InventarisPIKA\public\index.php(37): CodeIgniter\CodeIgniter->run()
#8 D:\xampp\htdocs\InventarisPIKA\vendor\codeigniter4\framework\system\Commands\Server\rewrite.php(43): require_once('D:\\xampp\\htdocs...')
#9 {main}
CRITICAL - 2022-03-23 20:30:08 --> Array to string conversion
#0 [internal function]: CodeIgniter\Debug\Exceptions->errorHandler(2, 'Array to string...', 'D:\\xampp\\htdocs...', 312)
#1 D:\xampp\htdocs\InventarisPIKA\vendor\codeigniter4\framework\system\Database\Query.php(312): implode(',', Array)
#2 D:\xampp\htdocs\InventarisPIKA\vendor\codeigniter4\framework\system\Database\Query.php(293): CodeIgniter\Database\Query->matchNamedBinds('SELECT *\nFROM `...', Array)
#3 D:\xampp\htdocs\InventarisPIKA\vendor\codeigniter4\framework\system\Database\Query.php(150): CodeIgniter\Database\Query->compileBinds()
#4 D:\xampp\htdocs\InventarisPIKA\vendor\codeigniter4\framework\system\Database\BaseConnection.php(598): CodeIgniter\Database\Query->getQuery()
#5 D:\xampp\htdocs\InventarisPIKA\vendor\codeigniter4\framework\system\Database\BaseBuilder.php(1455): CodeIgniter\Database\BaseConnection->query('SELECT *\nFROM `...', Array, false)
#6 D:\xampp\htdocs\InventarisPIKA\vendor\codeigniter4\framework\system\Model.php(138): CodeIgniter\Database\BaseBuilder->get()
#7 D:\xampp\htdocs\InventarisPIKA\vendor\codeigniter4\framework\system\BaseModel.php(523): CodeIgniter\Model->doFind(false, Array)
#8 D:\xampp\htdocs\InventarisPIKA\app\Controllers\Login.php(48): CodeIgniter\BaseModel->find(Array)
#9 D:\xampp\htdocs\InventarisPIKA\vendor\codeigniter4\framework\system\CodeIgniter.php(825): App\Controllers\Login->cekUser()
#10 D:\xampp\htdocs\InventarisPIKA\vendor\codeigniter4\framework\system\CodeIgniter.php(412): CodeIgniter\CodeIgniter->runController(Object(App\Controllers\Login))
#11 D:\xampp\htdocs\InventarisPIKA\vendor\codeigniter4\framework\system\CodeIgniter.php(320): CodeIgniter\CodeIgniter->handleRequest(NULL, Object(Config\Cache), false)
#12 D:\xampp\htdocs\InventarisPIKA\public\index.php(37): CodeIgniter\CodeIgniter->run()
#13 D:\xampp\htdocs\InventarisPIKA\vendor\codeigniter4\framework\system\Commands\Server\rewrite.php(43): require_once('D:\\xampp\\htdocs...')
#14 {main}
ERROR - 2022-03-23 20:31:22 --> Unknown column 'admin' in 'where clause'
CRITICAL - 2022-03-23 20:31:22 --> Unknown column 'admin' in 'where clause'
#0 D:\xampp\htdocs\InventarisPIKA\vendor\codeigniter4\framework\system\Database\MySQLi\Connection.php(292): mysqli->query('SELECT username...', 0)
#1 D:\xampp\htdocs\InventarisPIKA\vendor\codeigniter4\framework\system\Database\BaseConnection.php(670): CodeIgniter\Database\MySQLi\Connection->execute('SELECT username...')
#2 D:\xampp\htdocs\InventarisPIKA\vendor\codeigniter4\framework\system\Database\BaseConnection.php(598): CodeIgniter\Database\BaseConnection->simpleQuery('SELECT username...')
#3 D:\xampp\htdocs\InventarisPIKA\app\Controllers\Login.php(45): CodeIgniter\Database\BaseConnection->query('SELECT username...')
#4 D:\xampp\htdocs\InventarisPIKA\vendor\codeigniter4\framework\system\CodeIgniter.php(825): App\Controllers\Login->cekUser()
#5 D:\xampp\htdocs\InventarisPIKA\vendor\codeigniter4\framework\system\CodeIgniter.php(412): CodeIgniter\CodeIgniter->runController(Object(App\Controllers\Login))
#6 D:\xampp\htdocs\InventarisPIKA\vendor\codeigniter4\framework\system\CodeIgniter.php(320): CodeIgniter\CodeIgniter->handleRequest(NULL, Object(Config\Cache), false)
#7 D:\xampp\htdocs\InventarisPIKA\public\index.php(37): CodeIgniter\CodeIgniter->run()
#8 D:\xampp\htdocs\InventarisPIKA\vendor\codeigniter4\framework\system\Commands\Server\rewrite.php(43): require_once('D:\\xampp\\htdocs...')
#9 {main}
CRITICAL - 2022-03-23 20:31:29 --> Array to string conversion
#0 [internal function]: CodeIgniter\Debug\Exceptions->errorHandler(2, 'Array to string...', 'D:\\xampp\\htdocs...', 312)
#1 D:\xampp\htdocs\InventarisPIKA\vendor\codeigniter4\framework\system\Database\Query.php(312): implode(',', Array)
#2 D:\xampp\htdocs\InventarisPIKA\vendor\codeigniter4\framework\system\Database\Query.php(293): CodeIgniter\Database\Query->matchNamedBinds('SELECT *\nFROM `...', Array)
#3 D:\xampp\htdocs\InventarisPIKA\vendor\codeigniter4\framework\system\Database\Query.php(150): CodeIgniter\Database\Query->compileBinds()
#4 D:\xampp\htdocs\InventarisPIKA\vendor\codeigniter4\framework\system\Database\BaseConnection.php(598): CodeIgniter\Database\Query->getQuery()
#5 D:\xampp\htdocs\InventarisPIKA\vendor\codeigniter4\framework\system\Database\BaseBuilder.php(1455): CodeIgniter\Database\BaseConnection->query('SELECT *\nFROM `...', Array, false)
#6 D:\xampp\htdocs\InventarisPIKA\vendor\codeigniter4\framework\system\Model.php(138): CodeIgniter\Database\BaseBuilder->get()
#7 D:\xampp\htdocs\InventarisPIKA\vendor\codeigniter4\framework\system\BaseModel.php(523): CodeIgniter\Model->doFind(false, Array)
#8 D:\xampp\htdocs\InventarisPIKA\app\Controllers\Login.php(48): CodeIgniter\BaseModel->find(Array)
#9 D:\xampp\htdocs\InventarisPIKA\vendor\codeigniter4\framework\system\CodeIgniter.php(825): App\Controllers\Login->cekUser()
#10 D:\xampp\htdocs\InventarisPIKA\vendor\codeigniter4\framework\system\CodeIgniter.php(412): CodeIgniter\CodeIgniter->runController(Object(App\Controllers\Login))
#11 D:\xampp\htdocs\InventarisPIKA\vendor\codeigniter4\framework\system\CodeIgniter.php(320): CodeIgniter\CodeIgniter->handleRequest(NULL, Object(Config\Cache), false)
#12 D:\xampp\htdocs\InventarisPIKA\public\index.php(37): CodeIgniter\CodeIgniter->run()
#13 D:\xampp\htdocs\InventarisPIKA\vendor\codeigniter4\framework\system\Commands\Server\rewrite.php(43): require_once('D:\\xampp\\htdocs...')
#14 {main}
CRITICAL - 2022-03-23 20:38:42 --> Array to string conversion
#0 [internal function]: CodeIgniter\Debug\Exceptions->errorHandler(2, 'Array to string...', 'D:\\xampp\\htdocs...', 312)
#1 D:\xampp\htdocs\InventarisPIKA\vendor\codeigniter4\framework\system\Database\Query.php(312): implode(',', Array)
#2 D:\xampp\htdocs\InventarisPIKA\vendor\codeigniter4\framework\system\Database\Query.php(293): CodeIgniter\Database\Query->matchNamedBinds('SELECT *\nFROM `...', Array)
#3 D:\xampp\htdocs\InventarisPIKA\vendor\codeigniter4\framework\system\Database\Query.php(150): CodeIgniter\Database\Query->compileBinds()
#4 D:\xampp\htdocs\InventarisPIKA\vendor\codeigniter4\framework\system\Database\BaseConnection.php(598): CodeIgniter\Database\Query->getQuery()
#5 D:\xampp\htdocs\InventarisPIKA\vendor\codeigniter4\framework\system\Database\BaseBuilder.php(1455): CodeIgniter\Database\BaseConnection->query('SELECT *\nFROM `...', Array, false)
#6 D:\xampp\htdocs\InventarisPIKA\vendor\codeigniter4\framework\system\Model.php(138): CodeIgniter\Database\BaseBuilder->get()
#7 D:\xampp\htdocs\InventarisPIKA\vendor\codeigniter4\framework\system\BaseModel.php(523): CodeIgniter\Model->doFind(false, Array)
#8 D:\xampp\htdocs\InventarisPIKA\app\Controllers\Login.php(51): CodeIgniter\BaseModel->find(Array)
#9 D:\xampp\htdocs\InventarisPIKA\vendor\codeigniter4\framework\system\CodeIgniter.php(825): App\Controllers\Login->cekUser()
#10 D:\xampp\htdocs\InventarisPIKA\vendor\codeigniter4\framework\system\CodeIgniter.php(412): CodeIgniter\CodeIgniter->runController(Object(App\Controllers\Login))
#11 D:\xampp\htdocs\InventarisPIKA\vendor\codeigniter4\framework\system\CodeIgniter.php(320): CodeIgniter\CodeIgniter->handleRequest(NULL, Object(Config\Cache), false)
#12 D:\xampp\htdocs\InventarisPIKA\public\index.php(37): CodeIgniter\CodeIgniter->run()
#13 D:\xampp\htdocs\InventarisPIKA\vendor\codeigniter4\framework\system\Commands\Server\rewrite.php(43): require_once('D:\\xampp\\htdocs...')
#14 {main}
CRITICAL - 2022-03-23 20:39:19 --> Array to string conversion
#0 [internal function]: CodeIgniter\Debug\Exceptions->errorHandler(2, 'Array to string...', 'D:\\xampp\\htdocs...', 312)
#1 D:\xampp\htdocs\InventarisPIKA\vendor\codeigniter4\framework\system\Database\Query.php(312): implode(',', Array)
#2 D:\xampp\htdocs\InventarisPIKA\vendor\codeigniter4\framework\system\Database\Query.php(293): CodeIgniter\Database\Query->matchNamedBinds('SELECT *\nFROM `...', Array)
#3 D:\xampp\htdocs\InventarisPIKA\vendor\codeigniter4\framework\system\Database\Query.php(150): CodeIgniter\Database\Query->compileBinds()
#4 D:\xampp\htdocs\InventarisPIKA\vendor\codeigniter4\framework\system\Database\BaseConnection.php(598): CodeIgniter\Database\Query->getQuery()
#5 D:\xampp\htdocs\InventarisPIKA\vendor\codeigniter4\framework\system\Database\BaseBuilder.php(1455): CodeIgniter\Database\BaseConnection->query('SELECT *\nFROM `...', Array, false)
#6 D:\xampp\htdocs\InventarisPIKA\vendor\codeigniter4\framework\system\Model.php(138): CodeIgniter\Database\BaseBuilder->get()
#7 D:\xampp\htdocs\InventarisPIKA\vendor\codeigniter4\framework\system\BaseModel.php(523): CodeIgniter\Model->doFind(false, Array)
#8 D:\xampp\htdocs\InventarisPIKA\app\Controllers\Login.php(51): CodeIgniter\BaseModel->find(Array)
#9 D:\xampp\htdocs\InventarisPIKA\vendor\codeigniter4\framework\system\CodeIgniter.php(825): App\Controllers\Login->cekUser()
#10 D:\xampp\htdocs\InventarisPIKA\vendor\codeigniter4\framework\system\CodeIgniter.php(412): CodeIgniter\CodeIgniter->runController(Object(App\Controllers\Login))
#11 D:\xampp\htdocs\InventarisPIKA\vendor\codeigniter4\framework\system\CodeIgniter.php(320): CodeIgniter\CodeIgniter->handleRequest(NULL, Object(Config\Cache), false)
#12 D:\xampp\htdocs\InventarisPIKA\public\index.php(37): CodeIgniter\CodeIgniter->run()
#13 D:\xampp\htdocs\InventarisPIKA\vendor\codeigniter4\framework\system\Commands\Server\rewrite.php(43): require_once('D:\\xampp\\htdocs...')
#14 {main}
CRITICAL - 2022-03-23 20:39:47 --> Array to string conversion
#0 [internal function]: CodeIgniter\Debug\Exceptions->errorHandler(2, 'Array to string...', 'D:\\xampp\\htdocs...', 312)
#1 D:\xampp\htdocs\InventarisPIKA\vendor\codeigniter4\framework\system\Database\Query.php(312): implode(',', Array)
#2 D:\xampp\htdocs\InventarisPIKA\vendor\codeigniter4\framework\system\Database\Query.php(293): CodeIgniter\Database\Query->matchNamedBinds('SELECT *\nFROM `...', Array)
#3 D:\xampp\htdocs\InventarisPIKA\vendor\codeigniter4\framework\system\Database\Query.php(150): CodeIgniter\Database\Query->compileBinds()
#4 D:\xampp\htdocs\InventarisPIKA\vendor\codeigniter4\framework\system\Database\BaseConnection.php(598): CodeIgniter\Database\Query->getQuery()
#5 D:\xampp\htdocs\InventarisPIKA\vendor\codeigniter4\framework\system\Database\BaseBuilder.php(1455): CodeIgniter\Database\BaseConnection->query('SELECT *\nFROM `...', Array, false)
#6 D:\xampp\htdocs\InventarisPIKA\vendor\codeigniter4\framework\system\Model.php(138): CodeIgniter\Database\BaseBuilder->get()
#7 D:\xampp\htdocs\InventarisPIKA\vendor\codeigniter4\framework\system\BaseModel.php(523): CodeIgniter\Model->doFind(false, Array)
#8 D:\xampp\htdocs\InventarisPIKA\app\Controllers\Login.php(51): CodeIgniter\BaseModel->find(Array)
#9 D:\xampp\htdocs\InventarisPIKA\vendor\codeigniter4\framework\system\CodeIgniter.php(825): App\Controllers\Login->cekUser()
#10 D:\xampp\htdocs\InventarisPIKA\vendor\codeigniter4\framework\system\CodeIgniter.php(412): CodeIgniter\CodeIgniter->runController(Object(App\Controllers\Login))
#11 D:\xampp\htdocs\InventarisPIKA\vendor\codeigniter4\framework\system\CodeIgniter.php(320): CodeIgniter\CodeIgniter->handleRequest(NULL, Object(Config\Cache), false)
#12 D:\xampp\htdocs\InventarisPIKA\public\index.php(37): CodeIgniter\CodeIgniter->run()
#13 D:\xampp\htdocs\InventarisPIKA\vendor\codeigniter4\framework\system\Commands\Server\rewrite.php(43): require_once('D:\\xampp\\htdocs...')
#14 {main}
CRITICAL - 2022-03-23 20:39:54 --> Array to string conversion
#0 [internal function]: CodeIgniter\Debug\Exceptions->errorHandler(2, 'Array to string...', 'D:\\xampp\\htdocs...', 312)
#1 D:\xampp\htdocs\InventarisPIKA\vendor\codeigniter4\framework\system\Database\Query.php(312): implode(',', Array)
#2 D:\xampp\htdocs\InventarisPIKA\vendor\codeigniter4\framework\system\Database\Query.php(293): CodeIgniter\Database\Query->matchNamedBinds('SELECT *\nFROM `...', Array)
#3 D:\xampp\htdocs\InventarisPIKA\vendor\codeigniter4\framework\system\Database\Query.php(150): CodeIgniter\Database\Query->compileBinds()
#4 D:\xampp\htdocs\InventarisPIKA\vendor\codeigniter4\framework\system\Database\BaseConnection.php(598): CodeIgniter\Database\Query->getQuery()
#5 D:\xampp\htdocs\InventarisPIKA\vendor\codeigniter4\framework\system\Database\BaseBuilder.php(1455): CodeIgniter\Database\BaseConnection->query('SELECT *\nFROM `...', Array, false)
#6 D:\xampp\htdocs\InventarisPIKA\vendor\codeigniter4\framework\system\Model.php(138): CodeIgniter\Database\BaseBuilder->get()
#7 D:\xampp\htdocs\InventarisPIKA\vendor\codeigniter4\framework\system\BaseModel.php(523): CodeIgniter\Model->doFind(false, Array)
#8 D:\xampp\htdocs\InventarisPIKA\app\Controllers\Login.php(51): CodeIgniter\BaseModel->find(Array)
#9 D:\xampp\htdocs\InventarisPIKA\vendor\codeigniter4\framework\system\CodeIgniter.php(825): App\Controllers\Login->cekUser()
#10 D:\xampp\htdocs\InventarisPIKA\vendor\codeigniter4\framework\system\CodeIgniter.php(412): CodeIgniter\CodeIgniter->runController(Object(App\Controllers\Login))
#11 D:\xampp\htdocs\InventarisPIKA\vendor\codeigniter4\framework\system\CodeIgniter.php(320): CodeIgniter\CodeIgniter->handleRequest(NULL, Object(Config\Cache), false)
#12 D:\xampp\htdocs\InventarisPIKA\public\index.php(37): CodeIgniter\CodeIgniter->run()
#13 D:\xampp\htdocs\InventarisPIKA\vendor\codeigniter4\framework\system\Commands\Server\rewrite.php(43): require_once('D:\\xampp\\htdocs...')
#14 {main}
ERROR - 2022-03-23 20:41:18 --> You have an error in your SQL syntax; check the manual that corresponds to your MariaDB server version for the right syntax to use near ')' at line 3
CRITICAL - 2022-03-23 20:41:18 --> You have an error in your SQL syntax; check the manual that corresponds to your MariaDB server version for the right syntax to use near ')' at line 3
#0 D:\xampp\htdocs\InventarisPIKA\vendor\codeigniter4\framework\system\Database\MySQLi\Connection.php(292): mysqli->query('SELECT *\nFROM `...', 0)
#1 D:\xampp\htdocs\InventarisPIKA\vendor\codeigniter4\framework\system\Database\BaseConnection.php(670): CodeIgniter\Database\MySQLi\Connection->execute('SELECT *\nFROM `...')
#2 D:\xampp\htdocs\InventarisPIKA\vendor\codeigniter4\framework\system\Database\BaseConnection.php(598): CodeIgniter\Database\BaseConnection->simpleQuery('SELECT *\nFROM `...')
#3 D:\xampp\htdocs\InventarisPIKA\vendor\codeigniter4\framework\system\Database\BaseBuilder.php(1455): CodeIgniter\Database\BaseConnection->query('SELECT *\nFROM `...', Array, false)
#4 D:\xampp\htdocs\InventarisPIKA\vendor\codeigniter4\framework\system\Model.php(138): CodeIgniter\Database\BaseBuilder->get()
#5 D:\xampp\htdocs\InventarisPIKA\vendor\codeigniter4\framework\system\BaseModel.php(523): CodeIgniter\Model->doFind(false, Array)
#6 D:\xampp\htdocs\InventarisPIKA\app\Controllers\Login.php(51): CodeIgniter\BaseModel->find(Array)
#7 D:\xampp\htdocs\InventarisPIKA\vendor\codeigniter4\framework\system\CodeIgniter.php(825): App\Controllers\Login->cekUser()
#8 D:\xampp\htdocs\InventarisPIKA\vendor\codeigniter4\framework\system\CodeIgniter.php(412): CodeIgniter\CodeIgniter->runController(Object(App\Controllers\Login))
#9 D:\xampp\htdocs\InventarisPIKA\vendor\codeigniter4\framework\system\CodeIgniter.php(320): CodeIgniter\CodeIgniter->handleRequest(NULL, Object(Config\Cache), false)
#10 D:\xampp\htdocs\InventarisPIKA\public\index.php(37): CodeIgniter\CodeIgniter->run()
#11 D:\xampp\htdocs\InventarisPIKA\vendor\codeigniter4\framework\system\Commands\Server\rewrite.php(43): require_once('D:\\xampp\\htdocs...')
#12 {main}
ERROR - 2022-03-23 20:41:54 --> You have an error in your SQL syntax; check the manual that corresponds to your MariaDB server version for the right syntax to use near ')' at line 3
CRITICAL - 2022-03-23 20:41:54 --> You have an error in your SQL syntax; check the manual that corresponds to your MariaDB server version for the right syntax to use near ')' at line 3
#0 D:\xampp\htdocs\InventarisPIKA\vendor\codeigniter4\framework\system\Database\MySQLi\Connection.php(292): mysqli->query('SELECT *\nFROM `...', 0)
#1 D:\xampp\htdocs\InventarisPIKA\vendor\codeigniter4\framework\system\Database\BaseConnection.php(670): CodeIgniter\Database\MySQLi\Connection->execute('SELECT *\nFROM `...')
#2 D:\xampp\htdocs\InventarisPIKA\vendor\codeigniter4\framework\system\Database\BaseConnection.php(598): CodeIgniter\Database\BaseConnection->simpleQuery('SELECT *\nFROM `...')
#3 D:\xampp\htdocs\InventarisPIKA\vendor\codeigniter4\framework\system\Database\BaseBuilder.php(1455): CodeIgniter\Database\BaseConnection->query('SELECT *\nFROM `...', Array, false)
#4 D:\xampp\htdocs\InventarisPIKA\vendor\codeigniter4\framework\system\Model.php(138): CodeIgniter\Database\BaseBuilder->get()
#5 D:\xampp\htdocs\InventarisPIKA\vendor\codeigniter4\framework\system\BaseModel.php(523): CodeIgniter\Model->doFind(false, Array)
#6 D:\xampp\htdocs\InventarisPIKA\app\Controllers\Login.php(51): CodeIgniter\BaseModel->find(Array)
#7 D:\xampp\htdocs\InventarisPIKA\vendor\codeigniter4\framework\system\CodeIgniter.php(825): App\Controllers\Login->cekUser()
#8 D:\xampp\htdocs\InventarisPIKA\vendor\codeigniter4\framework\system\CodeIgniter.php(412): CodeIgniter\CodeIgniter->runController(Object(App\Controllers\Login))
#9 D:\xampp\htdocs\InventarisPIKA\vendor\codeigniter4\framework\system\CodeIgniter.php(320): CodeIgniter\CodeIgniter->handleRequest(NULL, Object(Config\Cache), false)
#10 D:\xampp\htdocs\InventarisPIKA\public\index.php(37): CodeIgniter\CodeIgniter->run()
#11 D:\xampp\htdocs\InventarisPIKA\vendor\codeigniter4\framework\system\Commands\Server\rewrite.php(43): require_once('D:\\xampp\\htdocs...')
#12 {main}
ERROR - 2022-03-23 20:42:02 --> You have an error in your SQL syntax; check the manual that corresponds to your MariaDB server version for the right syntax to use near ')' at line 3
CRITICAL - 2022-03-23 20:42:02 --> You have an error in your SQL syntax; check the manual that corresponds to your MariaDB server version for the right syntax to use near ')' at line 3
#0 D:\xampp\htdocs\InventarisPIKA\vendor\codeigniter4\framework\system\Database\MySQLi\Connection.php(292): mysqli->query('SELECT *\nFROM `...', 0)
#1 D:\xampp\htdocs\InventarisPIKA\vendor\codeigniter4\framework\system\Database\BaseConnection.php(670): CodeIgniter\Database\MySQLi\Connection->execute('SELECT *\nFROM `...')
#2 D:\xampp\htdocs\InventarisPIKA\vendor\codeigniter4\framework\system\Database\BaseConnection.php(598): CodeIgniter\Database\BaseConnection->simpleQuery('SELECT *\nFROM `...')
#3 D:\xampp\htdocs\InventarisPIKA\vendor\codeigniter4\framework\system\Database\BaseBuilder.php(1455): CodeIgniter\Database\BaseConnection->query('SELECT *\nFROM `...', Array, false)
#4 D:\xampp\htdocs\InventarisPIKA\vendor\codeigniter4\framework\system\Model.php(138): CodeIgniter\Database\BaseBuilder->get()
#5 D:\xampp\htdocs\InventarisPIKA\vendor\codeigniter4\framework\system\BaseModel.php(523): CodeIgniter\Model->doFind(false, Array)
#6 D:\xampp\htdocs\InventarisPIKA\app\Controllers\Login.php(51): CodeIgniter\BaseModel->find(Array)
#7 D:\xampp\htdocs\InventarisPIKA\vendor\codeigniter4\framework\system\CodeIgniter.php(825): App\Controllers\Login->cekUser()
#8 D:\xampp\htdocs\InventarisPIKA\vendor\codeigniter4\framework\system\CodeIgniter.php(412): CodeIgniter\CodeIgniter->runController(Object(App\Controllers\Login))
#9 D:\xampp\htdocs\InventarisPIKA\vendor\codeigniter4\framework\system\CodeIgniter.php(320): CodeIgniter\CodeIgniter->handleRequest(NULL, Object(Config\Cache), false)
#10 D:\xampp\htdocs\InventarisPIKA\public\index.php(37): CodeIgniter\CodeIgniter->run()
#11 D:\xampp\htdocs\InventarisPIKA\vendor\codeigniter4\framework\system\Commands\Server\rewrite.php(43): require_once('D:\\xampp\\htdocs...')
#12 {main}
CRITICAL - 2022-03-23 20:44:33 --> Array to string conversion
#0 [internal function]: CodeIgniter\Debug\Exceptions->errorHandler(2, 'Array to string...', 'D:\\xampp\\htdocs...', 312)
#1 D:\xampp\htdocs\InventarisPIKA\vendor\codeigniter4\framework\system\Database\Query.php(312): implode(',', Array)
#2 D:\xampp\htdocs\InventarisPIKA\vendor\codeigniter4\framework\system\Database\Query.php(293): CodeIgniter\Database\Query->matchNamedBinds('SELECT *\nFROM `...', Array)
#3 D:\xampp\htdocs\InventarisPIKA\vendor\codeigniter4\framework\system\Database\Query.php(150): CodeIgniter\Database\Query->compileBinds()
#4 D:\xampp\htdocs\InventarisPIKA\vendor\codeigniter4\framework\system\Database\BaseConnection.php(598): CodeIgniter\Database\Query->getQuery()
#5 D:\xampp\htdocs\InventarisPIKA\vendor\codeigniter4\framework\system\Database\BaseBuilder.php(1455): CodeIgniter\Database\BaseConnection->query('SELECT *\nFROM `...', Array, false)
#6 D:\xampp\htdocs\InventarisPIKA\vendor\codeigniter4\framework\system\Model.php(138): CodeIgniter\Database\BaseBuilder->get()
#7 D:\xampp\htdocs\InventarisPIKA\vendor\codeigniter4\framework\system\BaseModel.php(523): CodeIgniter\Model->doFind(false, Array)
#8 D:\xampp\htdocs\InventarisPIKA\app\Controllers\Login.php(51): CodeIgniter\BaseModel->find(Array)
#9 D:\xampp\htdocs\InventarisPIKA\vendor\codeigniter4\framework\system\CodeIgniter.php(825): App\Controllers\Login->cekUser()
#10 D:\xampp\htdocs\InventarisPIKA\vendor\codeigniter4\framework\system\CodeIgniter.php(412): CodeIgniter\CodeIgniter->runController(Object(App\Controllers\Login))
#11 D:\xampp\htdocs\InventarisPIKA\vendor\codeigniter4\framework\system\CodeIgniter.php(320): CodeIgniter\CodeIgniter->handleRequest(NULL, Object(Config\Cache), false)
#12 D:\xampp\htdocs\InventarisPIKA\public\index.php(37): CodeIgniter\CodeIgniter->run()
#13 D:\xampp\htdocs\InventarisPIKA\vendor\codeigniter4\framework\system\Commands\Server\rewrite.php(43): require_once('D:\\xampp\\htdocs...')
#14 {main}
CRITICAL - 2022-03-23 20:51:45 --> Array to string conversion
#0 [internal function]: CodeIgniter\Debug\Exceptions->errorHandler(2, 'Array to string...', 'D:\\xampp\\htdocs...', 312)
#1 D:\xampp\htdocs\InventarisPIKA\vendor\codeigniter4\framework\system\Database\Query.php(312): implode(',', Array)
#2 D:\xampp\htdocs\InventarisPIKA\vendor\codeigniter4\framework\system\Database\Query.php(293): CodeIgniter\Database\Query->matchNamedBinds('SELECT *\nFROM `...', Array)
#3 D:\xampp\htdocs\InventarisPIKA\vendor\codeigniter4\framework\system\Database\Query.php(150): CodeIgniter\Database\Query->compileBinds()
#4 D:\xampp\htdocs\InventarisPIKA\vendor\codeigniter4\framework\system\Database\BaseConnection.php(598): CodeIgniter\Database\Query->getQuery()
#5 D:\xampp\htdocs\InventarisPIKA\vendor\codeigniter4\framework\system\Database\BaseBuilder.php(1455): CodeIgniter\Database\BaseConnection->query('SELECT *\nFROM `...', Array, false)
#6 D:\xampp\htdocs\InventarisPIKA\vendor\codeigniter4\framework\system\Model.php(138): CodeIgniter\Database\BaseBuilder->get()
#7 D:\xampp\htdocs\InventarisPIKA\vendor\codeigniter4\framework\system\BaseModel.php(523): CodeIgniter\Model->doFind(false, Array)
#8 D:\xampp\htdocs\InventarisPIKA\app\Controllers\Login.php(53): CodeIgniter\BaseModel->find(Array)
#9 D:\xampp\htdocs\InventarisPIKA\vendor\codeigniter4\framework\system\CodeIgniter.php(825): App\Controllers\Login->cekUser()
#10 D:\xampp\htdocs\InventarisPIKA\vendor\codeigniter4\framework\system\CodeIgniter.php(412): CodeIgniter\CodeIgniter->runController(Object(App\Controllers\Login))
#11 D:\xampp\htdocs\InventarisPIKA\vendor\codeigniter4\framework\system\CodeIgniter.php(320): CodeIgniter\CodeIgniter->handleRequest(NULL, Object(Config\Cache), false)
#12 D:\xampp\htdocs\InventarisPIKA\public\index.php(37): CodeIgniter\CodeIgniter->run()
#13 D:\xampp\htdocs\InventarisPIKA\vendor\codeigniter4\framework\system\Commands\Server\rewrite.php(43): require_once('D:\\xampp\\htdocs...')
#14 {main}
CRITICAL - 2022-03-23 20:54:10 --> Object of class stdClass could not be converted to string
#0 D:\xampp\htdocs\InventarisPIKA\vendor\codeigniter4\framework\system\Database\Query.php(312): implode(',', Array)
#1 D:\xampp\htdocs\InventarisPIKA\vendor\codeigniter4\framework\system\Database\Query.php(293): CodeIgniter\Database\Query->matchNamedBinds('SELECT *\nFROM `...', Array)
#2 D:\xampp\htdocs\InventarisPIKA\vendor\codeigniter4\framework\system\Database\Query.php(150): CodeIgniter\Database\Query->compileBinds()
#3 D:\xampp\htdocs\InventarisPIKA\vendor\codeigniter4\framework\system\Database\BaseConnection.php(598): CodeIgniter\Database\Query->getQuery()
#4 D:\xampp\htdocs\InventarisPIKA\vendor\codeigniter4\framework\system\Database\BaseBuilder.php(1455): CodeIgniter\Database\BaseConnection->query('SELECT *\nFROM `...', Array, false)
#5 D:\xampp\htdocs\InventarisPIKA\vendor\codeigniter4\framework\system\Model.php(138): CodeIgniter\Database\BaseBuilder->get()
#6 D:\xampp\htdocs\InventarisPIKA\vendor\codeigniter4\framework\system\BaseModel.php(523): CodeIgniter\Model->doFind(false, Array)
#7 D:\xampp\htdocs\InventarisPIKA\app\Controllers\Login.php(53): CodeIgniter\BaseModel->find(Array)
#8 D:\xampp\htdocs\InventarisPIKA\vendor\codeigniter4\framework\system\CodeIgniter.php(825): App\Controllers\Login->cekUser()
#9 D:\xampp\htdocs\InventarisPIKA\vendor\codeigniter4\framework\system\CodeIgniter.php(412): CodeIgniter\CodeIgniter->runController(Object(App\Controllers\Login))
#10 D:\xampp\htdocs\InventarisPIKA\vendor\codeigniter4\framework\system\CodeIgniter.php(320): CodeIgniter\CodeIgniter->handleRequest(NULL, Object(Config\Cache), false)
#11 D:\xampp\htdocs\InventarisPIKA\public\index.php(37): CodeIgniter\CodeIgniter->run()
#12 D:\xampp\htdocs\InventarisPIKA\vendor\codeigniter4\framework\system\Commands\Server\rewrite.php(43): require_once('D:\\xampp\\htdocs...')
#13 {main}
CRITICAL - 2022-03-23 20:54:22 --> Object of class stdClass could not be converted to string
#0 D:\xampp\htdocs\InventarisPIKA\vendor\codeigniter4\framework\system\Database\Query.php(312): implode(',', Array)
#1 D:\xampp\htdocs\InventarisPIKA\vendor\codeigniter4\framework\system\Database\Query.php(293): CodeIgniter\Database\Query->matchNamedBinds('SELECT *\nFROM `...', Array)
#2 D:\xampp\htdocs\InventarisPIKA\vendor\codeigniter4\framework\system\Database\Query.php(150): CodeIgniter\Database\Query->compileBinds()
#3 D:\xampp\htdocs\InventarisPIKA\vendor\codeigniter4\framework\system\Database\BaseConnection.php(598): CodeIgniter\Database\Query->getQuery()
#4 D:\xampp\htdocs\InventarisPIKA\vendor\codeigniter4\framework\system\Database\BaseBuilder.php(1455): CodeIgniter\Database\BaseConnection->query('SELECT *\nFROM `...', Array, false)
#5 D:\xampp\htdocs\InventarisPIKA\vendor\codeigniter4\framework\system\Model.php(138): CodeIgniter\Database\BaseBuilder->get()
#6 D:\xampp\htdocs\InventarisPIKA\vendor\codeigniter4\framework\system\BaseModel.php(523): CodeIgniter\Model->doFind(false, Array)
#7 D:\xampp\htdocs\InventarisPIKA\app\Controllers\Login.php(53): CodeIgniter\BaseModel->find(Array)
#8 D:\xampp\htdocs\InventarisPIKA\vendor\codeigniter4\framework\system\CodeIgniter.php(825): App\Controllers\Login->cekUser()
#9 D:\xampp\htdocs\InventarisPIKA\vendor\codeigniter4\framework\system\CodeIgniter.php(412): CodeIgniter\CodeIgniter->runController(Object(App\Controllers\Login))
#10 D:\xampp\htdocs\InventarisPIKA\vendor\codeigniter4\framework\system\CodeIgniter.php(320): CodeIgniter\CodeIgniter->handleRequest(NULL, Object(Config\Cache), false)
#11 D:\xampp\htdocs\InventarisPIKA\public\index.php(37): CodeIgniter\CodeIgniter->run()
#12 D:\xampp\htdocs\InventarisPIKA\vendor\codeigniter4\framework\system\Commands\Server\rewrite.php(43): require_once('D:\\xampp\\htdocs...')
#13 {main}
CRITICAL - 2022-03-23 20:54:34 --> Object of class stdClass could not be converted to string
#0 D:\xampp\htdocs\InventarisPIKA\vendor\codeigniter4\framework\system\Database\Query.php(312): implode(',', Array)
#1 D:\xampp\htdocs\InventarisPIKA\vendor\codeigniter4\framework\system\Database\Query.php(293): CodeIgniter\Database\Query->matchNamedBinds('SELECT *\nFROM `...', Array)
#2 D:\xampp\htdocs\InventarisPIKA\vendor\codeigniter4\framework\system\Database\Query.php(150): CodeIgniter\Database\Query->compileBinds()
#3 D:\xampp\htdocs\InventarisPIKA\vendor\codeigniter4\framework\system\Database\BaseConnection.php(598): CodeIgniter\Database\Query->getQuery()
#4 D:\xampp\htdocs\InventarisPIKA\vendor\codeigniter4\framework\system\Database\BaseBuilder.php(1455): CodeIgniter\Database\BaseConnection->query('SELECT *\nFROM `...', Array, false)
#5 D:\xampp\htdocs\InventarisPIKA\vendor\codeigniter4\framework\system\Model.php(138): CodeIgniter\Database\BaseBuilder->get()
#6 D:\xampp\htdocs\InventarisPIKA\vendor\codeigniter4\framework\system\BaseModel.php(523): CodeIgniter\Model->doFind(false, Array)
#7 D:\xampp\htdocs\InventarisPIKA\app\Controllers\Login.php(53): CodeIgniter\BaseModel->find(Array)
#8 D:\xampp\htdocs\InventarisPIKA\vendor\codeigniter4\framework\system\CodeIgniter.php(825): App\Controllers\Login->cekUser()
#9 D:\xampp\htdocs\InventarisPIKA\vendor\codeigniter4\framework\system\CodeIgniter.php(412): CodeIgniter\CodeIgniter->runController(Object(App\Controllers\Login))
#10 D:\xampp\htdocs\InventarisPIKA\vendor\codeigniter4\framework\system\CodeIgniter.php(320): CodeIgniter\CodeIgniter->handleRequest(NULL, Object(Config\Cache), false)
#11 D:\xampp\htdocs\InventarisPIKA\public\index.php(37): CodeIgniter\CodeIgniter->run()
#12 D:\xampp\htdocs\InventarisPIKA\vendor\codeigniter4\framework\system\Commands\Server\rewrite.php(43): require_once('D:\\xampp\\htdocs...')
#13 {main}
CRITICAL - 2022-03-23 21:05:02 --> CodeIgniter\Database\BaseBuilder::get(): Argument #1 ($limit) must be of type ?int, string given, called in D:\xampp\htdocs\InventarisPIKA\vendor\codeigniter4\framework\system\Model.php on line 728
#0 D:\xampp\htdocs\InventarisPIKA\vendor\codeigniter4\framework\system\Model.php(728): CodeIgniter\Database\BaseBuilder->get('id_user')
#1 D:\xampp\htdocs\InventarisPIKA\app\Controllers\Login.php(44): CodeIgniter\Model->__call('get', Array)
#2 D:\xampp\htdocs\InventarisPIKA\vendor\codeigniter4\framework\system\CodeIgniter.php(825): App\Controllers\Login->cekUser()
#3 D:\xampp\htdocs\InventarisPIKA\vendor\codeigniter4\framework\system\CodeIgniter.php(412): CodeIgniter\CodeIgniter->runController(Object(App\Controllers\Login))
#4 D:\xampp\htdocs\InventarisPIKA\vendor\codeigniter4\framework\system\CodeIgniter.php(320): CodeIgniter\CodeIgniter->handleRequest(NULL, Object(Config\Cache), false)
#5 D:\xampp\htdocs\InventarisPIKA\public\index.php(37): CodeIgniter\CodeIgniter->run()
#6 D:\xampp\htdocs\InventarisPIKA\vendor\codeigniter4\framework\system\Commands\Server\rewrite.php(43): require_once('D:\\xampp\\htdocs...')
#7 {main}
CRITICAL - 2022-03-23 21:05:39 --> Undefined variable $builder
#0 D:\xampp\htdocs\InventarisPIKA\app\Controllers\Login.php(44): CodeIgniter\Debug\Exceptions->errorHandler(2, 'Undefined varia...', 'D:\\xampp\\htdocs...', 44)
#1 D:\xampp\htdocs\InventarisPIKA\vendor\codeigniter4\framework\system\CodeIgniter.php(825): App\Controllers\Login->cekUser()
#2 D:\xampp\htdocs\InventarisPIKA\vendor\codeigniter4\framework\system\CodeIgniter.php(412): CodeIgniter\CodeIgniter->runController(Object(App\Controllers\Login))
#3 D:\xampp\htdocs\InventarisPIKA\vendor\codeigniter4\framework\system\CodeIgniter.php(320): CodeIgniter\CodeIgniter->handleRequest(NULL, Object(Config\Cache), false)
#4 D:\xampp\htdocs\InventarisPIKA\public\index.php(37): CodeIgniter\CodeIgniter->run()
#5 D:\xampp\htdocs\InventarisPIKA\vendor\codeigniter4\framework\system\Commands\Server\rewrite.php(43): require_once('D:\\xampp\\htdocs...')
#6 {main}
CRITICAL - 2022-03-23 21:06:00 --> CodeIgniter\Database\BaseBuilder::get(): Argument #1 ($limit) must be of type ?int, string given, called in D:\xampp\htdocs\InventarisPIKA\app\Controllers\Login.php on line 44
#0 D:\xampp\htdocs\InventarisPIKA\app\Controllers\Login.php(44): CodeIgniter\Database\BaseBuilder->get('id_user')
#1 D:\xampp\htdocs\InventarisPIKA\vendor\codeigniter4\framework\system\CodeIgniter.php(825): App\Controllers\Login->cekUser()
#2 D:\xampp\htdocs\InventarisPIKA\vendor\codeigniter4\framework\system\CodeIgniter.php(412): CodeIgniter\CodeIgniter->runController(Object(App\Controllers\Login))
#3 D:\xampp\htdocs\InventarisPIKA\vendor\codeigniter4\framework\system\CodeIgniter.php(320): CodeIgniter\CodeIgniter->handleRequest(NULL, Object(Config\Cache), false)
#4 D:\xampp\htdocs\InventarisPIKA\public\index.php(37): CodeIgniter\CodeIgniter->run()
#5 D:\xampp\htdocs\InventarisPIKA\vendor\codeigniter4\framework\system\Commands\Server\rewrite.php(43): require_once('D:\\xampp\\htdocs...')
#6 {main}
CRITICAL - 2022-03-23 21:21:56 --> Trying to access array offset on value of type null
#0 D:\xampp\htdocs\InventarisPIKA\app\Controllers\Login.php(47): CodeIgniter\Debug\Exceptions->errorHandler(2, 'Trying to acces...', 'D:\\xampp\\htdocs...', 47)
#1 D:\xampp\htdocs\InventarisPIKA\vendor\codeigniter4\framework\system\CodeIgniter.php(825): App\Controllers\Login->cekUser()
#2 D:\xampp\htdocs\InventarisPIKA\vendor\codeigniter4\framework\system\CodeIgniter.php(412): CodeIgniter\CodeIgniter->runController(Object(App\Controllers\Login))
#3 D:\xampp\htdocs\InventarisPIKA\vendor\codeigniter4\framework\system\CodeIgniter.php(320): CodeIgniter\CodeIgniter->handleRequest(NULL, Object(Config\Cache), false)
#4 D:\xampp\htdocs\InventarisPIKA\public\index.php(37): CodeIgniter\CodeIgniter->run()
#5 D:\xampp\htdocs\InventarisPIKA\vendor\codeigniter4\framework\system\Commands\Server\rewrite.php(43): require_once('D:\\xampp\\htdocs...')
#6 {main}
CRITICAL - 2022-03-23 21:23:44 --> Trying to access array offset on value of type null
#0 D:\xampp\htdocs\InventarisPIKA\app\Controllers\Login.php(47): CodeIgniter\Debug\Exceptions->errorHandler(2, 'Trying to acces...', 'D:\\xampp\\htdocs...', 47)
#1 D:\xampp\htdocs\InventarisPIKA\vendor\codeigniter4\framework\system\CodeIgniter.php(825): App\Controllers\Login->cekUser()
#2 D:\xampp\htdocs\InventarisPIKA\vendor\codeigniter4\framework\system\CodeIgniter.php(412): CodeIgniter\CodeIgniter->runController(Object(App\Controllers\Login))
#3 D:\xampp\htdocs\InventarisPIKA\vendor\codeigniter4\framework\system\CodeIgniter.php(320): CodeIgniter\CodeIgniter->handleRequest(NULL, Object(Config\Cache), false)
#4 D:\xampp\htdocs\InventarisPIKA\public\index.php(37): CodeIgniter\CodeIgniter->run()
#5 D:\xampp\htdocs\InventarisPIKA\vendor\codeigniter4\framework\system\Commands\Server\rewrite.php(43): require_once('D:\\xampp\\htdocs...')
#6 {main}
CRITICAL - 2022-03-23 21:24:08 --> Trying to access array offset on value of type null
#0 D:\xampp\htdocs\InventarisPIKA\app\Controllers\Login.php(47): CodeIgniter\Debug\Exceptions->errorHandler(2, 'Trying to acces...', 'D:\\xampp\\htdocs...', 47)
#1 D:\xampp\htdocs\InventarisPIKA\vendor\codeigniter4\framework\system\CodeIgniter.php(825): App\Controllers\Login->cekUser()
#2 D:\xampp\htdocs\InventarisPIKA\vendor\codeigniter4\framework\system\CodeIgniter.php(412): CodeIgniter\CodeIgniter->runController(Object(App\Controllers\Login))
#3 D:\xampp\htdocs\InventarisPIKA\vendor\codeigniter4\framework\system\CodeIgniter.php(320): CodeIgniter\CodeIgniter->handleRequest(NULL, Object(Config\Cache), false)
#4 D:\xampp\htdocs\InventarisPIKA\public\index.php(37): CodeIgniter\CodeIgniter->run()
#5 D:\xampp\htdocs\InventarisPIKA\vendor\codeigniter4\framework\system\Commands\Server\rewrite.php(43): require_once('D:\\xampp\\htdocs...')
#6 {main}
CRITICAL - 2022-03-23 21:26:25 --> Trying to access array offset on value of type null
#0 D:\xampp\htdocs\InventarisPIKA\app\Controllers\Login.php(47): CodeIgniter\Debug\Exceptions->errorHandler(2, 'Trying to acces...', 'D:\\xampp\\htdocs...', 47)
#1 D:\xampp\htdocs\InventarisPIKA\vendor\codeigniter4\framework\system\CodeIgniter.php(825): App\Controllers\Login->cekUser()
#2 D:\xampp\htdocs\InventarisPIKA\vendor\codeigniter4\framework\system\CodeIgniter.php(412): CodeIgniter\CodeIgniter->runController(Object(App\Controllers\Login))
#3 D:\xampp\htdocs\InventarisPIKA\vendor\codeigniter4\framework\system\CodeIgniter.php(320): CodeIgniter\CodeIgniter->handleRequest(NULL, Object(Config\Cache), false)
#4 D:\xampp\htdocs\InventarisPIKA\public\index.php(37): CodeIgniter\CodeIgniter->run()
#5 D:\xampp\htdocs\InventarisPIKA\vendor\codeigniter4\framework\system\Commands\Server\rewrite.php(43): require_once('D:\\xampp\\htdocs...')
#6 {main}
CRITICAL - 2022-03-23 21:53:38 --> Unclosed '{' on line 9
#0 D:\xampp\htdocs\InventarisPIKA\vendor\codeigniter4\framework\system\Autoloader\Autoloader.php(241): CodeIgniter\Autoloader\Autoloader->includeFile('D:\\xampp\\htdocs...')
#1 D:\xampp\htdocs\InventarisPIKA\vendor\codeigniter4\framework\system\Autoloader\Autoloader.php(219): CodeIgniter\Autoloader\Autoloader->loadInNamespace('App\\Controllers...')
#2 [internal function]: CodeIgniter\Autoloader\Autoloader->loadClass('App\\Controllers...')
#3 D:\xampp\htdocs\InventarisPIKA\vendor\codeigniter4\framework\system\CodeIgniter.php(790): class_exists('\\App\\Controller...', true)
#4 D:\xampp\htdocs\InventarisPIKA\vendor\codeigniter4\framework\system\CodeIgniter.php(399): CodeIgniter\CodeIgniter->startController()
#5 D:\xampp\htdocs\InventarisPIKA\vendor\codeigniter4\framework\system\CodeIgniter.php(320): CodeIgniter\CodeIgniter->handleRequest(NULL, Object(Config\Cache), false)
#6 D:\xampp\htdocs\InventarisPIKA\public\index.php(37): CodeIgniter\CodeIgniter->run()
#7 D:\xampp\htdocs\InventarisPIKA\vendor\codeigniter4\framework\system\Commands\Server\rewrite.php(43): require_once('D:\\xampp\\htdocs...')
#8 {main}
CRITICAL - 2022-03-23 21:54:34 --> Undefined array key "password"
#0 D:\xampp\htdocs\InventarisPIKA\app\Controllers\Login.php(57): CodeIgniter\Debug\Exceptions->errorHandler(2, 'Undefined array...', 'D:\\xampp\\htdocs...', 57)
#1 D:\xampp\htdocs\InventarisPIKA\vendor\codeigniter4\framework\system\CodeIgniter.php(825): App\Controllers\Login->cekUser()
#2 D:\xampp\htdocs\InventarisPIKA\vendor\codeigniter4\framework\system\CodeIgniter.php(412): CodeIgniter\CodeIgniter->runController(Object(App\Controllers\Login))
#3 D:\xampp\htdocs\InventarisPIKA\vendor\codeigniter4\framework\system\CodeIgniter.php(320): CodeIgniter\CodeIgniter->handleRequest(NULL, Object(Config\Cache), false)
#4 D:\xampp\htdocs\InventarisPIKA\public\index.php(37): CodeIgniter\CodeIgniter->run()
#5 D:\xampp\htdocs\InventarisPIKA\vendor\codeigniter4\framework\system\Commands\Server\rewrite.php(43): require_once('D:\\xampp\\htdocs...')
#6 {main}
CRITICAL - 2022-03-23 21:54:47 --> Undefined array key 111111
#0 D:\xampp\htdocs\InventarisPIKA\app\Controllers\Login.php(57): CodeIgniter\Debug\Exceptions->errorHandler(2, 'Undefined array...', 'D:\\xampp\\htdocs...', 57)
#1 D:\xampp\htdocs\InventarisPIKA\vendor\codeigniter4\framework\system\CodeIgniter.php(825): App\Controllers\Login->cekUser()
#2 D:\xampp\htdocs\InventarisPIKA\vendor\codeigniter4\framework\system\CodeIgniter.php(412): CodeIgniter\CodeIgniter->runController(Object(App\Controllers\Login))
#3 D:\xampp\htdocs\InventarisPIKA\vendor\codeigniter4\framework\system\CodeIgniter.php(320): CodeIgniter\CodeIgniter->handleRequest(NULL, Object(Config\Cache), false)
#4 D:\xampp\htdocs\InventarisPIKA\public\index.php(37): CodeIgniter\CodeIgniter->run()
#5 D:\xampp\htdocs\InventarisPIKA\vendor\codeigniter4\framework\system\Commands\Server\rewrite.php(43): require_once('D:\\xampp\\htdocs...')
#6 {main}
CRITICAL - 2022-03-23 21:55:51 --> Undefined array key "userpassword"
#0 D:\xampp\htdocs\InventarisPIKA\app\Controllers\Login.php(57): CodeIgniter\Debug\Exceptions->errorHandler(2, 'Undefined array...', 'D:\\xampp\\htdocs...', 57)
#1 D:\xampp\htdocs\InventarisPIKA\vendor\codeigniter4\framework\system\CodeIgniter.php(825): App\Controllers\Login->cekUser()
#2 D:\xampp\htdocs\InventarisPIKA\vendor\codeigniter4\framework\system\CodeIgniter.php(412): CodeIgniter\CodeIgniter->runController(Object(App\Controllers\Login))
#3 D:\xampp\htdocs\InventarisPIKA\vendor\codeigniter4\framework\system\CodeIgniter.php(320): CodeIgniter\CodeIgniter->handleRequest(NULL, Object(Config\Cache), false)
#4 D:\xampp\htdocs\InventarisPIKA\public\index.php(37): CodeIgniter\CodeIgniter->run()
#5 D:\xampp\htdocs\InventarisPIKA\vendor\codeigniter4\framework\system\Commands\Server\rewrite.php(43): require_once('D:\\xampp\\htdocs...')
#6 {main}
CRITICAL - 2022-03-23 21:56:03 --> Undefined array key "password"
#0 D:\xampp\htdocs\InventarisPIKA\app\Controllers\Login.php(57): CodeIgniter\Debug\Exceptions->errorHandler(2, 'Undefined array...', 'D:\\xampp\\htdocs...', 57)
#1 D:\xampp\htdocs\InventarisPIKA\vendor\codeigniter4\framework\system\CodeIgniter.php(825): App\Controllers\Login->cekUser()
#2 D:\xampp\htdocs\InventarisPIKA\vendor\codeigniter4\framework\system\CodeIgniter.php(412): CodeIgniter\CodeIgniter->runController(Object(App\Controllers\Login))
#3 D:\xampp\htdocs\InventarisPIKA\vendor\codeigniter4\framework\system\CodeIgniter.php(320): CodeIgniter\CodeIgniter->handleRequest(NULL, Object(Config\Cache), false)
#4 D:\xampp\htdocs\InventarisPIKA\public\index.php(37): CodeIgniter\CodeIgniter->run()
#5 D:\xampp\htdocs\InventarisPIKA\vendor\codeigniter4\framework\system\Commands\Server\rewrite.php(43): require_once('D:\\xampp\\htdocs...')
#6 {main}
CRITICAL - 2022-03-23 21:58:47 --> Undefined array key "password"
#0 D:\xampp\htdocs\InventarisPIKA\app\Controllers\Login.php(58): CodeIgniter\Debug\Exceptions->errorHandler(2, 'Undefined array...', 'D:\\xampp\\htdocs...', 58)
#1 D:\xampp\htdocs\InventarisPIKA\vendor\codeigniter4\framework\system\CodeIgniter.php(825): App\Controllers\Login->cekUser()
#2 D:\xampp\htdocs\InventarisPIKA\vendor\codeigniter4\framework\system\CodeIgniter.php(412): CodeIgniter\CodeIgniter->runController(Object(App\Controllers\Login))
#3 D:\xampp\htdocs\InventarisPIKA\vendor\codeigniter4\framework\system\CodeIgniter.php(320): CodeIgniter\CodeIgniter->handleRequest(NULL, Object(Config\Cache), false)
#4 D:\xampp\htdocs\InventarisPIKA\public\index.php(37): CodeIgniter\CodeIgniter->run()
#5 D:\xampp\htdocs\InventarisPIKA\vendor\codeigniter4\framework\system\Commands\Server\rewrite.php(43): require_once('D:\\xampp\\htdocs...')
#6 {main}
CRITICAL - 2022-03-23 22:21:58 --> Undefined array key "password"
#0 D:\xampp\htdocs\InventarisPIKA\app\Controllers\Login.php(59): CodeIgniter\Debug\Exceptions->errorHandler(2, 'Undefined array...', 'D:\\xampp\\htdocs...', 59)
#1 D:\xampp\htdocs\InventarisPIKA\vendor\codeigniter4\framework\system\CodeIgniter.php(825): App\Controllers\Login->cekUser()
#2 D:\xampp\htdocs\InventarisPIKA\vendor\codeigniter4\framework\system\CodeIgniter.php(412): CodeIgniter\CodeIgniter->runController(Object(App\Controllers\Login))
#3 D:\xampp\htdocs\InventarisPIKA\vendor\codeigniter4\framework\system\CodeIgniter.php(320): CodeIgniter\CodeIgniter->handleRequest(NULL, Object(Config\Cache), false)
#4 D:\xampp\htdocs\InventarisPIKA\public\index.php(37): CodeIgniter\CodeIgniter->run()
#5 D:\xampp\htdocs\InventarisPIKA\vendor\codeigniter4\framework\system\Commands\Server\rewrite.php(43): require_once('D:\\xampp\\htdocs...')
#6 {main}
CRITICAL - 2022-03-23 22:22:43 --> Undefined array key "password"
#0 D:\xampp\htdocs\InventarisPIKA\app\Controllers\Login.php(59): CodeIgniter\Debug\Exceptions->errorHandler(2, 'Undefined array...', 'D:\\xampp\\htdocs...', 59)
#1 D:\xampp\htdocs\InventarisPIKA\vendor\codeigniter4\framework\system\CodeIgniter.php(825): App\Controllers\Login->cekUser()
#2 D:\xampp\htdocs\InventarisPIKA\vendor\codeigniter4\framework\system\CodeIgniter.php(412): CodeIgniter\CodeIgniter->runController(Object(App\Controllers\Login))
#3 D:\xampp\htdocs\InventarisPIKA\vendor\codeigniter4\framework\system\CodeIgniter.php(320): CodeIgniter\CodeIgniter->handleRequest(NULL, Object(Config\Cache), false)
#4 D:\xampp\htdocs\InventarisPIKA\public\index.php(37): CodeIgniter\CodeIgniter->run()
#5 D:\xampp\htdocs\InventarisPIKA\vendor\codeigniter4\framework\system\Commands\Server\rewrite.php(43): require_once('D:\\xampp\\htdocs...')
#6 {main}
CRITICAL - 2022-03-23 22:24:12 --> syntax error, unexpected token "if"
#0 D:\xampp\htdocs\InventarisPIKA\vendor\codeigniter4\framework\system\Router\Router.php(175): CodeIgniter\Router\Router->autoRoute('login/cekUser')
#1 D:\xampp\htdocs\InventarisPIKA\vendor\codeigniter4\framework\system\CodeIgniter.php(719): CodeIgniter\Router\Router->handle('login/cekUser')
#2 D:\xampp\htdocs\InventarisPIKA\vendor\codeigniter4\framework\system\CodeIgniter.php(361): CodeIgniter\CodeIgniter->tryToRouteIt(Object(CodeIgniter\Router\RouteCollection))
#3 D:\xampp\htdocs\InventarisPIKA\vendor\codeigniter4\framework\system\CodeIgniter.php(320): CodeIgniter\CodeIgniter->handleRequest(NULL, Object(Config\Cache), false)
#4 D:\xampp\htdocs\InventarisPIKA\public\index.php(37): CodeIgniter\CodeIgniter->run()
#5 D:\xampp\htdocs\InventarisPIKA\vendor\codeigniter4\framework\system\Commands\Server\rewrite.php(43): require_once('D:\\xampp\\htdocs...')
#6 {main}
CRITICAL - 2022-03-23 22:24:22 --> mysqli_result::fetch_object(): Argument #1 ($class) must be a valid class name, string given
#0 D:\xampp\htdocs\InventarisPIKA\vendor\codeigniter4\framework\system\Database\MySQLi\Result.php(148): mysqli_result->fetch_object('string')
#1 D:\xampp\htdocs\InventarisPIKA\vendor\codeigniter4\framework\system\Database\BaseResult.php(149): CodeIgniter\Database\MySQLi\Result->fetchObject('string')
#2 D:\xampp\htdocs\InventarisPIKA\vendor\codeigniter4\framework\system\Database\BaseResult.php(106): CodeIgniter\Database\BaseResult->getCustomResultObject('string')
#3 D:\xampp\htdocs\InventarisPIKA\vendor\codeigniter4\framework\system\Database\BaseResult.php(377): CodeIgniter\Database\BaseResult->getResult('string')
#4 D:\xampp\htdocs\InventarisPIKA\app\Controllers\Login.php(46): CodeIgniter\Database\BaseResult->getFirstRow('string')
#5 D:\xampp\htdocs\InventarisPIKA\vendor\codeigniter4\framework\system\CodeIgniter.php(825): App\Controllers\Login->cekUser()
#6 D:\xampp\htdocs\InventarisPIKA\vendor\codeigniter4\framework\system\CodeIgniter.php(412): CodeIgniter\CodeIgniter->runController(Object(App\Controllers\Login))
#7 D:\xampp\htdocs\InventarisPIKA\vendor\codeigniter4\framework\system\CodeIgniter.php(320): CodeIgniter\CodeIgniter->handleRequest(NULL, Object(Config\Cache), false)
#8 D:\xampp\htdocs\InventarisPIKA\public\index.php(37): CodeIgniter\CodeIgniter->run()
#9 D:\xampp\htdocs\InventarisPIKA\vendor\codeigniter4\framework\system\Commands\Server\rewrite.php(43): require_once('D:\\xampp\\htdocs...')
#10 {main}
CRITICAL - 2022-03-23 22:24:36 --> mysqli_result::fetch_object(): Argument #1 ($class) must be a valid class name, String given
#0 D:\xampp\htdocs\InventarisPIKA\vendor\codeigniter4\framework\system\Database\MySQLi\Result.php(148): mysqli_result->fetch_object('String')
#1 D:\xampp\htdocs\InventarisPIKA\vendor\codeigniter4\framework\system\Database\BaseResult.php(149): CodeIgniter\Database\MySQLi\Result->fetchObject('String')
#2 D:\xampp\htdocs\InventarisPIKA\vendor\codeigniter4\framework\system\Database\BaseResult.php(106): CodeIgniter\Database\BaseResult->getCustomResultObject('String')
#3 D:\xampp\htdocs\InventarisPIKA\vendor\codeigniter4\framework\system\Database\BaseResult.php(377): CodeIgniter\Database\BaseResult->getResult('String')
#4 D:\xampp\htdocs\InventarisPIKA\app\Controllers\Login.php(46): CodeIgniter\Database\BaseResult->getFirstRow('String')
#5 D:\xampp\htdocs\InventarisPIKA\vendor\codeigniter4\framework\system\CodeIgniter.php(825): App\Controllers\Login->cekUser()
#6 D:\xampp\htdocs\InventarisPIKA\vendor\codeigniter4\framework\system\CodeIgniter.php(412): CodeIgniter\CodeIgniter->runController(Object(App\Controllers\Login))
#7 D:\xampp\htdocs\InventarisPIKA\vendor\codeigniter4\framework\system\CodeIgniter.php(320): CodeIgniter\CodeIgniter->handleRequest(NULL, Object(Config\Cache), false)
#8 D:\xampp\htdocs\InventarisPIKA\public\index.php(37): CodeIgniter\CodeIgniter->run()
#9 D:\xampp\htdocs\InventarisPIKA\vendor\codeigniter4\framework\system\Commands\Server\rewrite.php(43): require_once('D:\\xampp\\htdocs...')
#10 {main}
CRITICAL - 2022-03-23 22:26:10 --> Undefined array key "password"
#0 D:\xampp\htdocs\InventarisPIKA\app\Controllers\Login.php(60): CodeIgniter\Debug\Exceptions->errorHandler(2, 'Undefined array...', 'D:\\xampp\\htdocs...', 60)
#1 D:\xampp\htdocs\InventarisPIKA\vendor\codeigniter4\framework\system\CodeIgniter.php(825): App\Controllers\Login->cekUser()
#2 D:\xampp\htdocs\InventarisPIKA\vendor\codeigniter4\framework\system\CodeIgniter.php(412): CodeIgniter\CodeIgniter->runController(Object(App\Controllers\Login))
#3 D:\xampp\htdocs\InventarisPIKA\vendor\codeigniter4\framework\system\CodeIgniter.php(320): CodeIgniter\CodeIgniter->handleRequest(NULL, Object(Config\Cache), false)
#4 D:\xampp\htdocs\InventarisPIKA\public\index.php(37): CodeIgniter\CodeIgniter->run()
#5 D:\xampp\htdocs\InventarisPIKA\vendor\codeigniter4\framework\system\Commands\Server\rewrite.php(43): require_once('D:\\xampp\\htdocs...')
#6 {main}
CRITICAL - 2022-03-23 22:26:41 --> Undefined array key "password"
#0 D:\xampp\htdocs\InventarisPIKA\app\Controllers\Login.php(60): CodeIgniter\Debug\Exceptions->errorHandler(2, 'Undefined array...', 'D:\\xampp\\htdocs...', 60)
#1 D:\xampp\htdocs\InventarisPIKA\vendor\codeigniter4\framework\system\CodeIgniter.php(825): App\Controllers\Login->cekUser()
#2 D:\xampp\htdocs\InventarisPIKA\vendor\codeigniter4\framework\system\CodeIgniter.php(412): CodeIgniter\CodeIgniter->runController(Object(App\Controllers\Login))
#3 D:\xampp\htdocs\InventarisPIKA\vendor\codeigniter4\framework\system\CodeIgniter.php(320): CodeIgniter\CodeIgniter->handleRequest(NULL, Object(Config\Cache), false)
#4 D:\xampp\htdocs\InventarisPIKA\public\index.php(37): CodeIgniter\CodeIgniter->run()
#5 D:\xampp\htdocs\InventarisPIKA\vendor\codeigniter4\framework\system\Commands\Server\rewrite.php(43): require_once('D:\\xampp\\htdocs...')
#6 {main}
CRITICAL - 2022-03-23 23:10:09 --> Undefined array key "id_level"
#0 D:\xampp\htdocs\InventarisPIKA\app\Controllers\Login.php(62): CodeIgniter\Debug\Exceptions->errorHandler(2, 'Undefined array...', 'D:\\xampp\\htdocs...', 62)
#1 D:\xampp\htdocs\InventarisPIKA\vendor\codeigniter4\framework\system\CodeIgniter.php(825): App\Controllers\Login->cekUser()
#2 D:\xampp\htdocs\InventarisPIKA\vendor\codeigniter4\framework\system\CodeIgniter.php(412): CodeIgniter\CodeIgniter->runController(Object(App\Controllers\Login))
#3 D:\xampp\htdocs\InventarisPIKA\vendor\codeigniter4\framework\system\CodeIgniter.php(320): CodeIgniter\CodeIgniter->handleRequest(NULL, Object(Config\Cache), false)
#4 D:\xampp\htdocs\InventarisPIKA\public\index.php(37): CodeIgniter\CodeIgniter->run()
#5 D:\xampp\htdocs\InventarisPIKA\vendor\codeigniter4\framework\system\Commands\Server\rewrite.php(43): require_once('D:\\xampp\\htdocs...')
#6 {main}
CRITICAL - 2022-03-23 23:10:32 --> Undefined array key "username"
#0 D:\xampp\htdocs\InventarisPIKA\app\Controllers\Login.php(65): CodeIgniter\Debug\Exceptions->errorHandler(2, 'Undefined array...', 'D:\\xampp\\htdocs...', 65)
#1 D:\xampp\htdocs\InventarisPIKA\vendor\codeigniter4\framework\system\CodeIgniter.php(825): App\Controllers\Login->cekUser()
#2 D:\xampp\htdocs\InventarisPIKA\vendor\codeigniter4\framework\system\CodeIgniter.php(412): CodeIgniter\CodeIgniter->runController(Object(App\Controllers\Login))
#3 D:\xampp\htdocs\InventarisPIKA\vendor\codeigniter4\framework\system\CodeIgniter.php(320): CodeIgniter\CodeIgniter->handleRequest(NULL, Object(Config\Cache), false)
#4 D:\xampp\htdocs\InventarisPIKA\public\index.php(37): CodeIgniter\CodeIgniter->run()
#5 D:\xampp\htdocs\InventarisPIKA\vendor\codeigniter4\framework\system\Commands\Server\rewrite.php(43): require_once('D:\\xampp\\htdocs...')
#6 {main}
