CRITICAL - 2022-03-08 21:52:16 --> Invalid file: templates/buat-akun.php
#0 D:\xampp\htdocs\InventarisPIKA\vendor\codeigniter4\framework\system\View\View.php(198): CodeIgniter\Exceptions\FrameworkException::forInvalidFile('templates/buat-...')
#1 D:\xampp\htdocs\InventarisPIKA\vendor\codeigniter4\framework\system\Common.php(1089): CodeIgniter\View\View->render('templates/buat-...', Array, true)
#2 D:\xampp\htdocs\InventarisPIKA\app\Controllers\BuatAkun.php(9): view('templates/buat-...')
#3 D:\xampp\htdocs\InventarisPIKA\vendor\codeigniter4\framework\system\CodeIgniter.php(825): App\Controllers\BuatAkun->index()
#4 D:\xampp\htdocs\InventarisPIKA\vendor\codeigniter4\framework\system\CodeIgniter.php(412): CodeIgniter\CodeIgniter->runController(Object(App\Controllers\BuatAkun))
#5 D:\xampp\htdocs\InventarisPIKA\vendor\codeigniter4\framework\system\CodeIgniter.php(320): CodeIgniter\CodeIgniter->handleRequest(NULL, Object(Config\Cache), false)
#6 D:\xampp\htdocs\InventarisPIKA\public\index.php(37): CodeIgniter\CodeIgniter->run()
#7 D:\xampp\htdocs\InventarisPIKA\vendor\codeigniter4\framework\system\Commands\Server\rewrite.php(43): require_once('D:\\xampp\\htdocs...')
#8 {main}
CRITICAL - 2022-03-08 22:20:08 --> Undefined variable $ruang
#0 D:\xampp\htdocs\InventarisPIKA\app\Views\templates\ruang.php(82): CodeIgniter\Debug\Exceptions->errorHandler(2, 'Undefined varia...', 'D:\\xampp\\htdocs...', 82)
#1 D:\xampp\htdocs\InventarisPIKA\vendor\codeigniter4\framework\system\View\View.php(210): include('D:\\xampp\\htdocs...')
#2 D:\xampp\htdocs\InventarisPIKA\vendor\codeigniter4\framework\system\View\View.php(213): CodeIgniter\View\View->CodeIgniter\View\{closure}()
#3 D:\xampp\htdocs\InventarisPIKA\vendor\codeigniter4\framework\system\Common.php(1089): CodeIgniter\View\View->render('templates/ruang', Array, true)
#4 D:\xampp\htdocs\InventarisPIKA\app\Controllers\Ruang.php(9): view('templates/ruang')
#5 D:\xampp\htdocs\InventarisPIKA\vendor\codeigniter4\framework\system\CodeIgniter.php(825): App\Controllers\Ruang->index()
#6 D:\xampp\htdocs\InventarisPIKA\vendor\codeigniter4\framework\system\CodeIgniter.php(412): CodeIgniter\CodeIgniter->runController(Object(App\Controllers\Ruang))
#7 D:\xampp\htdocs\InventarisPIKA\vendor\codeigniter4\framework\system\CodeIgniter.php(320): CodeIgniter\CodeIgniter->handleRequest(NULL, Object(Config\Cache), false)
#8 D:\xampp\htdocs\InventarisPIKA\public\index.php(37): CodeIgniter\CodeIgniter->run()
#9 D:\xampp\htdocs\InventarisPIKA\vendor\codeigniter4\framework\system\Commands\Server\rewrite.php(43): require_once('D:\\xampp\\htdocs...')
#10 {main}
CRITICAL - 2022-03-08 22:22:26 --> Class "App\Controllers\NameModel" not found
#0 D:\xampp\htdocs\InventarisPIKA\vendor\codeigniter4\framework\system\CodeIgniter.php(825): App\Controllers\Ruang->index()
#1 D:\xampp\htdocs\InventarisPIKA\vendor\codeigniter4\framework\system\CodeIgniter.php(412): CodeIgniter\CodeIgniter->runController(Object(App\Controllers\Ruang))
#2 D:\xampp\htdocs\InventarisPIKA\vendor\codeigniter4\framework\system\CodeIgniter.php(320): CodeIgniter\CodeIgniter->handleRequest(NULL, Object(Config\Cache), false)
#3 D:\xampp\htdocs\InventarisPIKA\public\index.php(37): CodeIgniter\CodeIgniter->run()
#4 D:\xampp\htdocs\InventarisPIKA\vendor\codeigniter4\framework\system\Commands\Server\rewrite.php(43): require_once('D:\\xampp\\htdocs...')
#5 {main}
CRITICAL - 2022-03-08 22:22:59 --> Class "App\Controllers\RuangModel" not found
#0 D:\xampp\htdocs\InventarisPIKA\vendor\codeigniter4\framework\system\CodeIgniter.php(825): App\Controllers\Ruang->index()
#1 D:\xampp\htdocs\InventarisPIKA\vendor\codeigniter4\framework\system\CodeIgniter.php(412): CodeIgniter\CodeIgniter->runController(Object(App\Controllers\Ruang))
#2 D:\xampp\htdocs\InventarisPIKA\vendor\codeigniter4\framework\system\CodeIgniter.php(320): CodeIgniter\CodeIgniter->handleRequest(NULL, Object(Config\Cache), false)
#3 D:\xampp\htdocs\InventarisPIKA\public\index.php(37): CodeIgniter\CodeIgniter->run()
#4 D:\xampp\htdocs\InventarisPIKA\vendor\codeigniter4\framework\system\Commands\Server\rewrite.php(43): require_once('D:\\xampp\\htdocs...')
#5 {main}
CRITICAL - 2022-03-08 22:23:00 --> Class "App\Controllers\RuangModel" not found
#0 D:\xampp\htdocs\InventarisPIKA\vendor\codeigniter4\framework\system\CodeIgniter.php(825): App\Controllers\Ruang->index()
#1 D:\xampp\htdocs\InventarisPIKA\vendor\codeigniter4\framework\system\CodeIgniter.php(412): CodeIgniter\CodeIgniter->runController(Object(App\Controllers\Ruang))
#2 D:\xampp\htdocs\InventarisPIKA\vendor\codeigniter4\framework\system\CodeIgniter.php(320): CodeIgniter\CodeIgniter->handleRequest(NULL, Object(Config\Cache), false)
#3 D:\xampp\htdocs\InventarisPIKA\public\index.php(37): CodeIgniter\CodeIgniter->run()
#4 D:\xampp\htdocs\InventarisPIKA\vendor\codeigniter4\framework\system\Commands\Server\rewrite.php(43): require_once('D:\\xampp\\htdocs...')
#5 {main}
CRITICAL - 2022-03-08 22:32:43 --> Undefined variable $user
#0 D:\xampp\htdocs\InventarisPIKA\app\Views\templates\ruang.php(85): CodeIgniter\Debug\Exceptions->errorHandler(2, 'Undefined varia...', 'D:\\xampp\\htdocs...', 85)
#1 D:\xampp\htdocs\InventarisPIKA\vendor\codeigniter4\framework\system\View\View.php(210): include('D:\\xampp\\htdocs...')
#2 D:\xampp\htdocs\InventarisPIKA\vendor\codeigniter4\framework\system\View\View.php(213): CodeIgniter\View\View->CodeIgniter\View\{closure}()
#3 D:\xampp\htdocs\InventarisPIKA\vendor\codeigniter4\framework\system\Common.php(1089): CodeIgniter\View\View->render('templates/ruang', Array, true)
#4 D:\xampp\htdocs\InventarisPIKA\app\Controllers\Ruang.php(13): view('templates/ruang', Array)
#5 D:\xampp\htdocs\InventarisPIKA\vendor\codeigniter4\framework\system\CodeIgniter.php(825): App\Controllers\Ruang->index()
#6 D:\xampp\htdocs\InventarisPIKA\vendor\codeigniter4\framework\system\CodeIgniter.php(412): CodeIgniter\CodeIgniter->runController(Object(App\Controllers\Ruang))
#7 D:\xampp\htdocs\InventarisPIKA\vendor\codeigniter4\framework\system\CodeIgniter.php(320): CodeIgniter\CodeIgniter->handleRequest(NULL, Object(Config\Cache), false)
#8 D:\xampp\htdocs\InventarisPIKA\public\index.php(37): CodeIgniter\CodeIgniter->run()
#9 D:\xampp\htdocs\InventarisPIKA\vendor\codeigniter4\framework\system\Commands\Server\rewrite.php(43): require_once('D:\\xampp\\htdocs...')
#10 {main}
CRITICAL - 2022-03-08 22:32:44 --> Undefined variable $user
#0 D:\xampp\htdocs\InventarisPIKA\app\Views\templates\ruang.php(85): CodeIgniter\Debug\Exceptions->errorHandler(2, 'Undefined varia...', 'D:\\xampp\\htdocs...', 85)
#1 D:\xampp\htdocs\InventarisPIKA\vendor\codeigniter4\framework\system\View\View.php(210): include('D:\\xampp\\htdocs...')
#2 D:\xampp\htdocs\InventarisPIKA\vendor\codeigniter4\framework\system\View\View.php(213): CodeIgniter\View\View->CodeIgniter\View\{closure}()
#3 D:\xampp\htdocs\InventarisPIKA\vendor\codeigniter4\framework\system\Common.php(1089): CodeIgniter\View\View->render('templates/ruang', Array, true)
#4 D:\xampp\htdocs\InventarisPIKA\app\Controllers\Ruang.php(13): view('templates/ruang', Array)
#5 D:\xampp\htdocs\InventarisPIKA\vendor\codeigniter4\framework\system\CodeIgniter.php(825): App\Controllers\Ruang->index()
#6 D:\xampp\htdocs\InventarisPIKA\vendor\codeigniter4\framework\system\CodeIgniter.php(412): CodeIgniter\CodeIgniter->runController(Object(App\Controllers\Ruang))
#7 D:\xampp\htdocs\InventarisPIKA\vendor\codeigniter4\framework\system\CodeIgniter.php(320): CodeIgniter\CodeIgniter->handleRequest(NULL, Object(Config\Cache), false)
#8 D:\xampp\htdocs\InventarisPIKA\public\index.php(37): CodeIgniter\CodeIgniter->run()
#9 D:\xampp\htdocs\InventarisPIKA\vendor\codeigniter4\framework\system\Commands\Server\rewrite.php(43): require_once('D:\\xampp\\htdocs...')
#10 {main}
CRITICAL - 2022-03-08 22:45:36 --> Undefined variable $barisruang
#0 D:\xampp\htdocs\InventarisPIKA\app\Views\templates\ruang.php(84): CodeIgniter\Debug\Exceptions->errorHandler(2, 'Undefined varia...', 'D:\\xampp\\htdocs...', 84)
#1 D:\xampp\htdocs\InventarisPIKA\vendor\codeigniter4\framework\system\View\View.php(210): include('D:\\xampp\\htdocs...')
#2 D:\xampp\htdocs\InventarisPIKA\vendor\codeigniter4\framework\system\View\View.php(213): CodeIgniter\View\View->CodeIgniter\View\{closure}()
#3 D:\xampp\htdocs\InventarisPIKA\vendor\codeigniter4\framework\system\Common.php(1089): CodeIgniter\View\View->render('templates/ruang', Array, true)
#4 D:\xampp\htdocs\InventarisPIKA\app\Controllers\Ruang.php(13): view('templates/ruang', Array)
#5 D:\xampp\htdocs\InventarisPIKA\vendor\codeigniter4\framework\system\CodeIgniter.php(825): App\Controllers\Ruang->index()
#6 D:\xampp\htdocs\InventarisPIKA\vendor\codeigniter4\framework\system\CodeIgniter.php(412): CodeIgniter\CodeIgniter->runController(Object(App\Controllers\Ruang))
#7 D:\xampp\htdocs\InventarisPIKA\vendor\codeigniter4\framework\system\CodeIgniter.php(320): CodeIgniter\CodeIgniter->handleRequest(NULL, Object(Config\Cache), false)
#8 D:\xampp\htdocs\InventarisPIKA\public\index.php(37): CodeIgniter\CodeIgniter->run()
#9 D:\xampp\htdocs\InventarisPIKA\vendor\codeigniter4\framework\system\Commands\Server\rewrite.php(43): require_once('D:\\xampp\\htdocs...')
#10 {main}
CRITICAL - 2022-03-08 22:46:00 --> Undefined variable $RuangModel
#0 D:\xampp\htdocs\InventarisPIKA\app\Controllers\Kategori.php(11): CodeIgniter\Debug\Exceptions->errorHandler(2, 'Undefined varia...', 'D:\\xampp\\htdocs...', 11)
#1 D:\xampp\htdocs\InventarisPIKA\vendor\codeigniter4\framework\system\CodeIgniter.php(825): App\Controllers\Kategori->index()
#2 D:\xampp\htdocs\InventarisPIKA\vendor\codeigniter4\framework\system\CodeIgniter.php(412): CodeIgniter\CodeIgniter->runController(Object(App\Controllers\Kategori))
#3 D:\xampp\htdocs\InventarisPIKA\vendor\codeigniter4\framework\system\CodeIgniter.php(320): CodeIgniter\CodeIgniter->handleRequest(NULL, Object(Config\Cache), false)
#4 D:\xampp\htdocs\InventarisPIKA\public\index.php(37): CodeIgniter\CodeIgniter->run()
#5 D:\xampp\htdocs\InventarisPIKA\vendor\codeigniter4\framework\system\Commands\Server\rewrite.php(43): require_once('D:\\xampp\\htdocs...')
#6 {main}
