ERROR - 2022-07-04 02:11:49 --> Column 'id_barang' in group statement is ambiguous
CRITICAL - 2022-07-04 02:11:49 --> Column 'id_barang' in group statement is ambiguous
#0 D:\xampp\InventarisPIKA\vendor\codeigniter4\framework\system\Database\MySQLi\Connection.php(292): mysqli->query('SELECT `nama_ba...', 0)
#1 D:\xampp\InventarisPIKA\vendor\codeigniter4\framework\system\Database\BaseConnection.php(670): CodeIgniter\Database\MySQLi\Connection->execute('SELECT `nama_ba...')
#2 D:\xampp\InventarisPIKA\vendor\codeigniter4\framework\system\Database\BaseConnection.php(598): CodeIgniter\Database\BaseConnection->simpleQuery('SELECT `nama_ba...')
#3 D:\xampp\InventarisPIKA\vendor\codeigniter4\framework\system\Database\BaseBuilder.php(1455): CodeIgniter\Database\BaseConnection->query('SELECT `nama_ba...', Array, false)
#4 D:\xampp\InventarisPIKA\app\Controllers\Home.php(15): CodeIgniter\Database\BaseBuilder->get(5)
#5 D:\xampp\InventarisPIKA\vendor\codeigniter4\framework\system\CodeIgniter.php(825): App\Controllers\Home->index()
#6 D:\xampp\InventarisPIKA\vendor\codeigniter4\framework\system\CodeIgniter.php(412): CodeIgniter\CodeIgniter->runController(Object(App\Controllers\Home))
#7 D:\xampp\InventarisPIKA\vendor\codeigniter4\framework\system\CodeIgniter.php(320): CodeIgniter\CodeIgniter->handleRequest(NULL, Object(Config\Cache), false)
#8 D:\xampp\InventarisPIKA\public\index.php(37): CodeIgniter\CodeIgniter->run()
#9 D:\xampp\InventarisPIKA\vendor\codeigniter4\framework\system\Commands\Server\rewrite.php(43): require_once('D:\\xampp\\Invent...')
#10 {main}
CRITICAL - 2022-07-04 04:14:54 --> Undefined variable: validation
#0 D:\xampp\InventarisPIKA\app\Views\templates\rekap-data-barang.php(77): CodeIgniter\Debug\Exceptions->errorHandler(8, 'Undefined varia...', 'D:\\xampp\\Invent...', 77, Array)
#1 D:\xampp\InventarisPIKA\vendor\codeigniter4\framework\system\View\View.php(210): include('D:\\xampp\\Invent...')
#2 D:\xampp\InventarisPIKA\vendor\codeigniter4\framework\system\View\View.php(213): CodeIgniter\View\View->CodeIgniter\View\{closure}()
#3 D:\xampp\InventarisPIKA\vendor\codeigniter4\framework\system\Common.php(1089): CodeIgniter\View\View->render('templates/rekap...', Array, true)
#4 D:\xampp\InventarisPIKA\app\Controllers\Rekap.php(15): view('templates/rekap...', Array)
#5 D:\xampp\InventarisPIKA\vendor\codeigniter4\framework\system\CodeIgniter.php(825): App\Controllers\Rekap->index()
#6 D:\xampp\InventarisPIKA\vendor\codeigniter4\framework\system\CodeIgniter.php(412): CodeIgniter\CodeIgniter->runController(Object(App\Controllers\Rekap))
#7 D:\xampp\InventarisPIKA\vendor\codeigniter4\framework\system\CodeIgniter.php(320): CodeIgniter\CodeIgniter->handleRequest(NULL, Object(Config\Cache), false)
#8 D:\xampp\InventarisPIKA\public\index.php(37): CodeIgniter\CodeIgniter->run()
#9 D:\xampp\InventarisPIKA\vendor\codeigniter4\framework\system\Commands\Server\rewrite.php(43): require_once('D:\\xampp\\Invent...')
#10 {main}
CRITICAL - 2022-07-04 04:15:51 --> Undefined variable: validation
#0 D:\xampp\InventarisPIKA\app\Views\templates\rekap-data-barang.php(77): CodeIgniter\Debug\Exceptions->errorHandler(8, 'Undefined varia...', 'D:\\xampp\\Invent...', 77, Array)
#1 D:\xampp\InventarisPIKA\vendor\codeigniter4\framework\system\View\View.php(210): include('D:\\xampp\\Invent...')
#2 D:\xampp\InventarisPIKA\vendor\codeigniter4\framework\system\View\View.php(213): CodeIgniter\View\View->CodeIgniter\View\{closure}()
#3 D:\xampp\InventarisPIKA\vendor\codeigniter4\framework\system\Common.php(1089): CodeIgniter\View\View->render('templates/rekap...', Array, true)
#4 D:\xampp\InventarisPIKA\app\Controllers\Rekap.php(16): view('templates/rekap...', Array)
#5 D:\xampp\InventarisPIKA\vendor\codeigniter4\framework\system\CodeIgniter.php(825): App\Controllers\Rekap->index()
#6 D:\xampp\InventarisPIKA\vendor\codeigniter4\framework\system\CodeIgniter.php(412): CodeIgniter\CodeIgniter->runController(Object(App\Controllers\Rekap))
#7 D:\xampp\InventarisPIKA\vendor\codeigniter4\framework\system\CodeIgniter.php(320): CodeIgniter\CodeIgniter->handleRequest(NULL, Object(Config\Cache), false)
#8 D:\xampp\InventarisPIKA\public\index.php(37): CodeIgniter\CodeIgniter->run()
#9 D:\xampp\InventarisPIKA\vendor\codeigniter4\framework\system\Commands\Server\rewrite.php(43): require_once('D:\\xampp\\Invent...')
#10 {main}
CRITICAL - 2022-07-04 04:15:55 --> Undefined variable: validation
#0 D:\xampp\InventarisPIKA\app\Views\templates\rekap-data-barang.php(77): CodeIgniter\Debug\Exceptions->errorHandler(8, 'Undefined varia...', 'D:\\xampp\\Invent...', 77, Array)
#1 D:\xampp\InventarisPIKA\vendor\codeigniter4\framework\system\View\View.php(210): include('D:\\xampp\\Invent...')
#2 D:\xampp\InventarisPIKA\vendor\codeigniter4\framework\system\View\View.php(213): CodeIgniter\View\View->CodeIgniter\View\{closure}()
#3 D:\xampp\InventarisPIKA\vendor\codeigniter4\framework\system\Common.php(1089): CodeIgniter\View\View->render('templates/rekap...', Array, true)
#4 D:\xampp\InventarisPIKA\app\Controllers\Rekap.php(16): view('templates/rekap...', Array)
#5 D:\xampp\InventarisPIKA\vendor\codeigniter4\framework\system\CodeIgniter.php(825): App\Controllers\Rekap->index()
#6 D:\xampp\InventarisPIKA\vendor\codeigniter4\framework\system\CodeIgniter.php(412): CodeIgniter\CodeIgniter->runController(Object(App\Controllers\Rekap))
#7 D:\xampp\InventarisPIKA\vendor\codeigniter4\framework\system\CodeIgniter.php(320): CodeIgniter\CodeIgniter->handleRequest(NULL, Object(Config\Cache), false)
#8 D:\xampp\InventarisPIKA\public\index.php(37): CodeIgniter\CodeIgniter->run()
#9 D:\xampp\InventarisPIKA\vendor\codeigniter4\framework\system\Commands\Server\rewrite.php(43): require_once('D:\\xampp\\Invent...')
#10 {main}
CRITICAL - 2022-07-04 04:18:14 --> Undefined variable: validation
#0 D:\xampp\InventarisPIKA\app\Views\templates\rekap-data-barang.php(1): CodeIgniter\Debug\Exceptions->errorHandler(8, 'Undefined varia...', 'D:\\xampp\\Invent...', 1, Array)
#1 D:\xampp\InventarisPIKA\vendor\codeigniter4\framework\system\View\View.php(210): include('D:\\xampp\\Invent...')
#2 D:\xampp\InventarisPIKA\vendor\codeigniter4\framework\system\View\View.php(213): CodeIgniter\View\View->CodeIgniter\View\{closure}()
#3 D:\xampp\InventarisPIKA\vendor\codeigniter4\framework\system\Common.php(1089): CodeIgniter\View\View->render('templates/rekap...', Array, true)
#4 D:\xampp\InventarisPIKA\app\Controllers\Rekap.php(16): view('templates/rekap...', Array)
#5 D:\xampp\InventarisPIKA\vendor\codeigniter4\framework\system\CodeIgniter.php(825): App\Controllers\Rekap->index()
#6 D:\xampp\InventarisPIKA\vendor\codeigniter4\framework\system\CodeIgniter.php(412): CodeIgniter\CodeIgniter->runController(Object(App\Controllers\Rekap))
#7 D:\xampp\InventarisPIKA\vendor\codeigniter4\framework\system\CodeIgniter.php(320): CodeIgniter\CodeIgniter->handleRequest(NULL, Object(Config\Cache), false)
#8 D:\xampp\InventarisPIKA\public\index.php(37): CodeIgniter\CodeIgniter->run()
#9 D:\xampp\InventarisPIKA\vendor\codeigniter4\framework\system\Commands\Server\rewrite.php(43): require_once('D:\\xampp\\Invent...')
#10 {main}
CRITICAL - 2022-07-04 04:19:23 --> Undefined variable: validation
#0 D:\xampp\InventarisPIKA\app\Views\templates\rekap-data-barang.php(1): CodeIgniter\Debug\Exceptions->errorHandler(8, 'Undefined varia...', 'D:\\xampp\\Invent...', 1, Array)
#1 D:\xampp\InventarisPIKA\vendor\codeigniter4\framework\system\View\View.php(210): include('D:\\xampp\\Invent...')
#2 D:\xampp\InventarisPIKA\vendor\codeigniter4\framework\system\View\View.php(213): CodeIgniter\View\View->CodeIgniter\View\{closure}()
#3 D:\xampp\InventarisPIKA\vendor\codeigniter4\framework\system\Common.php(1089): CodeIgniter\View\View->render('templates/rekap...', Array, true)
#4 D:\xampp\InventarisPIKA\app\Controllers\Rekap.php(16): view('templates/rekap...', Array)
#5 D:\xampp\InventarisPIKA\vendor\codeigniter4\framework\system\CodeIgniter.php(825): App\Controllers\Rekap->index()
#6 D:\xampp\InventarisPIKA\vendor\codeigniter4\framework\system\CodeIgniter.php(412): CodeIgniter\CodeIgniter->runController(Object(App\Controllers\Rekap))
#7 D:\xampp\InventarisPIKA\vendor\codeigniter4\framework\system\CodeIgniter.php(320): CodeIgniter\CodeIgniter->handleRequest(NULL, Object(Config\Cache), false)
#8 D:\xampp\InventarisPIKA\public\index.php(37): CodeIgniter\CodeIgniter->run()
#9 D:\xampp\InventarisPIKA\vendor\codeigniter4\framework\system\Commands\Server\rewrite.php(43): require_once('D:\\xampp\\Invent...')
#10 {main}
CRITICAL - 2022-07-04 04:21:42 --> Undefined variable: validation
#0 D:\xampp\InventarisPIKA\app\Views\templates\rekap-data-barang.php(1): CodeIgniter\Debug\Exceptions->errorHandler(8, 'Undefined varia...', 'D:\\xampp\\Invent...', 1, Array)
#1 D:\xampp\InventarisPIKA\vendor\codeigniter4\framework\system\View\View.php(210): include('D:\\xampp\\Invent...')
#2 D:\xampp\InventarisPIKA\vendor\codeigniter4\framework\system\View\View.php(213): CodeIgniter\View\View->CodeIgniter\View\{closure}()
#3 D:\xampp\InventarisPIKA\vendor\codeigniter4\framework\system\Common.php(1089): CodeIgniter\View\View->render('templates/rekap...', Array, true)
#4 D:\xampp\InventarisPIKA\app\Controllers\Rekap.php(16): view('templates/rekap...', Array)
#5 D:\xampp\InventarisPIKA\vendor\codeigniter4\framework\system\CodeIgniter.php(825): App\Controllers\Rekap->index()
#6 D:\xampp\InventarisPIKA\vendor\codeigniter4\framework\system\CodeIgniter.php(412): CodeIgniter\CodeIgniter->runController(Object(App\Controllers\Rekap))
#7 D:\xampp\InventarisPIKA\vendor\codeigniter4\framework\system\CodeIgniter.php(320): CodeIgniter\CodeIgniter->handleRequest(NULL, Object(Config\Cache), false)
#8 D:\xampp\InventarisPIKA\public\index.php(37): CodeIgniter\CodeIgniter->run()
#9 D:\xampp\InventarisPIKA\vendor\codeigniter4\framework\system\Commands\Server\rewrite.php(43): require_once('D:\\xampp\\Invent...')
#10 {main}
CRITICAL - 2022-07-04 04:21:46 --> Undefined variable: validation
#0 D:\xampp\InventarisPIKA\app\Views\templates\rekap-data-barang.php(1): CodeIgniter\Debug\Exceptions->errorHandler(8, 'Undefined varia...', 'D:\\xampp\\Invent...', 1, Array)
#1 D:\xampp\InventarisPIKA\vendor\codeigniter4\framework\system\View\View.php(210): include('D:\\xampp\\Invent...')
#2 D:\xampp\InventarisPIKA\vendor\codeigniter4\framework\system\View\View.php(213): CodeIgniter\View\View->CodeIgniter\View\{closure}()
#3 D:\xampp\InventarisPIKA\vendor\codeigniter4\framework\system\Common.php(1089): CodeIgniter\View\View->render('templates/rekap...', Array, true)
#4 D:\xampp\InventarisPIKA\app\Controllers\Rekap.php(16): view('templates/rekap...', Array)
#5 D:\xampp\InventarisPIKA\vendor\codeigniter4\framework\system\CodeIgniter.php(825): App\Controllers\Rekap->index()
#6 D:\xampp\InventarisPIKA\vendor\codeigniter4\framework\system\CodeIgniter.php(412): CodeIgniter\CodeIgniter->runController(Object(App\Controllers\Rekap))
#7 D:\xampp\InventarisPIKA\vendor\codeigniter4\framework\system\CodeIgniter.php(320): CodeIgniter\CodeIgniter->handleRequest(NULL, Object(Config\Cache), false)
#8 D:\xampp\InventarisPIKA\public\index.php(37): CodeIgniter\CodeIgniter->run()
#9 D:\xampp\InventarisPIKA\vendor\codeigniter4\framework\system\Commands\Server\rewrite.php(43): require_once('D:\\xampp\\Invent...')
#10 {main}
CRITICAL - 2022-07-04 04:24:16 --> Undefined variable: validation
#0 D:\xampp\InventarisPIKA\app\Views\templates\rekap-data-barang.php(1): CodeIgniter\Debug\Exceptions->errorHandler(8, 'Undefined varia...', 'D:\\xampp\\Invent...', 1, Array)
#1 D:\xampp\InventarisPIKA\vendor\codeigniter4\framework\system\View\View.php(210): include('D:\\xampp\\Invent...')
#2 D:\xampp\InventarisPIKA\vendor\codeigniter4\framework\system\View\View.php(213): CodeIgniter\View\View->CodeIgniter\View\{closure}()
#3 D:\xampp\InventarisPIKA\vendor\codeigniter4\framework\system\Common.php(1089): CodeIgniter\View\View->render('templates/rekap...', Array, true)
#4 D:\xampp\InventarisPIKA\app\Controllers\Rekap.php(16): view('templates/rekap...', Array)
#5 D:\xampp\InventarisPIKA\vendor\codeigniter4\framework\system\CodeIgniter.php(825): App\Controllers\Rekap->index()
#6 D:\xampp\InventarisPIKA\vendor\codeigniter4\framework\system\CodeIgniter.php(412): CodeIgniter\CodeIgniter->runController(Object(App\Controllers\Rekap))
#7 D:\xampp\InventarisPIKA\vendor\codeigniter4\framework\system\CodeIgniter.php(320): CodeIgniter\CodeIgniter->handleRequest(NULL, Object(Config\Cache), false)
#8 D:\xampp\InventarisPIKA\public\index.php(37): CodeIgniter\CodeIgniter->run()
#9 D:\xampp\InventarisPIKA\vendor\codeigniter4\framework\system\Commands\Server\rewrite.php(43): require_once('D:\\xampp\\Invent...')
#10 {main}
CRITICAL - 2022-07-04 04:24:29 --> Undefined variable: validation
#0 D:\xampp\InventarisPIKA\app\Views\templates\rekap-data-barang.php(1): CodeIgniter\Debug\Exceptions->errorHandler(8, 'Undefined varia...', 'D:\\xampp\\Invent...', 1, Array)
#1 D:\xampp\InventarisPIKA\vendor\codeigniter4\framework\system\View\View.php(210): include('D:\\xampp\\Invent...')
#2 D:\xampp\InventarisPIKA\vendor\codeigniter4\framework\system\View\View.php(213): CodeIgniter\View\View->CodeIgniter\View\{closure}()
#3 D:\xampp\InventarisPIKA\vendor\codeigniter4\framework\system\Common.php(1089): CodeIgniter\View\View->render('templates/rekap...', Array, true)
#4 D:\xampp\InventarisPIKA\app\Controllers\Rekap.php(16): view('templates/rekap...', Array)
#5 D:\xampp\InventarisPIKA\vendor\codeigniter4\framework\system\CodeIgniter.php(825): App\Controllers\Rekap->index()
#6 D:\xampp\InventarisPIKA\vendor\codeigniter4\framework\system\CodeIgniter.php(412): CodeIgniter\CodeIgniter->runController(Object(App\Controllers\Rekap))
#7 D:\xampp\InventarisPIKA\vendor\codeigniter4\framework\system\CodeIgniter.php(320): CodeIgniter\CodeIgniter->handleRequest(NULL, Object(Config\Cache), false)
#8 D:\xampp\InventarisPIKA\public\index.php(37): CodeIgniter\CodeIgniter->run()
#9 D:\xampp\InventarisPIKA\vendor\codeigniter4\framework\system\Commands\Server\rewrite.php(43): require_once('D:\\xampp\\Invent...')
#10 {main}
CRITICAL - 2022-07-04 04:27:52 --> Undefined variable: validation
#0 D:\xampp\InventarisPIKA\app\Views\templates\rekap-data-barang.php(77): CodeIgniter\Debug\Exceptions->errorHandler(8, 'Undefined varia...', 'D:\\xampp\\Invent...', 77, Array)
#1 D:\xampp\InventarisPIKA\vendor\codeigniter4\framework\system\View\View.php(210): include('D:\\xampp\\Invent...')
#2 D:\xampp\InventarisPIKA\vendor\codeigniter4\framework\system\View\View.php(213): CodeIgniter\View\View->CodeIgniter\View\{closure}()
#3 D:\xampp\InventarisPIKA\vendor\codeigniter4\framework\system\Common.php(1089): CodeIgniter\View\View->render('templates/rekap...', Array, true)
#4 D:\xampp\InventarisPIKA\app\Controllers\Rekap.php(103): view('templates/rekap...', Array)
#5 D:\xampp\InventarisPIKA\vendor\codeigniter4\framework\system\CodeIgniter.php(825): App\Controllers\Rekap->print()
#6 D:\xampp\InventarisPIKA\vendor\codeigniter4\framework\system\CodeIgniter.php(412): CodeIgniter\CodeIgniter->runController(Object(App\Controllers\Rekap))
#7 D:\xampp\InventarisPIKA\vendor\codeigniter4\framework\system\CodeIgniter.php(320): CodeIgniter\CodeIgniter->handleRequest(NULL, Object(Config\Cache), false)
#8 D:\xampp\InventarisPIKA\public\index.php(37): CodeIgniter\CodeIgniter->run()
#9 D:\xampp\InventarisPIKA\vendor\codeigniter4\framework\system\Commands\Server\rewrite.php(43): require_once('D:\\xampp\\Invent...')
#10 {main}
CRITICAL - 2022-07-04 04:41:35 --> greaterThan is not a valid rule.
#0 D:\xampp\InventarisPIKA\vendor\codeigniter4\framework\system\Validation\Validation.php(300): CodeIgniter\Validation\Exceptions\ValidationException::forRuleNotFound('greaterThan')
#1 D:\xampp\InventarisPIKA\vendor\codeigniter4\framework\system\Validation\Validation.php(157): CodeIgniter\Validation\Validation->processRules('tanggal-akhir', 'tanggal akhir', '2022-06-07', Array, Array)
#2 D:\xampp\InventarisPIKA\vendor\codeigniter4\framework\system\Controller.php(160): CodeIgniter\Validation\Validation->run()
#3 D:\xampp\InventarisPIKA\app\Controllers\Rekap.php(93): CodeIgniter\Controller->validate(Array)
#4 D:\xampp\InventarisPIKA\vendor\codeigniter4\framework\system\CodeIgniter.php(825): App\Controllers\Rekap->print()
#5 D:\xampp\InventarisPIKA\vendor\codeigniter4\framework\system\CodeIgniter.php(412): CodeIgniter\CodeIgniter->runController(Object(App\Controllers\Rekap))
#6 D:\xampp\InventarisPIKA\vendor\codeigniter4\framework\system\CodeIgniter.php(320): CodeIgniter\CodeIgniter->handleRequest(NULL, Object(Config\Cache), false)
#7 D:\xampp\InventarisPIKA\public\index.php(37): CodeIgniter\CodeIgniter->run()
#8 D:\xampp\InventarisPIKA\vendor\codeigniter4\framework\system\Commands\Server\rewrite.php(43): require_once('D:\\xampp\\Invent...')
#9 {main}
CRITICAL - 2022-07-04 05:00:59 --> Undefined variable: tanggalAkhirError
#0 D:\xampp\InventarisPIKA\app\Views\templates\rekap-data-barang.php(1): CodeIgniter\Debug\Exceptions->errorHandler(8, 'Undefined varia...', 'D:\\xampp\\Invent...', 1, Array)
#1 D:\xampp\InventarisPIKA\vendor\codeigniter4\framework\system\View\View.php(210): include('D:\\xampp\\Invent...')
#2 D:\xampp\InventarisPIKA\vendor\codeigniter4\framework\system\View\View.php(213): CodeIgniter\View\View->CodeIgniter\View\{closure}()
#3 D:\xampp\InventarisPIKA\vendor\codeigniter4\framework\system\Common.php(1089): CodeIgniter\View\View->render('templates/rekap...', Array, true)
#4 D:\xampp\InventarisPIKA\app\Controllers\Rekap.php(15): view('templates/rekap...', Array)
#5 D:\xampp\InventarisPIKA\vendor\codeigniter4\framework\system\CodeIgniter.php(825): App\Controllers\Rekap->index()
#6 D:\xampp\InventarisPIKA\vendor\codeigniter4\framework\system\CodeIgniter.php(412): CodeIgniter\CodeIgniter->runController(Object(App\Controllers\Rekap))
#7 D:\xampp\InventarisPIKA\vendor\codeigniter4\framework\system\CodeIgniter.php(320): CodeIgniter\CodeIgniter->handleRequest(NULL, Object(Config\Cache), false)
#8 D:\xampp\InventarisPIKA\public\index.php(37): CodeIgniter\CodeIgniter->run()
#9 D:\xampp\InventarisPIKA\vendor\codeigniter4\framework\system\Commands\Server\rewrite.php(43): require_once('D:\\xampp\\Invent...')
#10 {main}
CRITICAL - 2022-07-04 05:00:59 --> Undefined variable: tanggalAkhirError
#0 D:\xampp\InventarisPIKA\app\Views\templates\rekap-data-barang.php(1): CodeIgniter\Debug\Exceptions->errorHandler(8, 'Undefined varia...', 'D:\\xampp\\Invent...', 1, Array)
#1 D:\xampp\InventarisPIKA\vendor\codeigniter4\framework\system\View\View.php(210): include('D:\\xampp\\Invent...')
#2 D:\xampp\InventarisPIKA\vendor\codeigniter4\framework\system\View\View.php(213): CodeIgniter\View\View->CodeIgniter\View\{closure}()
#3 D:\xampp\InventarisPIKA\vendor\codeigniter4\framework\system\Common.php(1089): CodeIgniter\View\View->render('templates/rekap...', Array, true)
#4 D:\xampp\InventarisPIKA\app\Controllers\Rekap.php(15): view('templates/rekap...', Array)
#5 D:\xampp\InventarisPIKA\vendor\codeigniter4\framework\system\CodeIgniter.php(825): App\Controllers\Rekap->index()
#6 D:\xampp\InventarisPIKA\vendor\codeigniter4\framework\system\CodeIgniter.php(412): CodeIgniter\CodeIgniter->runController(Object(App\Controllers\Rekap))
#7 D:\xampp\InventarisPIKA\vendor\codeigniter4\framework\system\CodeIgniter.php(320): CodeIgniter\CodeIgniter->handleRequest(NULL, Object(Config\Cache), false)
#8 D:\xampp\InventarisPIKA\public\index.php(37): CodeIgniter\CodeIgniter->run()
#9 D:\xampp\InventarisPIKA\vendor\codeigniter4\framework\system\Commands\Server\rewrite.php(43): require_once('D:\\xampp\\Invent...')
#10 {main}
CRITICAL - 2022-07-04 05:10:39 --> Undefined variable: tanggalAkhirError
#0 D:\xampp\InventarisPIKA\app\Views\templates\rekap-data-barang.php(86): CodeIgniter\Debug\Exceptions->errorHandler(8, 'Undefined varia...', 'D:\\xampp\\Invent...', 86, Array)
#1 D:\xampp\InventarisPIKA\vendor\codeigniter4\framework\system\View\View.php(210): include('D:\\xampp\\Invent...')
#2 D:\xampp\InventarisPIKA\vendor\codeigniter4\framework\system\View\View.php(213): CodeIgniter\View\View->CodeIgniter\View\{closure}()
#3 D:\xampp\InventarisPIKA\vendor\codeigniter4\framework\system\Common.php(1089): CodeIgniter\View\View->render('templates/rekap...', Array, true)
#4 D:\xampp\InventarisPIKA\app\Controllers\Rekap.php(15): view('templates/rekap...', Array)
#5 D:\xampp\InventarisPIKA\vendor\codeigniter4\framework\system\CodeIgniter.php(825): App\Controllers\Rekap->index()
#6 D:\xampp\InventarisPIKA\vendor\codeigniter4\framework\system\CodeIgniter.php(412): CodeIgniter\CodeIgniter->runController(Object(App\Controllers\Rekap))
#7 D:\xampp\InventarisPIKA\vendor\codeigniter4\framework\system\CodeIgniter.php(320): CodeIgniter\CodeIgniter->handleRequest(NULL, Object(Config\Cache), false)
#8 D:\xampp\InventarisPIKA\public\index.php(37): CodeIgniter\CodeIgniter->run()
#9 D:\xampp\InventarisPIKA\vendor\codeigniter4\framework\system\Commands\Server\rewrite.php(43): require_once('D:\\xampp\\Invent...')
#10 {main}
CRITICAL - 2022-07-04 05:15:57 --> syntax error, unexpected '$q' (T_VARIABLE)
#0 D:\xampp\InventarisPIKA\vendor\codeigniter4\framework\system\Autoloader\Autoloader.php(241): CodeIgniter\Autoloader\Autoloader->includeFile('D:\\xampp\\Invent...')
#1 D:\xampp\InventarisPIKA\vendor\codeigniter4\framework\system\Autoloader\Autoloader.php(219): CodeIgniter\Autoloader\Autoloader->loadInNamespace('App\\Controllers...')
#2 [internal function]: CodeIgniter\Autoloader\Autoloader->loadClass('App\\Controllers...')
#3 [internal function]: spl_autoload_call('App\\Controllers...')
#4 D:\xampp\InventarisPIKA\vendor\codeigniter4\framework\system\CodeIgniter.php(790): class_exists('\\App\\Controller...', true)
#5 D:\xampp\InventarisPIKA\vendor\codeigniter4\framework\system\CodeIgniter.php(399): CodeIgniter\CodeIgniter->startController()
#6 D:\xampp\InventarisPIKA\vendor\codeigniter4\framework\system\CodeIgniter.php(320): CodeIgniter\CodeIgniter->handleRequest(NULL, Object(Config\Cache), false)
#7 D:\xampp\InventarisPIKA\public\index.php(37): CodeIgniter\CodeIgniter->run()
#8 D:\xampp\InventarisPIKA\vendor\codeigniter4\framework\system\Commands\Server\rewrite.php(43): require_once('D:\\xampp\\Invent...')
#9 {main}
CRITICAL - 2022-07-04 05:16:05 --> syntax error, unexpected '$q' (T_VARIABLE)
#0 D:\xampp\InventarisPIKA\vendor\codeigniter4\framework\system\Autoloader\Autoloader.php(241): CodeIgniter\Autoloader\Autoloader->includeFile('D:\\xampp\\Invent...')
#1 D:\xampp\InventarisPIKA\vendor\codeigniter4\framework\system\Autoloader\Autoloader.php(219): CodeIgniter\Autoloader\Autoloader->loadInNamespace('App\\Controllers...')
#2 [internal function]: CodeIgniter\Autoloader\Autoloader->loadClass('App\\Controllers...')
#3 [internal function]: spl_autoload_call('App\\Controllers...')
#4 D:\xampp\InventarisPIKA\vendor\codeigniter4\framework\system\CodeIgniter.php(790): class_exists('\\App\\Controller...', true)
#5 D:\xampp\InventarisPIKA\vendor\codeigniter4\framework\system\CodeIgniter.php(399): CodeIgniter\CodeIgniter->startController()
#6 D:\xampp\InventarisPIKA\vendor\codeigniter4\framework\system\CodeIgniter.php(320): CodeIgniter\CodeIgniter->handleRequest(NULL, Object(Config\Cache), false)
#7 D:\xampp\InventarisPIKA\public\index.php(37): CodeIgniter\CodeIgniter->run()
#8 D:\xampp\InventarisPIKA\vendor\codeigniter4\framework\system\Commands\Server\rewrite.php(43): require_once('D:\\xampp\\Invent...')
#9 {main}
CRITICAL - 2022-07-04 05:17:00 --> Undefined variable: tanggalAwal
#0 D:\xampp\InventarisPIKA\app\Controllers\Rekap.php(125): CodeIgniter\Debug\Exceptions->errorHandler(8, 'Undefined varia...', 'D:\\xampp\\Invent...', 125, Array)
#1 D:\xampp\InventarisPIKA\vendor\codeigniter4\framework\system\CodeIgniter.php(825): App\Controllers\Rekap->print()
#2 D:\xampp\InventarisPIKA\vendor\codeigniter4\framework\system\CodeIgniter.php(412): CodeIgniter\CodeIgniter->runController(Object(App\Controllers\Rekap))
#3 D:\xampp\InventarisPIKA\vendor\codeigniter4\framework\system\CodeIgniter.php(320): CodeIgniter\CodeIgniter->handleRequest(NULL, Object(Config\Cache), false)
#4 D:\xampp\InventarisPIKA\public\index.php(37): CodeIgniter\CodeIgniter->run()
#5 D:\xampp\InventarisPIKA\vendor\codeigniter4\framework\system\Commands\Server\rewrite.php(43): require_once('D:\\xampp\\Invent...')
#6 {main}
